[0.004s] Invoking command in '/home/hyvonne/labpro/ego_planner/build/map_generator': CMAKE_PREFIX_PATH=/opt/ros/humble /usr/bin/cmake /home/hyvonne/labpro/ego_planner/src/uav_simulator/map_generator -DAMENT_CMAKE_SYMLINK_INSTALL=1 -DCMAKE_INSTALL_PREFIX=/home/hyvonne/labpro/ego_planner/install/map_generator
[0.049s] -- The C compiler identification is GNU 11.4.0
[0.088s] -- The CXX compiler identification is GNU 11.4.0
[0.093s] -- Detecting C compiler ABI info
[0.152s] -- Detecting C compiler ABI info - done
[0.158s] -- Check for working C compiler: /usr/bin/cc - skipped
[0.158s] -- Detecting C compile features
[0.158s] -- Detecting C compile features - done
[0.160s] -- Detecting CXX compiler ABI info
[0.228s] -- Detecting CXX compiler ABI info - done
[0.234s] -- Check for working CXX compiler: /usr/bin/c++ - skipped
[0.234s] -- Detecting CXX compile features
[0.234s] -- Detecting CXX compile features - done
[0.236s] -- Found ament_cmake: 1.3.14 (/opt/ros/humble/share/ament_cmake/cmake)
[0.357s] -- Found Python3: /usr/bin/python3 (found version "3.10.12") found components: Interpreter 
[0.403s] -- Override CMake install command with custom implementation using symlinks instead of copying resources
[0.419s] -- Found rclcpp: 16.0.19 (/opt/ros/humble/share/rclcpp/cmake)
[0.451s] -- Found rosidl_generator_c: 3.1.8 (/opt/ros/humble/share/rosidl_generator_c/cmake)
[0.454s] -- Found rosidl_adapter: 3.1.8 (/opt/ros/humble/share/rosidl_adapter/cmake)
[0.459s] -- Found rosidl_generator_cpp: 3.1.8 (/opt/ros/humble/share/rosidl_generator_cpp/cmake)
[0.467s] -- Using all available rosidl_typesupport_c: rosidl_typesupport_fastrtps_c;rosidl_typesupport_introspection_c
[0.476s] -- Using all available rosidl_typesupport_cpp: rosidl_typesupport_fastrtps_cpp;rosidl_typesupport_introspection_cpp
[0.502s] -- Found rmw_implementation_cmake: 6.1.2 (/opt/ros/humble/share/rmw_implementation_cmake/cmake)
[0.503s] -- Found rmw_cyclonedds_cpp: 1.3.4 (/opt/ros/humble/share/rmw_cyclonedds_cpp/cmake)
[0.517s] -- Using RMW implementation 'rmw_cyclonedds_cpp' as default
[0.521s] -- Looking for pthread.h
[0.584s] -- Looking for pthread.h - found
[0.584s] -- Performing Test CMAKE_HAVE_LIBC_PTHREAD
[0.649s] -- Performing Test CMAKE_HAVE_LIBC_PTHREAD - Success
[0.650s] -- Found Threads: TRUE  
[0.684s] -- Found rclpy: 3.3.21 (/opt/ros/humble/share/rclpy/cmake)
[0.685s] -- Found geometry_msgs: 4.9.1 (/opt/ros/humble/share/geometry_msgs/cmake)
[0.704s] -- Checking for module 'eigen3'
[0.715s] --   Found eigen3, version 3.4.0
[0.743s] -- Found Eigen: /usr/include/eigen3 (Required is at least version "3.1") 
[0.744s] -- Eigen found (include: /usr/include/eigen3, version: 3.4.0)
[0.759s] -- Found Boost: /usr/lib/x86_64-linux-gnu/cmake/Boost-1.74.0/BoostConfig.cmake (found suitable version "1.74.0", minimum required is "1.65.0") found components: system filesystem date_time iostreams serialization 
[0.771s] -- Checking for module 'flann'
[0.782s] --   Found flann, version 1.9.1
[0.818s] -- Found FLANN: /usr/lib/x86_64-linux-gnu/libflann_cpp.so  
[0.818s] -- FLANN found (include: /usr/include, lib: /usr/lib/x86_64-linux-gnu/libflann_cpp.so)
[0.847s] -- Found GLEW: /usr/lib/x86_64-linux-gnu/libGLEW.so  
[0.851s] -- Found OpenGL: /usr/lib/x86_64-linux-gnu/libOpenGL.so  found components: OpenGL GLX 
[0.961s] -- Found MPI_C: /usr/lib/x86_64-linux-gnu/libmpi.so (found version "3.1") 
[0.961s] -- Found MPI: TRUE (found version "3.1") found components: C 
[0.962s] -- Found JsonCpp: /usr/lib/x86_64-linux-gnu/libjsoncpp.so (found suitable version "1.9.5", minimum required is "0.7.0") 
[0.968s] -- Found ZLIB: /usr/lib/x86_64-linux-gnu/libz.so (found version "1.2.11") 
[0.979s] -- Found PNG: /usr/lib/x86_64-linux-gnu/libpng.so (found version "1.6.37") 
[0.987s] -- Found Eigen3: /usr/include/eigen3 (found version "3.4.0") 
[1.052s] -- Found X11: /usr/include   
[1.053s] -- Looking for XOpenDisplay in /usr/lib/x86_64-linux-gnu/libX11.so;/usr/lib/x86_64-linux-gnu/libXext.so
[1.111s] -- Looking for XOpenDisplay in /usr/lib/x86_64-linux-gnu/libX11.so;/usr/lib/x86_64-linux-gnu/libXext.so - found
[1.112s] -- Looking for gethostbyname
[1.168s] -- Looking for gethostbyname - found
[1.168s] -- Looking for connect
[1.226s] -- Looking for connect - found
[1.226s] -- Looking for remove
[1.280s] -- Looking for remove - found
[1.280s] -- Looking for shmat
[1.336s] -- Looking for shmat - found
[1.337s] -- Looking for IceConnectionNumber in ICE
[1.393s] -- Looking for IceConnectionNumber in ICE - found
[1.455s] -- Found EXPAT: /usr/lib/x86_64-linux-gnu/libexpat.so (found version "2.4.7") 
[1.456s] -- Found double-conversion: /usr/lib/x86_64-linux-gnu/libdouble-conversion.so  
[1.458s] -- Found LZ4: /usr/lib/x86_64-linux-gnu/liblz4.so (found version "1.9.3") 
[1.459s] -- Found LZMA: /usr/lib/x86_64-linux-gnu/liblzma.so (found version "5.2.5") 
[1.467s] -- Found JPEG: /usr/lib/x86_64-linux-gnu/libjpeg.so (found version "80") 
[1.471s] -- Found TIFF: /usr/lib/x86_64-linux-gnu/libtiff.so (found version "4.3.0")  
[1.473s] -- Found Freetype: /usr/lib/x86_64-linux-gnu/libfreetype.so (found version "2.11.1") 
[1.477s] -- Found utf8cpp: /usr/include/utf8cpp  
[1.538s] -- Checking for module 'libusb-1.0'
[1.550s] --   Found libusb-1.0, version 1.0.25
[1.578s] -- Found libusb: /usr/lib/x86_64-linux-gnu/libusb-1.0.so  
[1.579s] -- Found OpenNI: /usr/lib/libOpenNI.so;libusb::libusb (found version "1.5.4.0") 
[1.579s] -- OpenNI found (version: 1.5.4.0, include: /usr/include/ni, lib: /usr/lib/libOpenNI.so;libusb::libusb)
[1.622s] -- Found OpenNI2: /usr/lib/x86_64-linux-gnu/libOpenNI2.so;libusb::libusb (found version "2.2.0.33") 
[1.622s] -- OpenNI2 found (version: 2.2.0.33, include: /usr/include/openni2, lib: /usr/lib/x86_64-linux-gnu/libOpenNI2.so;libusb::libusb)
[1.623s] [0m** WARNING ** io features related to pcap will be disabled[0m
[1.729s] -- Eigen found (include: /usr/include/eigen3, version: 3.4.0)
[1.735s] -- OpenNI found (version: 1.5.4.0, include: /usr/include/ni, lib: /usr/lib/libOpenNI.so;libusb::libusb)
[1.740s] -- OpenNI2 found (version: 2.2.0.33, include: /usr/include/openni2, lib: /usr/lib/x86_64-linux-gnu/libOpenNI2.so;libusb::libusb)
[1.853s] -- Found Qhull version 8.0.2
[1.960s] -- OpenNI found (version: 1.5.4.0, include: /usr/include/ni, lib: /usr/lib/libOpenNI.so;libusb::libusb)
[2.058s] -- looking for PCL_COMMON
[2.059s] -- Found PCL_COMMON: /usr/lib/x86_64-linux-gnu/libpcl_common.so  
[2.059s] -- looking for PCL_KDTREE
[2.059s] -- Found PCL_KDTREE: /usr/lib/x86_64-linux-gnu/libpcl_kdtree.so  
[2.060s] -- looking for PCL_OCTREE
[2.060s] -- Found PCL_OCTREE: /usr/lib/x86_64-linux-gnu/libpcl_octree.so  
[2.060s] -- looking for PCL_SEARCH
[2.060s] -- Found PCL_SEARCH: /usr/lib/x86_64-linux-gnu/libpcl_search.so  
[2.061s] -- looking for PCL_SAMPLE_CONSENSUS
[2.061s] -- Found PCL_SAMPLE_CONSENSUS: /usr/lib/x86_64-linux-gnu/libpcl_sample_consensus.so  
[2.061s] -- looking for PCL_FILTERS
[2.062s] -- Found PCL_FILTERS: /usr/lib/x86_64-linux-gnu/libpcl_filters.so  
[2.062s] -- looking for PCL_2D
[2.062s] -- Found PCL_2D: /usr/include/pcl-1.12  
[2.062s] -- looking for PCL_GEOMETRY
[2.062s] -- Found PCL_GEOMETRY: /usr/include/pcl-1.12  
[2.062s] -- looking for PCL_IO
[2.063s] -- Found PCL_IO: /usr/lib/x86_64-linux-gnu/libpcl_io.so  
[2.063s] -- looking for PCL_FEATURES
[2.063s] -- Found PCL_FEATURES: /usr/lib/x86_64-linux-gnu/libpcl_features.so  
[2.063s] -- looking for PCL_ML
[2.064s] -- Found PCL_ML: /usr/lib/x86_64-linux-gnu/libpcl_ml.so  
[2.064s] -- looking for PCL_SEGMENTATION
[2.065s] -- Found PCL_SEGMENTATION: /usr/lib/x86_64-linux-gnu/libpcl_segmentation.so  
[2.065s] -- looking for PCL_VISUALIZATION
[2.065s] -- Found PCL_VISUALIZATION: /usr/lib/x86_64-linux-gnu/libpcl_visualization.so  
[2.065s] -- looking for PCL_SURFACE
[2.066s] -- Found PCL_SURFACE: /usr/lib/x86_64-linux-gnu/libpcl_surface.so  
[2.066s] -- looking for PCL_REGISTRATION
[2.066s] -- Found PCL_REGISTRATION: /usr/lib/x86_64-linux-gnu/libpcl_registration.so  
[2.067s] -- looking for PCL_KEYPOINTS
[2.067s] -- Found PCL_KEYPOINTS: /usr/lib/x86_64-linux-gnu/libpcl_keypoints.so  
[2.067s] -- looking for PCL_TRACKING
[2.068s] -- Found PCL_TRACKING: /usr/lib/x86_64-linux-gnu/libpcl_tracking.so  
[2.068s] -- looking for PCL_RECOGNITION
[2.068s] -- Found PCL_RECOGNITION: /usr/lib/x86_64-linux-gnu/libpcl_recognition.so  
[2.068s] -- looking for PCL_STEREO
[2.069s] -- Found PCL_STEREO: /usr/lib/x86_64-linux-gnu/libpcl_stereo.so  
[2.069s] -- looking for PCL_APPS
[2.070s] -- Found PCL_APPS: /usr/lib/x86_64-linux-gnu/libpcl_apps.so  
[2.070s] -- looking for PCL_IN_HAND_SCANNER
[2.070s] -- Found PCL_IN_HAND_SCANNER: /usr/include/pcl-1.12  
[2.070s] -- looking for PCL_MODELER
[2.070s] -- Found PCL_MODELER: /usr/include/pcl-1.12  
[2.070s] -- looking for PCL_POINT_CLOUD_EDITOR
[2.071s] -- Found PCL_POINT_CLOUD_EDITOR: /usr/include/pcl-1.12  
[2.071s] -- looking for PCL_OUTOFCORE
[2.071s] -- Found PCL_OUTOFCORE: /usr/lib/x86_64-linux-gnu/libpcl_outofcore.so  
[2.071s] -- looking for PCL_PEOPLE
[2.072s] -- Found PCL_PEOPLE: /usr/lib/x86_64-linux-gnu/libpcl_people.so  
[2.073s] -- Found PCL: pcl_common;pcl_kdtree;pcl_octree;pcl_search;pcl_sample_consensus;pcl_filters;pcl_io;pcl_features;pcl_ml;pcl_segmentation;pcl_visualization;pcl_surface;pcl_registration;pcl_keypoints;pcl_tracking;pcl_recognition;pcl_stereo;pcl_apps;pcl_outofcore;pcl_people;Boost::system;Boost::filesystem;Boost::date_time;Boost::iostreams;Boost::serialization;/usr/lib/libOpenNI.so;libusb::libusb;/usr/lib/x86_64-linux-gnu/libOpenNI2.so;libusb::libusb;VTK::ChartsCore;VTK::CommonColor;VTK::CommonComputationalGeometry;VTK::CommonCore;VTK::CommonDataModel;VTK::CommonExecutionModel;VTK::CommonMath;VTK::CommonMisc;VTK::CommonTransforms;VTK::FiltersCore;VTK::FiltersExtraction;VTK::FiltersGeneral;VTK::FiltersGeometry;VTK::FiltersModeling;VTK::FiltersSources;VTK::ImagingCore;VTK::ImagingSources;VTK::InteractionImage;VTK::InteractionStyle;VTK::InteractionWidgets;VTK::IOCore;VTK::IOGeometry;VTK::IOImage;VTK::IOLegacy;VTK::IOPLY;VTK::RenderingAnnotation;VTK::RenderingCore;VTK::RenderingContext2D;VTK::RenderingLOD;VTK::RenderingFreeType;VTK::ViewsCore;VTK::ViewsContext2D;VTK::RenderingOpenGL2;VTK::GUISupportQt;FLANN::FLANN;QHULL::QHULL  
[2.073s] -- Found pcl_conversions: 2.4.5 (/opt/ros/humble/share/pcl_conversions/cmake)
[2.104s] -- Found nav_msgs: 4.9.1 (/opt/ros/humble/share/nav_msgs/cmake)
[2.119s] -- Found ament_lint_auto: 0.12.15 (/opt/ros/humble/share/ament_lint_auto/cmake)
[2.178s] -- Added test 'cppcheck' to perform static code analysis on C / C++ code
[2.178s] -- Configured cppcheck include dirs: 
[2.178s] -- Configured cppcheck exclude dirs and/or files: 
[2.179s] -- Added test 'lint_cmake' to check CMake code style
[2.179s] -- Added test 'uncrustify' to check C / C++ code style
[2.179s] -- Configured uncrustify additional arguments: 
[2.179s] -- Added test 'xmllint' to check XML markup files
[2.180s] -- Configuring done
[2.199s] -- Generating done
[2.205s] -- Build files have been written to: /home/hyvonne/labpro/ego_planner/build/map_generator
[2.217s] Invoked command in '/home/hyvonne/labpro/ego_planner/build/map_generator' returned '0': CMAKE_PREFIX_PATH=/opt/ros/humble /usr/bin/cmake /home/hyvonne/labpro/ego_planner/src/uav_simulator/map_generator -DAMENT_CMAKE_SYMLINK_INSTALL=1 -DCMAKE_INSTALL_PREFIX=/home/hyvonne/labpro/ego_planner/install/map_generator
[2.217s] Invoking command in '/home/hyvonne/labpro/ego_planner/build/map_generator': CMAKE_PREFIX_PATH=/opt/ros/humble /usr/bin/cmake --build /home/hyvonne/labpro/ego_planner/build/map_generator -- -j20 -l20
[2.257s] [ 50%] [32mBuilding CXX object CMakeFiles/random_forest.dir/src/random_forest_sensing.cpp.o[0m
[16.599s] [100%] [32m[1mLinking CXX executable random_forest[0m
[17.009s] [100%] Built target random_forest
[17.019s] Invoked command in '/home/hyvonne/labpro/ego_planner/build/map_generator' returned '0': CMAKE_PREFIX_PATH=/opt/ros/humble /usr/bin/cmake --build /home/hyvonne/labpro/ego_planner/build/map_generator -- -j20 -l20
[17.020s] Invoking command in '/home/hyvonne/labpro/ego_planner/build/map_generator': CMAKE_PREFIX_PATH=/opt/ros/humble /usr/bin/cmake --install /home/hyvonne/labpro/ego_planner/build/map_generator
[17.025s] -- Install configuration: "Release"
[17.026s] -- Execute custom install script
[17.026s] -- Symlinking: /home/hyvonne/labpro/ego_planner/install/map_generator/lib/map_generator/random_forest
[17.033s] -- Symlinking: /home/hyvonne/labpro/ego_planner/install/map_generator/share/ament_index/resource_index/package_run_dependencies/map_generator
[17.040s] -- Symlinking: /home/hyvonne/labpro/ego_planner/install/map_generator/share/ament_index/resource_index/parent_prefix_path/map_generator
[17.046s] -- Symlinking: /home/hyvonne/labpro/ego_planner/install/map_generator/share/map_generator/environment/ament_prefix_path.sh
[17.054s] -- Symlinking: /home/hyvonne/labpro/ego_planner/install/map_generator/share/map_generator/environment/ament_prefix_path.dsv
[17.060s] -- Symlinking: /home/hyvonne/labpro/ego_planner/install/map_generator/share/map_generator/environment/path.sh
[17.065s] -- Symlinking: /home/hyvonne/labpro/ego_planner/install/map_generator/share/map_generator/environment/path.dsv
[17.071s] -- Symlinking: /home/hyvonne/labpro/ego_planner/install/map_generator/share/map_generator/local_setup.bash
[17.077s] -- Symlinking: /home/hyvonne/labpro/ego_planner/install/map_generator/share/map_generator/local_setup.sh
[17.084s] -- Symlinking: /home/hyvonne/labpro/ego_planner/install/map_generator/share/map_generator/local_setup.zsh
[17.090s] -- Symlinking: /home/hyvonne/labpro/ego_planner/install/map_generator/share/map_generator/local_setup.dsv
[17.097s] -- Symlinking: /home/hyvonne/labpro/ego_planner/install/map_generator/share/map_generator/package.dsv
[17.103s] -- Symlinking: /home/hyvonne/labpro/ego_planner/install/map_generator/share/ament_index/resource_index/packages/map_generator
[17.108s] -- Symlinking: /home/hyvonne/labpro/ego_planner/install/map_generator/share/map_generator/cmake/map_generatorConfig.cmake
[17.116s] -- Symlinking: /home/hyvonne/labpro/ego_planner/install/map_generator/share/map_generator/cmake/map_generatorConfig-version.cmake
[17.121s] -- Symlinking: /home/hyvonne/labpro/ego_planner/install/map_generator/share/map_generator/package.xml
[17.128s] Invoked command in '/home/hyvonne/labpro/ego_planner/build/map_generator' returned '0': CMAKE_PREFIX_PATH=/opt/ros/humble /usr/bin/cmake --install /home/hyvonne/labpro/ego_planner/build/map_generator
