[0.006s] Invoking command in '/home/hyvonne/labpro/ego_planner/build/poscmd_2_odom': AMENT_PREFIX_PATH=/home/hyvonne/labpro/ego_planner/install/quadrotor_msgs:${AMENT_PREFIX_PATH} CMAKE_PREFIX_PATH=/home/hyvonne/labpro/ego_planner/install/quadrotor_msgs:/opt/ros/humble LD_LIBRARY_PATH=/home/hyvonne/labpro/ego_planner/install/quadrotor_msgs/lib:${LD_LIBRARY_PATH} PYTHONPATH=/home/hyvonne/labpro/ego_planner/install/quadrotor_msgs/local/lib/python3.10/dist-packages:${PYTHONPATH} /usr/bin/cmake /home/hyvonne/labpro/ego_planner/src/uav_simulator/fake_drone -DAMENT_CMAKE_SYMLINK_INSTALL=1 -DCMAKE_INSTALL_PREFIX=/home/hyvonne/labpro/ego_planner/install/poscmd_2_odom
[0.054s] -- The C compiler identification is GNU 11.4.0
[0.097s] -- The CXX compiler identification is GNU 11.4.0
[0.103s] -- Detecting C compiler ABI info
[0.157s] -- Detecting C compiler ABI info - done
[0.162s] -- Check for working C compiler: /usr/bin/cc - skipped
[0.162s] -- Detecting C compile features
[0.162s] -- Detecting C compile features - done
[0.165s] -- Detecting CXX compiler ABI info
[0.226s] -- Detecting CXX compiler ABI info - done
[0.231s] -- Check for working CXX compiler: /usr/bin/c++ - skipped
[0.231s] -- Detecting CXX compile features
[0.231s] -- Detecting CXX compile features - done
[0.233s] -- Found ament_cmake: 1.3.14 (/opt/ros/humble/share/ament_cmake/cmake)
[0.342s] -- Found Python3: /usr/bin/python3 (found version "3.10.12") found components: Interpreter 
[0.395s] -- Override CMake install command with custom implementation using symlinks instead of copying resources
[0.412s] -- Found rclcpp: 16.0.19 (/opt/ros/humble/share/rclcpp/cmake)
[0.442s] -- Found rosidl_generator_c: 3.1.8 (/opt/ros/humble/share/rosidl_generator_c/cmake)
[0.445s] -- Found rosidl_adapter: 3.1.8 (/opt/ros/humble/share/rosidl_adapter/cmake)
[0.450s] -- Found rosidl_generator_cpp: 3.1.8 (/opt/ros/humble/share/rosidl_generator_cpp/cmake)
[0.458s] -- Using all available rosidl_typesupport_c: rosidl_typesupport_fastrtps_c;rosidl_typesupport_introspection_c
[0.468s] -- Using all available rosidl_typesupport_cpp: rosidl_typesupport_fastrtps_cpp;rosidl_typesupport_introspection_cpp
[0.495s] -- Found rmw_implementation_cmake: 6.1.2 (/opt/ros/humble/share/rmw_implementation_cmake/cmake)
[0.496s] -- Found rmw_cyclonedds_cpp: 1.3.4 (/opt/ros/humble/share/rmw_cyclonedds_cpp/cmake)
[0.509s] -- Using RMW implementation 'rmw_cyclonedds_cpp' as default
[0.514s] -- Looking for pthread.h
[0.571s] -- Looking for pthread.h - found
[0.571s] -- Performing Test CMAKE_HAVE_LIBC_PTHREAD
[0.634s] -- Performing Test CMAKE_HAVE_LIBC_PTHREAD - Success
[0.635s] -- Found Threads: TRUE  
[0.668s] -- Found nav_msgs: 4.9.1 (/opt/ros/humble/share/nav_msgs/cmake)
[0.688s] -- Found quadrotor_msgs: 0.0.0 (/home/hyvonne/labpro/ego_planner/install/quadrotor_msgs/share/quadrotor_msgs/cmake)
[0.710s] -- Found ament_lint_auto: 0.12.15 (/opt/ros/humble/share/ament_lint_auto/cmake)
[0.762s] -- Added test 'cppcheck' to perform static code analysis on C / C++ code
[0.763s] -- Configured cppcheck include dirs: 
[0.763s] -- Configured cppcheck exclude dirs and/or files: 
[0.763s] -- Added test 'lint_cmake' to check CMake code style
[0.764s] -- Added test 'uncrustify' to check C / C++ code style
[0.764s] -- Configured uncrustify additional arguments: 
[0.764s] -- Added test 'xmllint' to check XML markup files
[0.765s] -- Configuring done
[0.771s] -- Generating done
[0.773s] -- Build files have been written to: /home/hyvonne/labpro/ego_planner/build/poscmd_2_odom
[0.779s] Invoked command in '/home/hyvonne/labpro/ego_planner/build/poscmd_2_odom' returned '0': AMENT_PREFIX_PATH=/home/hyvonne/labpro/ego_planner/install/quadrotor_msgs:${AMENT_PREFIX_PATH} CMAKE_PREFIX_PATH=/home/hyvonne/labpro/ego_planner/install/quadrotor_msgs:/opt/ros/humble LD_LIBRARY_PATH=/home/hyvonne/labpro/ego_planner/install/quadrotor_msgs/lib:${LD_LIBRARY_PATH} PYTHONPATH=/home/hyvonne/labpro/ego_planner/install/quadrotor_msgs/local/lib/python3.10/dist-packages:${PYTHONPATH} /usr/bin/cmake /home/hyvonne/labpro/ego_planner/src/uav_simulator/fake_drone -DAMENT_CMAKE_SYMLINK_INSTALL=1 -DCMAKE_INSTALL_PREFIX=/home/hyvonne/labpro/ego_planner/install/poscmd_2_odom
[0.780s] Invoking command in '/home/hyvonne/labpro/ego_planner/build/poscmd_2_odom': AMENT_PREFIX_PATH=/home/hyvonne/labpro/ego_planner/install/quadrotor_msgs:${AMENT_PREFIX_PATH} CMAKE_PREFIX_PATH=/home/hyvonne/labpro/ego_planner/install/quadrotor_msgs:/opt/ros/humble LD_LIBRARY_PATH=/home/hyvonne/labpro/ego_planner/install/quadrotor_msgs/lib:${LD_LIBRARY_PATH} PYTHONPATH=/home/hyvonne/labpro/ego_planner/install/quadrotor_msgs/local/lib/python3.10/dist-packages:${PYTHONPATH} /usr/bin/cmake --build /home/hyvonne/labpro/ego_planner/build/poscmd_2_odom -- -j20 -l20
[0.820s] [ 50%] [32mBuilding CXX object CMakeFiles/poscmd_2_odom.dir/src/poscmd_2_odom.cpp.o[0m
[12.334s] [100%] [32m[1mLinking CXX executable poscmd_2_odom[0m
[12.522s] [100%] Built target poscmd_2_odom
[12.533s] Invoked command in '/home/hyvonne/labpro/ego_planner/build/poscmd_2_odom' returned '0': AMENT_PREFIX_PATH=/home/hyvonne/labpro/ego_planner/install/quadrotor_msgs:${AMENT_PREFIX_PATH} CMAKE_PREFIX_PATH=/home/hyvonne/labpro/ego_planner/install/quadrotor_msgs:/opt/ros/humble LD_LIBRARY_PATH=/home/hyvonne/labpro/ego_planner/install/quadrotor_msgs/lib:${LD_LIBRARY_PATH} PYTHONPATH=/home/hyvonne/labpro/ego_planner/install/quadrotor_msgs/local/lib/python3.10/dist-packages:${PYTHONPATH} /usr/bin/cmake --build /home/hyvonne/labpro/ego_planner/build/poscmd_2_odom -- -j20 -l20
[12.534s] Invoking command in '/home/hyvonne/labpro/ego_planner/build/poscmd_2_odom': AMENT_PREFIX_PATH=/home/hyvonne/labpro/ego_planner/install/quadrotor_msgs:${AMENT_PREFIX_PATH} CMAKE_PREFIX_PATH=/home/hyvonne/labpro/ego_planner/install/quadrotor_msgs:/opt/ros/humble LD_LIBRARY_PATH=/home/hyvonne/labpro/ego_planner/install/quadrotor_msgs/lib:${LD_LIBRARY_PATH} PYTHONPATH=/home/hyvonne/labpro/ego_planner/install/quadrotor_msgs/local/lib/python3.10/dist-packages:${PYTHONPATH} /usr/bin/cmake --install /home/hyvonne/labpro/ego_planner/build/poscmd_2_odom
[12.540s] -- Install configuration: "Release"
[12.541s] -- Execute custom install script
[12.541s] -- Symlinking: /home/hyvonne/labpro/ego_planner/install/poscmd_2_odom/lib/poscmd_2_odom/poscmd_2_odom
[12.549s] -- Symlinking: /home/hyvonne/labpro/ego_planner/install/poscmd_2_odom/share/ament_index/resource_index/package_run_dependencies/poscmd_2_odom
[12.556s] -- Symlinking: /home/hyvonne/labpro/ego_planner/install/poscmd_2_odom/share/ament_index/resource_index/parent_prefix_path/poscmd_2_odom
[12.563s] -- Symlinking: /home/hyvonne/labpro/ego_planner/install/poscmd_2_odom/share/poscmd_2_odom/environment/ament_prefix_path.sh
[12.571s] -- Symlinking: /home/hyvonne/labpro/ego_planner/install/poscmd_2_odom/share/poscmd_2_odom/environment/ament_prefix_path.dsv
[12.578s] -- Symlinking: /home/hyvonne/labpro/ego_planner/install/poscmd_2_odom/share/poscmd_2_odom/environment/path.sh
[12.584s] -- Symlinking: /home/hyvonne/labpro/ego_planner/install/poscmd_2_odom/share/poscmd_2_odom/environment/path.dsv
[12.589s] -- Symlinking: /home/hyvonne/labpro/ego_planner/install/poscmd_2_odom/share/poscmd_2_odom/local_setup.bash
[12.596s] -- Symlinking: /home/hyvonne/labpro/ego_planner/install/poscmd_2_odom/share/poscmd_2_odom/local_setup.sh
[12.603s] -- Symlinking: /home/hyvonne/labpro/ego_planner/install/poscmd_2_odom/share/poscmd_2_odom/local_setup.zsh
[12.611s] -- Symlinking: /home/hyvonne/labpro/ego_planner/install/poscmd_2_odom/share/poscmd_2_odom/local_setup.dsv
[12.617s] -- Symlinking: /home/hyvonne/labpro/ego_planner/install/poscmd_2_odom/share/poscmd_2_odom/package.dsv
[12.626s] -- Symlinking: /home/hyvonne/labpro/ego_planner/install/poscmd_2_odom/share/ament_index/resource_index/packages/poscmd_2_odom
[12.634s] -- Symlinking: /home/hyvonne/labpro/ego_planner/install/poscmd_2_odom/share/poscmd_2_odom/cmake/poscmd_2_odomConfig.cmake
[12.641s] -- Symlinking: /home/hyvonne/labpro/ego_planner/install/poscmd_2_odom/share/poscmd_2_odom/cmake/poscmd_2_odomConfig-version.cmake
[12.648s] -- Symlinking: /home/hyvonne/labpro/ego_planner/install/poscmd_2_odom/share/poscmd_2_odom/package.xml
[12.657s] Invoked command in '/home/hyvonne/labpro/ego_planner/build/poscmd_2_odom' returned '0': AMENT_PREFIX_PATH=/home/hyvonne/labpro/ego_planner/install/quadrotor_msgs:${AMENT_PREFIX_PATH} CMAKE_PREFIX_PATH=/home/hyvonne/labpro/ego_planner/install/quadrotor_msgs:/opt/ros/humble LD_LIBRARY_PATH=/home/hyvonne/labpro/ego_planner/install/quadrotor_msgs/lib:${LD_LIBRARY_PATH} PYTHONPATH=/home/hyvonne/labpro/ego_planner/install/quadrotor_msgs/local/lib/python3.10/dist-packages:${PYTHONPATH} /usr/bin/cmake --install /home/hyvonne/labpro/ego_planner/build/poscmd_2_odom
