[0.006s] Invoking command in '/home/hyvonne/labpro/ego_planner/build/traj_utils': CMAKE_PREFIX_PATH=/opt/ros/humble /usr/bin/cmake /home/hyvonne/labpro/ego_planner/src/planner/traj_utils -DAMENT_CMAKE_SYMLINK_INSTALL=1 -DCMAKE_INSTALL_PREFIX=/home/hyvonne/labpro/ego_planner/install/traj_utils
[0.056s] -- The C compiler identification is GNU 11.4.0
[0.103s] -- The CXX compiler identification is GNU 11.4.0
[0.109s] -- Detecting C compiler ABI info
[0.172s] -- Detecting C compiler ABI info - done
[0.180s] -- Check for working C compiler: /usr/bin/cc - skipped
[0.180s] -- Detecting C compile features
[0.180s] -- Detecting C compile features - done
[0.183s] -- Detecting CXX compiler ABI info
[0.254s] -- Detecting CXX compiler ABI info - done
[0.259s] -- Check for working CXX compiler: /usr/bin/c++ - skipped
[0.260s] -- Detecting CXX compile features
[0.260s] -- Detecting CXX compile features - done
[0.261s] -- Found ament_cmake: 1.3.14 (/opt/ros/humble/share/ament_cmake/cmake)
[0.386s] -- Found Python3: /usr/bin/python3 (found version "3.10.12") found components: Interpreter 
[0.441s] -- Override CMake install command with custom implementation using symlinks instead of copying resources
[0.458s] -- Found rclcpp: 16.0.19 (/opt/ros/humble/share/rclcpp/cmake)
[0.487s] -- Found rosidl_generator_c: 3.1.8 (/opt/ros/humble/share/rosidl_generator_c/cmake)
[0.490s] -- Found rosidl_adapter: 3.1.8 (/opt/ros/humble/share/rosidl_adapter/cmake)
[0.495s] -- Found rosidl_generator_cpp: 3.1.8 (/opt/ros/humble/share/rosidl_generator_cpp/cmake)
[0.504s] -- Using all available rosidl_typesupport_c: rosidl_typesupport_fastrtps_c;rosidl_typesupport_introspection_c
[0.514s] -- Using all available rosidl_typesupport_cpp: rosidl_typesupport_fastrtps_cpp;rosidl_typesupport_introspection_cpp
[0.543s] -- Found rmw_implementation_cmake: 6.1.2 (/opt/ros/humble/share/rmw_implementation_cmake/cmake)
[0.545s] -- Found rmw_cyclonedds_cpp: 1.3.4 (/opt/ros/humble/share/rmw_cyclonedds_cpp/cmake)
[0.559s] -- Using RMW implementation 'rmw_cyclonedds_cpp' as default
[0.564s] -- Looking for pthread.h
[0.630s] -- Looking for pthread.h - found
[0.630s] -- Performing Test CMAKE_HAVE_LIBC_PTHREAD
[0.700s] -- Performing Test CMAKE_HAVE_LIBC_PTHREAD - Success
[0.701s] -- Found Threads: TRUE  
[0.746s] -- Found geometry_msgs: 4.9.1 (/opt/ros/humble/share/geometry_msgs/cmake)
[0.757s] -- Found visualization_msgs: 4.9.1 (/opt/ros/humble/share/visualization_msgs/cmake)
[0.787s] -- Found rosidl_default_generators: 1.2.1 (/opt/ros/humble/share/rosidl_default_generators/cmake)
[0.814s] -- Checking for module 'eigen3'
[0.828s] --   Found eigen3, version 3.4.0
[0.858s] -- Found Eigen: /usr/include/eigen3 (Required is at least version "3.1") 
[0.858s] -- Eigen found (include: /usr/include/eigen3, version: 3.4.0)
[0.871s] -- Found Boost: /usr/lib/x86_64-linux-gnu/cmake/Boost-1.74.0/BoostConfig.cmake (found suitable version "1.74.0", minimum required is "1.65.0") found components: system filesystem date_time iostreams serialization 
[0.884s] -- Checking for module 'flann'
[0.897s] --   Found flann, version 1.9.1
[0.934s] -- Found FLANN: /usr/lib/x86_64-linux-gnu/libflann_cpp.so  
[0.934s] -- FLANN found (include: /usr/include, lib: /usr/lib/x86_64-linux-gnu/libflann_cpp.so)
[0.967s] -- Found GLEW: /usr/lib/x86_64-linux-gnu/libGLEW.so  
[0.971s] -- Found OpenGL: /usr/lib/x86_64-linux-gnu/libOpenGL.so  found components: OpenGL GLX 
[1.111s] -- Found MPI_C: /usr/lib/x86_64-linux-gnu/libmpi.so (found version "3.1") 
[1.111s] -- Found MPI: TRUE (found version "3.1") found components: C 
[1.113s] -- Found JsonCpp: /usr/lib/x86_64-linux-gnu/libjsoncpp.so (found suitable version "1.9.5", minimum required is "0.7.0") 
[1.120s] -- Found ZLIB: /usr/lib/x86_64-linux-gnu/libz.so (found version "1.2.11") 
[1.134s] -- Found PNG: /usr/lib/x86_64-linux-gnu/libpng.so (found version "1.6.37") 
[1.143s] -- Found Eigen3: /usr/include/eigen3 (found version "3.4.0") 
[1.227s] -- Found X11: /usr/include   
[1.228s] -- Looking for XOpenDisplay in /usr/lib/x86_64-linux-gnu/libX11.so;/usr/lib/x86_64-linux-gnu/libXext.so
[1.297s] -- Looking for XOpenDisplay in /usr/lib/x86_64-linux-gnu/libX11.so;/usr/lib/x86_64-linux-gnu/libXext.so - found
[1.297s] -- Looking for gethostbyname
[1.364s] -- Looking for gethostbyname - found
[1.364s] -- Looking for connect
[1.427s] -- Looking for connect - found
[1.428s] -- Looking for remove
[1.490s] -- Looking for remove - found
[1.490s] -- Looking for shmat
[1.553s] -- Looking for shmat - found
[1.553s] -- Looking for IceConnectionNumber in ICE
[1.617s] -- Looking for IceConnectionNumber in ICE - found
[1.693s] -- Found EXPAT: /usr/lib/x86_64-linux-gnu/libexpat.so (found version "2.4.7") 
[1.696s] -- Found double-conversion: /usr/lib/x86_64-linux-gnu/libdouble-conversion.so  
[1.697s] -- Found LZ4: /usr/lib/x86_64-linux-gnu/liblz4.so (found version "1.9.3") 
[1.699s] -- Found LZMA: /usr/lib/x86_64-linux-gnu/liblzma.so (found version "5.2.5") 
[1.708s] -- Found JPEG: /usr/lib/x86_64-linux-gnu/libjpeg.so (found version "80") 
[1.714s] -- Found TIFF: /usr/lib/x86_64-linux-gnu/libtiff.so (found version "4.3.0")  
[1.717s] -- Found Freetype: /usr/lib/x86_64-linux-gnu/libfreetype.so (found version "2.11.1") 
[1.721s] -- Found utf8cpp: /usr/include/utf8cpp  
[1.796s] -- Checking for module 'libusb-1.0'
[1.809s] --   Found libusb-1.0, version 1.0.25
[1.843s] -- Found libusb: /usr/lib/x86_64-linux-gnu/libusb-1.0.so  
[1.843s] -- Found OpenNI: /usr/lib/libOpenNI.so;libusb::libusb (found version "1.5.4.0") 
[1.843s] -- OpenNI found (version: 1.5.4.0, include: /usr/include/ni, lib: /usr/lib/libOpenNI.so;libusb::libusb)
[1.899s] -- Found OpenNI2: /usr/lib/x86_64-linux-gnu/libOpenNI2.so;libusb::libusb (found version "2.2.0.33") 
[1.899s] -- OpenNI2 found (version: 2.2.0.33, include: /usr/include/openni2, lib: /usr/lib/x86_64-linux-gnu/libOpenNI2.so;libusb::libusb)
[1.899s] [0m** WARNING ** io features related to pcap will be disabled[0m
[2.028s] -- Eigen found (include: /usr/include/eigen3, version: 3.4.0)
[2.036s] -- OpenNI found (version: 1.5.4.0, include: /usr/include/ni, lib: /usr/lib/libOpenNI.so;libusb::libusb)
[2.043s] -- OpenNI2 found (version: 2.2.0.33, include: /usr/include/openni2, lib: /usr/lib/x86_64-linux-gnu/libOpenNI2.so;libusb::libusb)
[2.181s] -- Found Qhull version 8.0.2
[2.326s] -- OpenNI found (version: 1.5.4.0, include: /usr/include/ni, lib: /usr/lib/libOpenNI.so;libusb::libusb)
[2.448s] -- looking for PCL_COMMON
[2.448s] -- Found PCL_COMMON: /usr/lib/x86_64-linux-gnu/libpcl_common.so  
[2.448s] -- looking for PCL_KDTREE
[2.449s] -- Found PCL_KDTREE: /usr/lib/x86_64-linux-gnu/libpcl_kdtree.so  
[2.449s] -- looking for PCL_OCTREE
[2.449s] -- Found PCL_OCTREE: /usr/lib/x86_64-linux-gnu/libpcl_octree.so  
[2.450s] -- looking for PCL_SEARCH
[2.450s] -- Found PCL_SEARCH: /usr/lib/x86_64-linux-gnu/libpcl_search.so  
[2.450s] -- looking for PCL_SAMPLE_CONSENSUS
[2.451s] -- Found PCL_SAMPLE_CONSENSUS: /usr/lib/x86_64-linux-gnu/libpcl_sample_consensus.so  
[2.451s] -- looking for PCL_FILTERS
[2.452s] -- Found PCL_FILTERS: /usr/lib/x86_64-linux-gnu/libpcl_filters.so  
[2.452s] -- looking for PCL_2D
[2.452s] -- Found PCL_2D: /usr/include/pcl-1.12  
[2.452s] -- looking for PCL_GEOMETRY
[2.452s] -- Found PCL_GEOMETRY: /usr/include/pcl-1.12  
[2.452s] -- looking for PCL_IO
[2.453s] -- Found PCL_IO: /usr/lib/x86_64-linux-gnu/libpcl_io.so  
[2.453s] -- looking for PCL_FEATURES
[2.453s] -- Found PCL_FEATURES: /usr/lib/x86_64-linux-gnu/libpcl_features.so  
[2.454s] -- looking for PCL_ML
[2.454s] -- Found PCL_ML: /usr/lib/x86_64-linux-gnu/libpcl_ml.so  
[2.454s] -- looking for PCL_SEGMENTATION
[2.455s] -- Found PCL_SEGMENTATION: /usr/lib/x86_64-linux-gnu/libpcl_segmentation.so  
[2.455s] -- looking for PCL_VISUALIZATION
[2.456s] -- Found PCL_VISUALIZATION: /usr/lib/x86_64-linux-gnu/libpcl_visualization.so  
[2.456s] -- looking for PCL_SURFACE
[2.456s] -- Found PCL_SURFACE: /usr/lib/x86_64-linux-gnu/libpcl_surface.so  
[2.457s] -- looking for PCL_REGISTRATION
[2.457s] -- Found PCL_REGISTRATION: /usr/lib/x86_64-linux-gnu/libpcl_registration.so  
[2.457s] -- looking for PCL_KEYPOINTS
[2.458s] -- Found PCL_KEYPOINTS: /usr/lib/x86_64-linux-gnu/libpcl_keypoints.so  
[2.459s] -- looking for PCL_TRACKING
[2.459s] -- Found PCL_TRACKING: /usr/lib/x86_64-linux-gnu/libpcl_tracking.so  
[2.459s] -- looking for PCL_RECOGNITION
[2.460s] -- Found PCL_RECOGNITION: /usr/lib/x86_64-linux-gnu/libpcl_recognition.so  
[2.460s] -- looking for PCL_STEREO
[2.461s] -- Found PCL_STEREO: /usr/lib/x86_64-linux-gnu/libpcl_stereo.so  
[2.461s] -- looking for PCL_APPS
[2.462s] -- Found PCL_APPS: /usr/lib/x86_64-linux-gnu/libpcl_apps.so  
[2.462s] -- looking for PCL_IN_HAND_SCANNER
[2.462s] -- Found PCL_IN_HAND_SCANNER: /usr/include/pcl-1.12  
[2.462s] -- looking for PCL_MODELER
[2.463s] -- Found PCL_MODELER: /usr/include/pcl-1.12  
[2.463s] -- looking for PCL_POINT_CLOUD_EDITOR
[2.463s] -- Found PCL_POINT_CLOUD_EDITOR: /usr/include/pcl-1.12  
[2.463s] -- looking for PCL_OUTOFCORE
[2.464s] -- Found PCL_OUTOFCORE: /usr/lib/x86_64-linux-gnu/libpcl_outofcore.so  
[2.464s] -- looking for PCL_PEOPLE
[2.465s] -- Found PCL_PEOPLE: /usr/lib/x86_64-linux-gnu/libpcl_people.so  
[2.465s] -- Found PCL: pcl_common;pcl_kdtree;pcl_octree;pcl_search;pcl_sample_consensus;pcl_filters;pcl_io;pcl_features;pcl_ml;pcl_segmentation;pcl_visualization;pcl_surface;pcl_registration;pcl_keypoints;pcl_tracking;pcl_recognition;pcl_stereo;pcl_apps;pcl_outofcore;pcl_people;Boost::system;Boost::filesystem;Boost::date_time;Boost::iostreams;Boost::serialization;/usr/lib/libOpenNI.so;libusb::libusb;/usr/lib/x86_64-linux-gnu/libOpenNI2.so;libusb::libusb;VTK::ChartsCore;VTK::CommonColor;VTK::CommonComputationalGeometry;VTK::CommonCore;VTK::CommonDataModel;VTK::CommonExecutionModel;VTK::CommonMath;VTK::CommonMisc;VTK::CommonTransforms;VTK::FiltersCore;VTK::FiltersExtraction;VTK::FiltersGeneral;VTK::FiltersGeometry;VTK::FiltersModeling;VTK::FiltersSources;VTK::ImagingCore;VTK::ImagingSources;VTK::InteractionImage;VTK::InteractionStyle;VTK::InteractionWidgets;VTK::IOCore;VTK::IOGeometry;VTK::IOImage;VTK::IOLegacy;VTK::IOPLY;VTK::RenderingAnnotation;VTK::RenderingCore;VTK::RenderingContext2D;VTK::RenderingLOD;VTK::RenderingFreeType;VTK::ViewsCore;VTK::ViewsContext2D;VTK::RenderingOpenGL2;VTK::GUISupportQt;FLANN::FLANN;QHULL::QHULL  
[2.724s] -- Found ament_cmake_ros: 0.10.0 (/opt/ros/humble/share/ament_cmake_ros/cmake)
[3.090s] -- Using all available rosidl_typesupport_c: rosidl_typesupport_fastrtps_c;rosidl_typesupport_introspection_c
[3.245s] -- Using all available rosidl_typesupport_cpp: rosidl_typesupport_fastrtps_cpp;rosidl_typesupport_introspection_cpp
[3.268s] -- Found PythonInterp: /usr/bin/python3 (found suitable version "3.10.12", minimum required is "3.6") 
[3.269s] -- Found python_cmake_module: 0.10.0 (/opt/ros/humble/share/python_cmake_module/cmake)
[3.290s] -- Found PythonLibs: /usr/lib/x86_64-linux-gnu/libpython3.10.so (found suitable version "3.10.12", minimum required is "3.5") 
[3.290s] -- Using PYTHON_EXECUTABLE: /usr/bin/python3
[3.290s] -- Using PYTHON_INCLUDE_DIRS: /usr/include/python3.10
[3.290s] -- Using PYTHON_LIBRARIES: /usr/lib/x86_64-linux-gnu/libpython3.10.so
[3.310s] -- Found PythonExtra: .so  
[3.434s] -- Found ament_lint_auto: 0.12.15 (/opt/ros/humble/share/ament_lint_auto/cmake)
[3.450s] -- Added test 'cppcheck' to perform static code analysis on C / C++ code
[3.451s] -- Configured cppcheck include dirs: /home/hyvonne/labpro/ego_planner/src/planner/traj_utils/include
[3.451s] -- Configured cppcheck exclude dirs and/or files: 
[3.451s] -- Added test 'lint_cmake' to check CMake code style
[3.452s] -- Added test 'uncrustify' to check C / C++ code style
[3.452s] -- Configured uncrustify additional arguments: 
[3.452s] -- Added test 'xmllint' to check XML markup files
[3.454s] -- Configuring done
[3.504s] -- Generating done
[3.525s] -- Build files have been written to: /home/hyvonne/labpro/ego_planner/build/traj_utils
[3.543s] Invoked command in '/home/hyvonne/labpro/ego_planner/build/traj_utils' returned '0': CMAKE_PREFIX_PATH=/opt/ros/humble /usr/bin/cmake /home/hyvonne/labpro/ego_planner/src/planner/traj_utils -DAMENT_CMAKE_SYMLINK_INSTALL=1 -DCMAKE_INSTALL_PREFIX=/home/hyvonne/labpro/ego_planner/install/traj_utils
[3.545s] Invoking command in '/home/hyvonne/labpro/ego_planner/build/traj_utils': CMAKE_PREFIX_PATH=/opt/ros/humble /usr/bin/cmake --build /home/hyvonne/labpro/ego_planner/build/traj_utils -- -j20 -l20
[3.584s] [  1%] [34m[1mGenerating C code for ROS interfaces[0m
[3.590s] [  3%] [32mBuilding CXX object CMakeFiles/traj_utils_lib.dir/src/planning_visualization.cpp.o[0m
[3.590s] [  5%] [34m[1mGenerating Rust code for ROS interfaces[0m
[3.593s] [  7%] [32mBuilding CXX object CMakeFiles/traj_utils_lib.dir/src/polynomial_traj.cpp.o[0m
[3.595s] [  9%] [34m[1mGenerating C++ code for ROS interfaces[0m
[3.601s] [  9%] Built target ament_cmake_python_symlink_traj_utils
[3.838s] running egg_info
[3.839s] creating traj_utils.egg-info
[3.839s] writing traj_utils.egg-info/PKG-INFO
[3.839s] writing dependency_links to traj_utils.egg-info/dependency_links.txt
[3.839s] writing top-level names to traj_utils.egg-info/top_level.txt
[3.840s] writing manifest file 'traj_utils.egg-info/SOURCES.txt'
[3.841s] reading manifest file 'traj_utils.egg-info/SOURCES.txt'
[3.842s] writing manifest file 'traj_utils.egg-info/SOURCES.txt'
[3.859s] [  9%] Built target traj_utils__rs
[3.866s] [  9%] Built target ament_cmake_python_build_traj_utils_egg
[4.001s] [ 11%] [32mBuilding C object CMakeFiles/traj_utils__rosidl_generator_c.dir/rosidl_generator_c/traj_utils/msg/detail/data_disp__functions.c.o[0m
[4.002s] [ 13%] [32mBuilding C object CMakeFiles/traj_utils__rosidl_generator_c.dir/rosidl_generator_c/traj_utils/msg/detail/bspline__functions.c.o[0m
[4.002s] [ 15%] [32mBuilding C object CMakeFiles/traj_utils__rosidl_generator_c.dir/rosidl_generator_c/traj_utils/msg/detail/multi_bsplines__functions.c.o[0m
[4.011s] [ 15%] Built target traj_utils__cpp
[4.020s] [ 17%] [34m[1mGenerating C++ type support for eProsima Fast-RTPS[0m
[4.023s] [ 21%] [34m[1mGenerating C++ introspection for ROS interfaces[0m
[4.023s] [ 21%] [34m[1mGenerating C++ type support dispatch for ROS interfaces[0m
[4.130s] [ 23%] [32m[1mLinking C shared library libtraj_utils__rosidl_generator_c.so[0m
[4.164s] [ 23%] Built target traj_utils__rosidl_generator_c
[4.172s] [ 27%] [34m[1mGenerating C introspection for ROS interfaces[0m
[4.172s] [ 27%] [34m[1mGenerating C type support dispatch for ROS interfaces[0m
[4.176s] [ 29%] [34m[1mGenerating C type support for eProsima Fast-RTPS[0m
[4.279s] [ 31%] [32mBuilding CXX object CMakeFiles/traj_utils__rosidl_typesupport_cpp.dir/rosidl_typesupport_cpp/traj_utils/msg/bspline__type_support.cpp.o[0m
[4.279s] [ 33%] [32mBuilding CXX object CMakeFiles/traj_utils__rosidl_typesupport_cpp.dir/rosidl_typesupport_cpp/traj_utils/msg/data_disp__type_support.cpp.o[0m
[4.280s] [ 35%] [32mBuilding CXX object CMakeFiles/traj_utils__rosidl_typesupport_cpp.dir/rosidl_typesupport_cpp/traj_utils/msg/multi_bsplines__type_support.cpp.o[0m
[4.458s] [ 37%] [32mBuilding CXX object CMakeFiles/traj_utils__rosidl_typesupport_introspection_cpp.dir/rosidl_typesupport_introspection_cpp/traj_utils/msg/detail/bspline__type_support.cpp.o[0m
[4.460s] [ 39%] [32mBuilding CXX object CMakeFiles/traj_utils__rosidl_typesupport_introspection_cpp.dir/rosidl_typesupport_introspection_cpp/traj_utils/msg/detail/multi_bsplines__type_support.cpp.o[0m
[4.460s] [ 41%] [32mBuilding CXX object CMakeFiles/traj_utils__rosidl_typesupport_introspection_cpp.dir/rosidl_typesupport_introspection_cpp/traj_utils/msg/detail/data_disp__type_support.cpp.o[0m
[4.465s] [ 45%] [32mBuilding C object CMakeFiles/traj_utils__rosidl_typesupport_introspection_c.dir/rosidl_typesupport_introspection_c/traj_utils/msg/detail/multi_bsplines__type_support.c.o[0m
[4.465s] [ 45%] [32mBuilding C object CMakeFiles/traj_utils__rosidl_typesupport_introspection_c.dir/rosidl_typesupport_introspection_c/traj_utils/msg/detail/bspline__type_support.c.o[0m
[4.465s] [ 47%] [32mBuilding C object CMakeFiles/traj_utils__rosidl_typesupport_introspection_c.dir/rosidl_typesupport_introspection_c/traj_utils/msg/detail/data_disp__type_support.c.o[0m
[4.469s] [ 50%] [32mBuilding CXX object CMakeFiles/traj_utils__rosidl_typesupport_fastrtps_cpp.dir/rosidl_typesupport_fastrtps_cpp/traj_utils/msg/detail/dds_fastrtps/bspline__type_support.cpp.o[0m
[4.469s] [ 50%] [32mBuilding CXX object CMakeFiles/traj_utils__rosidl_typesupport_fastrtps_cpp.dir/rosidl_typesupport_fastrtps_cpp/traj_utils/msg/detail/dds_fastrtps/data_disp__type_support.cpp.o[0m
[4.471s] [ 52%] [32mBuilding CXX object CMakeFiles/traj_utils__rosidl_typesupport_fastrtps_cpp.dir/rosidl_typesupport_fastrtps_cpp/traj_utils/msg/detail/dds_fastrtps/multi_bsplines__type_support.cpp.o[0m
[4.550s] [ 56%] [32mBuilding CXX object CMakeFiles/traj_utils__rosidl_typesupport_c.dir/rosidl_typesupport_c/traj_utils/msg/bspline__type_support.cpp.o[0m
[4.551s] [ 56%] [32mBuilding CXX object CMakeFiles/traj_utils__rosidl_typesupport_c.dir/rosidl_typesupport_c/traj_utils/msg/data_disp__type_support.cpp.o[0m
[4.551s] [ 58%] [32mBuilding CXX object CMakeFiles/traj_utils__rosidl_typesupport_c.dir/rosidl_typesupport_c/traj_utils/msg/multi_bsplines__type_support.cpp.o[0m
[4.561s] [ 60%] [32m[1mLinking C shared library libtraj_utils__rosidl_typesupport_introspection_c.so[0m
[4.593s] [ 62%] [32m[1mLinking CXX shared library libtraj_utils__rosidl_typesupport_c.so[0m
[4.604s] [ 62%] Built target traj_utils__rosidl_typesupport_introspection_c
[4.622s] [ 64%] [32m[1mLinking CXX shared library libtraj_utils__rosidl_typesupport_cpp.so[0m
[4.647s] [ 66%] [32mBuilding CXX object CMakeFiles/traj_utils__rosidl_typesupport_fastrtps_c.dir/rosidl_typesupport_fastrtps_c/traj_utils/msg/detail/bspline__type_support_c.cpp.o[0m
[4.647s] [ 66%] Built target traj_utils__rosidl_typesupport_c
[4.649s] [ 68%] [32mBuilding CXX object CMakeFiles/traj_utils__rosidl_typesupport_fastrtps_c.dir/rosidl_typesupport_fastrtps_c/traj_utils/msg/detail/multi_bsplines__type_support_c.cpp.o[0m
[4.649s] [ 70%] [32mBuilding CXX object CMakeFiles/traj_utils__rosidl_typesupport_fastrtps_c.dir/rosidl_typesupport_fastrtps_c/traj_utils/msg/detail/data_disp__type_support_c.cpp.o[0m
[4.668s] [ 70%] Built target traj_utils__rosidl_typesupport_cpp
[5.148s] [ 72%] [32m[1mLinking CXX shared library libtraj_utils__rosidl_typesupport_fastrtps_cpp.so[0m
[5.251s] [ 72%] Built target traj_utils__rosidl_typesupport_fastrtps_cpp
[5.251s] [ 74%] [32m[1mLinking CXX shared library libtraj_utils__rosidl_typesupport_fastrtps_c.so[0m
[5.284s] [ 76%] [32m[1mLinking CXX shared library libtraj_utils__rosidl_typesupport_introspection_cpp.so[0m
[5.321s] [ 76%] Built target traj_utils__rosidl_typesupport_fastrtps_c
[5.352s] [ 76%] Built target traj_utils__rosidl_typesupport_introspection_cpp
[5.374s] [ 76%] Built target traj_utils
[5.398s] [ 78%] [34m[1mGenerating Python code for ROS interfaces[0m
[5.807s] [ 78%] Built target traj_utils__py
[5.830s] [ 84%] [32mBuilding C object CMakeFiles/traj_utils__rosidl_generator_py.dir/rosidl_generator_py/traj_utils/msg/_multi_bsplines_s.c.o[0m
[5.830s] [ 84%] [32mBuilding C object CMakeFiles/traj_utils__rosidl_generator_py.dir/rosidl_generator_py/traj_utils/msg/_data_disp_s.c.o[0m
[5.831s] [ 84%] [32mBuilding C object CMakeFiles/traj_utils__rosidl_generator_py.dir/rosidl_generator_py/traj_utils/msg/_bspline_s.c.o[0m
[6.040s] [ 86%] [32m[1mLinking C shared library rosidl_generator_py/traj_utils/libtraj_utils__rosidl_generator_py.so[0m
[6.085s] [ 86%] Built target traj_utils__rosidl_generator_py
[6.106s] [ 88%] [32mBuilding C object CMakeFiles/traj_utils__rosidl_typesupport_c__pyext.dir/rosidl_generator_py/traj_utils/_traj_utils_s.ep.rosidl_typesupport_c.c.o[0m
[6.108s] [ 92%] [32mBuilding C object CMakeFiles/traj_utils__rosidl_typesupport_fastrtps_c__pyext.dir/rosidl_generator_py/traj_utils/_traj_utils_s.ep.rosidl_typesupport_fastrtps_c.c.o[0m
[6.109s] [ 92%] [32mBuilding C object CMakeFiles/traj_utils__rosidl_typesupport_introspection_c__pyext.dir/rosidl_generator_py/traj_utils/_traj_utils_s.ep.rosidl_typesupport_introspection_c.c.o[0m
[6.227s] [ 94%] [32m[1mLinking C shared library rosidl_generator_py/traj_utils/traj_utils_s__rosidl_typesupport_introspection_c.cpython-310-x86_64-linux-gnu.so[0m
[6.262s] [ 96%] [32m[1mLinking C shared library rosidl_generator_py/traj_utils/traj_utils_s__rosidl_typesupport_c.cpython-310-x86_64-linux-gnu.so[0m
[6.274s] [ 96%] Built target traj_utils__rosidl_typesupport_introspection_c__pyext
[6.294s] [ 98%] [32m[1mLinking C shared library rosidl_generator_py/traj_utils/traj_utils_s__rosidl_typesupport_fastrtps_c.cpython-310-x86_64-linux-gnu.so[0m
[6.314s] [ 98%] Built target traj_utils__rosidl_typesupport_c__pyext
[6.345s] [ 98%] Built target traj_utils__rosidl_typesupport_fastrtps_c__pyext
[7.003s] [01m[K/home/hyvonne/labpro/ego_planner/src/planner/traj_utils/src/planning_visualization.cpp:[m[K In member function ‘[01m[Kvoid ego_planner::PlanningVisualization::displayMarkerList(rclcpp::Publisher<visualization_msgs::msg::Marker_<std::allocator<void> > >::SharedPtr&, const std::vector<Eigen::Matrix<double, 3, 1> >&, double, Eigen::Vector4d, int, bool)[m[K’:
[7.003s] [01m[K/home/hyvonne/labpro/ego_planner/src/planner/traj_utils/src/planning_visualization.cpp:11:85:[m[K [01;35m[Kwarning: [m[Kunused parameter ‘[01m[Kshow_sphere[m[K’ [[01;35m[K]8;;https://gcc.gnu.org/onlinedocs/gcc/Warning-Options.html#index-Wunused-parameter-Wunused-parameter]8;;[m[K]
[7.003s]    11 |                                                 Eigen::Vector4d color, int id, [01;35m[Kbool show_sphere[m[K /* = true */)
[7.003s]       |                                                                                [01;35m[K~~~~~^~~~~~~~~~~[m[K
[7.010s] [01m[K/home/hyvonne/labpro/ego_planner/src/planner/traj_utils/src/planning_visualization.cpp:[m[K In member function ‘[01m[Kvoid ego_planner::PlanningVisualization::displayMultiInitPathList(std::vector<std::vector<Eigen::Matrix<double, 3, 1> > >, double)[m[K’:
[7.011s] [01m[K/home/hyvonne/labpro/ego_planner/src/planner/traj_utils/src/planning_visualization.cpp:177:25:[m[K [01;35m[Kwarning: [m[Kcomparison of integer expressions of different signedness: ‘[01m[Kint[m[K’ and ‘[01m[Kstd::vector<std::vector<Eigen::Matrix<double, 3, 1> > >::size_type[m[K’ {aka ‘[01m[Klong unsigned int[m[K’} [[01;35m[K]8;;https://gcc.gnu.org/onlinedocs/gcc/Warning-Options.html#index-Wsign-compare-Wsign-compare]8;;[m[K]
[7.011s]   177 |     for (int id = 0; [01;35m[Kid < init_trajs.size()[m[K; id++)
[7.011s]       |                      [01;35m[K~~~^~~~~~~~~~~~~~~~~~~[m[K
[20.582s] [100%] [32m[1mLinking CXX shared library libtraj_utils_lib.so[0m
[21.019s] [100%] Built target traj_utils_lib
[21.030s] Invoked command in '/home/hyvonne/labpro/ego_planner/build/traj_utils' returned '0': CMAKE_PREFIX_PATH=/opt/ros/humble /usr/bin/cmake --build /home/hyvonne/labpro/ego_planner/build/traj_utils -- -j20 -l20
[21.031s] Invoking command in '/home/hyvonne/labpro/ego_planner/build/traj_utils': CMAKE_PREFIX_PATH=/opt/ros/humble /usr/bin/cmake --install /home/hyvonne/labpro/ego_planner/build/traj_utils
[21.038s] -- Install configuration: "Release"
[21.038s] -- Execute custom install script
[21.038s] -- Symlinking: /home/hyvonne/labpro/ego_planner/install/traj_utils/share/ament_index/resource_index/rosidl_interfaces/traj_utils
[21.045s] -- Symlinking: /home/hyvonne/labpro/ego_planner/install/traj_utils/include/traj_utils/traj_utils/msg/bspline.h
[21.052s] -- Symlinking: /home/hyvonne/labpro/ego_planner/install/traj_utils/include/traj_utils/traj_utils/msg/data_disp.h
[21.058s] -- Symlinking: /home/hyvonne/labpro/ego_planner/install/traj_utils/include/traj_utils/traj_utils/msg/detail/bspline__functions.h
[21.064s] -- Symlinking: /home/hyvonne/labpro/ego_planner/install/traj_utils/include/traj_utils/traj_utils/msg/detail/bspline__struct.h
[21.070s] -- Symlinking: /home/hyvonne/labpro/ego_planner/install/traj_utils/include/traj_utils/traj_utils/msg/detail/bspline__type_support.h
[21.078s] -- Symlinking: /home/hyvonne/labpro/ego_planner/install/traj_utils/include/traj_utils/traj_utils/msg/detail/data_disp__functions.h
[21.084s] -- Symlinking: /home/hyvonne/labpro/ego_planner/install/traj_utils/include/traj_utils/traj_utils/msg/detail/data_disp__struct.h
[21.090s] -- Symlinking: /home/hyvonne/labpro/ego_planner/install/traj_utils/include/traj_utils/traj_utils/msg/detail/data_disp__type_support.h
[21.097s] -- Symlinking: /home/hyvonne/labpro/ego_planner/install/traj_utils/include/traj_utils/traj_utils/msg/detail/multi_bsplines__functions.h
[21.104s] -- Symlinking: /home/hyvonne/labpro/ego_planner/install/traj_utils/include/traj_utils/traj_utils/msg/detail/multi_bsplines__struct.h
[21.110s] -- Symlinking: /home/hyvonne/labpro/ego_planner/install/traj_utils/include/traj_utils/traj_utils/msg/detail/multi_bsplines__type_support.h
[21.117s] -- Symlinking: /home/hyvonne/labpro/ego_planner/install/traj_utils/include/traj_utils/traj_utils/msg/multi_bsplines.h
[21.124s] -- Symlinking: /home/hyvonne/labpro/ego_planner/install/traj_utils/include/traj_utils/traj_utils/msg/rosidl_generator_c__visibility_control.h
[21.130s] -- Symlinking: /home/hyvonne/labpro/ego_planner/install/traj_utils/share/traj_utils/environment/library_path.sh
[21.137s] -- Symlinking: /home/hyvonne/labpro/ego_planner/install/traj_utils/share/traj_utils/environment/library_path.dsv
[21.143s] -- Symlinking: /home/hyvonne/labpro/ego_planner/install/traj_utils/include/traj_utils/traj_utils/msg/detail/bspline__rosidl_typesupport_fastrtps_c.h
[21.149s] -- Symlinking: /home/hyvonne/labpro/ego_planner/install/traj_utils/include/traj_utils/traj_utils/msg/detail/data_disp__rosidl_typesupport_fastrtps_c.h
[21.155s] -- Symlinking: /home/hyvonne/labpro/ego_planner/install/traj_utils/include/traj_utils/traj_utils/msg/detail/multi_bsplines__rosidl_typesupport_fastrtps_c.h
[21.162s] -- Symlinking: /home/hyvonne/labpro/ego_planner/install/traj_utils/include/traj_utils/traj_utils/msg/rosidl_typesupport_fastrtps_c__visibility_control.h
[21.167s] -- Symlinking: /home/hyvonne/labpro/ego_planner/install/traj_utils/include/traj_utils/traj_utils/msg/bspline.hpp
[21.173s] -- Symlinking: /home/hyvonne/labpro/ego_planner/install/traj_utils/include/traj_utils/traj_utils/msg/data_disp.hpp
[21.178s] -- Symlinking: /home/hyvonne/labpro/ego_planner/install/traj_utils/include/traj_utils/traj_utils/msg/detail/bspline__builder.hpp
[21.186s] -- Symlinking: /home/hyvonne/labpro/ego_planner/install/traj_utils/include/traj_utils/traj_utils/msg/detail/bspline__struct.hpp
[21.193s] -- Symlinking: /home/hyvonne/labpro/ego_planner/install/traj_utils/include/traj_utils/traj_utils/msg/detail/bspline__traits.hpp
[21.199s] -- Symlinking: /home/hyvonne/labpro/ego_planner/install/traj_utils/include/traj_utils/traj_utils/msg/detail/bspline__type_support.hpp
[21.205s] -- Symlinking: /home/hyvonne/labpro/ego_planner/install/traj_utils/include/traj_utils/traj_utils/msg/detail/data_disp__builder.hpp
[21.212s] -- Symlinking: /home/hyvonne/labpro/ego_planner/install/traj_utils/include/traj_utils/traj_utils/msg/detail/data_disp__struct.hpp
[21.220s] -- Symlinking: /home/hyvonne/labpro/ego_planner/install/traj_utils/include/traj_utils/traj_utils/msg/detail/data_disp__traits.hpp
[21.227s] -- Symlinking: /home/hyvonne/labpro/ego_planner/install/traj_utils/include/traj_utils/traj_utils/msg/detail/data_disp__type_support.hpp
[21.234s] -- Symlinking: /home/hyvonne/labpro/ego_planner/install/traj_utils/include/traj_utils/traj_utils/msg/detail/multi_bsplines__builder.hpp
[21.239s] -- Symlinking: /home/hyvonne/labpro/ego_planner/install/traj_utils/include/traj_utils/traj_utils/msg/detail/multi_bsplines__struct.hpp
[21.245s] -- Symlinking: /home/hyvonne/labpro/ego_planner/install/traj_utils/include/traj_utils/traj_utils/msg/detail/multi_bsplines__traits.hpp
[21.253s] -- Symlinking: /home/hyvonne/labpro/ego_planner/install/traj_utils/include/traj_utils/traj_utils/msg/detail/multi_bsplines__type_support.hpp
[21.259s] -- Symlinking: /home/hyvonne/labpro/ego_planner/install/traj_utils/include/traj_utils/traj_utils/msg/multi_bsplines.hpp
[21.264s] -- Symlinking: /home/hyvonne/labpro/ego_planner/install/traj_utils/include/traj_utils/traj_utils/msg/rosidl_generator_cpp__visibility_control.hpp
[21.271s] -- Symlinking: /home/hyvonne/labpro/ego_planner/install/traj_utils/include/traj_utils/traj_utils/msg/detail/bspline__rosidl_typesupport_fastrtps_cpp.hpp
[21.276s] -- Symlinking: /home/hyvonne/labpro/ego_planner/install/traj_utils/include/traj_utils/traj_utils/msg/detail/data_disp__rosidl_typesupport_fastrtps_cpp.hpp
[21.282s] -- Symlinking: /home/hyvonne/labpro/ego_planner/install/traj_utils/include/traj_utils/traj_utils/msg/detail/multi_bsplines__rosidl_typesupport_fastrtps_cpp.hpp
[21.288s] -- Symlinking: /home/hyvonne/labpro/ego_planner/install/traj_utils/include/traj_utils/traj_utils/msg/rosidl_typesupport_fastrtps_cpp__visibility_control.h
[21.294s] -- Symlinking: /home/hyvonne/labpro/ego_planner/install/traj_utils/include/traj_utils/traj_utils/msg/detail/bspline__rosidl_typesupport_introspection_c.h
[21.299s] -- Symlinking: /home/hyvonne/labpro/ego_planner/install/traj_utils/include/traj_utils/traj_utils/msg/detail/data_disp__rosidl_typesupport_introspection_c.h
[21.306s] -- Symlinking: /home/hyvonne/labpro/ego_planner/install/traj_utils/include/traj_utils/traj_utils/msg/detail/multi_bsplines__rosidl_typesupport_introspection_c.h
[21.313s] -- Symlinking: /home/hyvonne/labpro/ego_planner/install/traj_utils/include/traj_utils/traj_utils/msg/rosidl_typesupport_introspection_c__visibility_control.h
[21.320s] -- Symlinking: /home/hyvonne/labpro/ego_planner/install/traj_utils/include/traj_utils/traj_utils/msg/detail/bspline__rosidl_typesupport_introspection_cpp.hpp
[21.325s] -- Symlinking: /home/hyvonne/labpro/ego_planner/install/traj_utils/include/traj_utils/traj_utils/msg/detail/data_disp__rosidl_typesupport_introspection_cpp.hpp
[21.332s] -- Symlinking: /home/hyvonne/labpro/ego_planner/install/traj_utils/include/traj_utils/traj_utils/msg/detail/multi_bsplines__rosidl_typesupport_introspection_cpp.hpp
[21.337s] -- Symlinking: /home/hyvonne/labpro/ego_planner/install/traj_utils/share/traj_utils/environment/pythonpath.sh
[21.342s] -- Symlinking: /home/hyvonne/labpro/ego_planner/install/traj_utils/share/traj_utils/environment/pythonpath.dsv
[21.350s] -- Symlinking: /home/hyvonne/labpro/ego_planner/install/traj_utils/local/lib/python3.10/dist-packages/traj_utils-0.0.0-py3.10.egg-info/PKG-INFO
[21.355s] -- Symlinking: /home/hyvonne/labpro/ego_planner/install/traj_utils/local/lib/python3.10/dist-packages/traj_utils-0.0.0-py3.10.egg-info/SOURCES.txt
[21.362s] -- Symlinking: /home/hyvonne/labpro/ego_planner/install/traj_utils/local/lib/python3.10/dist-packages/traj_utils-0.0.0-py3.10.egg-info/dependency_links.txt
[21.368s] -- Symlinking: /home/hyvonne/labpro/ego_planner/install/traj_utils/local/lib/python3.10/dist-packages/traj_utils-0.0.0-py3.10.egg-info/top_level.txt
[21.374s] -- Symlinking: /home/hyvonne/labpro/ego_planner/install/traj_utils/local/lib/python3.10/dist-packages/traj_utils/__init__.py
[21.379s] -- Symlinking: /home/hyvonne/labpro/ego_planner/install/traj_utils/local/lib/python3.10/dist-packages/traj_utils/_traj_utils_s.ep.rosidl_typesupport_c.c
[21.385s] -- Symlinking: /home/hyvonne/labpro/ego_planner/install/traj_utils/local/lib/python3.10/dist-packages/traj_utils/_traj_utils_s.ep.rosidl_typesupport_fastrtps_c.c
[21.390s] -- Symlinking: /home/hyvonne/labpro/ego_planner/install/traj_utils/local/lib/python3.10/dist-packages/traj_utils/_traj_utils_s.ep.rosidl_typesupport_introspection_c.c
[21.396s] -- Symlinking: /home/hyvonne/labpro/ego_planner/install/traj_utils/local/lib/python3.10/dist-packages/traj_utils/libtraj_utils__rosidl_generator_py.so
[21.403s] -- Symlinking: /home/hyvonne/labpro/ego_planner/install/traj_utils/local/lib/python3.10/dist-packages/traj_utils/msg/__init__.py
[21.410s] -- Symlinking: /home/hyvonne/labpro/ego_planner/install/traj_utils/local/lib/python3.10/dist-packages/traj_utils/msg/_bspline.py
[21.416s] -- Symlinking: /home/hyvonne/labpro/ego_planner/install/traj_utils/local/lib/python3.10/dist-packages/traj_utils/msg/_bspline_s.c
[21.423s] -- Symlinking: /home/hyvonne/labpro/ego_planner/install/traj_utils/local/lib/python3.10/dist-packages/traj_utils/msg/_data_disp.py
[21.428s] -- Symlinking: /home/hyvonne/labpro/ego_planner/install/traj_utils/local/lib/python3.10/dist-packages/traj_utils/msg/_data_disp_s.c
[21.435s] -- Symlinking: /home/hyvonne/labpro/ego_planner/install/traj_utils/local/lib/python3.10/dist-packages/traj_utils/msg/_multi_bsplines.py
[21.440s] -- Symlinking: /home/hyvonne/labpro/ego_planner/install/traj_utils/local/lib/python3.10/dist-packages/traj_utils/msg/_multi_bsplines_s.c
[21.449s] -- Symlinking: /home/hyvonne/labpro/ego_planner/install/traj_utils/local/lib/python3.10/dist-packages/traj_utils/traj_utils_s__rosidl_typesupport_c.cpython-310-x86_64-linux-gnu.so
[21.456s] -- Symlinking: /home/hyvonne/labpro/ego_planner/install/traj_utils/local/lib/python3.10/dist-packages/traj_utils/traj_utils_s__rosidl_typesupport_fastrtps_c.cpython-310-x86_64-linux-gnu.so
[21.461s] -- Symlinking: /home/hyvonne/labpro/ego_planner/install/traj_utils/local/lib/python3.10/dist-packages/traj_utils/traj_utils_s__rosidl_typesupport_introspection_c.cpython-310-x86_64-linux-gnu.so
[21.468s] -- Up-to-date symlink: /home/hyvonne/labpro/ego_planner/install/traj_utils/local/lib/python3.10/dist-packages/traj_utils/traj_utils_s__rosidl_typesupport_fastrtps_c.cpython-310-x86_64-linux-gnu.so
[21.468s] -- Up-to-date symlink: /home/hyvonne/labpro/ego_planner/install/traj_utils/local/lib/python3.10/dist-packages/traj_utils/traj_utils_s__rosidl_typesupport_introspection_c.cpython-310-x86_64-linux-gnu.so
[21.469s] -- Up-to-date symlink: /home/hyvonne/labpro/ego_planner/install/traj_utils/local/lib/python3.10/dist-packages/traj_utils/traj_utils_s__rosidl_typesupport_c.cpython-310-x86_64-linux-gnu.so
[21.469s] -- Symlinking: /home/hyvonne/labpro/ego_planner/install/traj_utils/share/ament_index/resource_index/rust_packages/traj_utils
[21.475s] -- Symlinking: /home/hyvonne/labpro/ego_planner/install/traj_utils/share/traj_utils/rust/Cargo.toml
[21.481s] -- Symlinking: /home/hyvonne/labpro/ego_planner/install/traj_utils/share/traj_utils/rust/build.rs
[21.488s] -- Symlinking: /home/hyvonne/labpro/ego_planner/install/traj_utils/share/traj_utils/rust/src/lib.rs
[21.493s] -- Symlinking: /home/hyvonne/labpro/ego_planner/install/traj_utils/share/traj_utils/rust/src/msg.rs
[21.499s] -- Symlinking: /home/hyvonne/labpro/ego_planner/install/traj_utils/share/traj_utils/rust/src/msg/rmw.rs
[21.505s] -- Symlinking: /home/hyvonne/labpro/ego_planner/install/traj_utils/share/traj_utils/msg/Bspline.idl
[21.510s] -- Symlinking: /home/hyvonne/labpro/ego_planner/install/traj_utils/share/traj_utils/msg/DataDisp.idl
[21.518s] -- Symlinking: /home/hyvonne/labpro/ego_planner/install/traj_utils/share/traj_utils/msg/MultiBsplines.idl
[21.524s] -- Symlinking: /home/hyvonne/labpro/ego_planner/install/traj_utils/share/traj_utils/msg/Bspline.msg
[21.531s] -- Symlinking: /home/hyvonne/labpro/ego_planner/install/traj_utils/share/traj_utils/msg/DataDisp.msg
[21.538s] -- Symlinking: /home/hyvonne/labpro/ego_planner/install/traj_utils/share/traj_utils/msg/MultiBsplines.msg
[21.545s] -- Symlinking: /home/hyvonne/labpro/ego_planner/install/traj_utils/lib/libtraj_utils_lib.so
[21.552s] -- Symlinking: /home/hyvonne/labpro/ego_planner/install/traj_utils/include/traj_utils/traj_utils/plan_container.hpp
[21.559s] -- Symlinking: /home/hyvonne/labpro/ego_planner/install/traj_utils/include/traj_utils/traj_utils/planning_visualization.h
[21.565s] -- Symlinking: /home/hyvonne/labpro/ego_planner/install/traj_utils/include/traj_utils/traj_utils/polynomial_traj.h
[21.571s] -- Symlinking: /home/hyvonne/labpro/ego_planner/install/traj_utils/share/ament_index/resource_index/package_run_dependencies/traj_utils
[21.576s] -- Symlinking: /home/hyvonne/labpro/ego_planner/install/traj_utils/share/ament_index/resource_index/parent_prefix_path/traj_utils
[21.583s] -- Symlinking: /home/hyvonne/labpro/ego_planner/install/traj_utils/share/traj_utils/environment/ament_prefix_path.sh
[21.589s] -- Symlinking: /home/hyvonne/labpro/ego_planner/install/traj_utils/share/traj_utils/environment/ament_prefix_path.dsv
[21.595s] -- Symlinking: /home/hyvonne/labpro/ego_planner/install/traj_utils/share/traj_utils/environment/path.sh
[21.600s] -- Symlinking: /home/hyvonne/labpro/ego_planner/install/traj_utils/share/traj_utils/environment/path.dsv
[21.607s] -- Symlinking: /home/hyvonne/labpro/ego_planner/install/traj_utils/share/traj_utils/local_setup.bash
[21.613s] -- Symlinking: /home/hyvonne/labpro/ego_planner/install/traj_utils/share/traj_utils/local_setup.sh
[21.622s] -- Symlinking: /home/hyvonne/labpro/ego_planner/install/traj_utils/share/traj_utils/local_setup.zsh
[21.630s] -- Symlinking: /home/hyvonne/labpro/ego_planner/install/traj_utils/share/traj_utils/local_setup.dsv
[21.637s] -- Symlinking: /home/hyvonne/labpro/ego_planner/install/traj_utils/share/traj_utils/package.dsv
[21.643s] -- Symlinking: /home/hyvonne/labpro/ego_planner/install/traj_utils/share/ament_index/resource_index/packages/traj_utils
[21.649s] -- Symlinking: /home/hyvonne/labpro/ego_planner/install/traj_utils/share/traj_utils/cmake/rosidl_cmake-extras.cmake
[21.656s] -- Symlinking: /home/hyvonne/labpro/ego_planner/install/traj_utils/share/traj_utils/cmake/ament_cmake_export_dependencies-extras.cmake
[21.662s] -- Symlinking: /home/hyvonne/labpro/ego_planner/install/traj_utils/share/traj_utils/cmake/ament_cmake_export_include_directories-extras.cmake
[21.669s] -- Symlinking: /home/hyvonne/labpro/ego_planner/install/traj_utils/share/traj_utils/cmake/ament_cmake_export_libraries-extras.cmake
[21.675s] -- Symlinking: /home/hyvonne/labpro/ego_planner/install/traj_utils/share/traj_utils/cmake/ament_cmake_export_targets-extras.cmake
[21.682s] -- Symlinking: /home/hyvonne/labpro/ego_planner/install/traj_utils/share/traj_utils/cmake/rosidl_cmake_export_typesupport_targets-extras.cmake
[21.689s] -- Symlinking: /home/hyvonne/labpro/ego_planner/install/traj_utils/share/traj_utils/cmake/rosidl_cmake_export_typesupport_libraries-extras.cmake
[21.696s] -- Symlinking: /home/hyvonne/labpro/ego_planner/install/traj_utils/share/traj_utils/cmake/traj_utilsConfig.cmake
[21.704s] -- Symlinking: /home/hyvonne/labpro/ego_planner/install/traj_utils/share/traj_utils/cmake/traj_utilsConfig-version.cmake
[21.710s] -- Symlinking: /home/hyvonne/labpro/ego_planner/install/traj_utils/share/traj_utils/package.xml
[21.717s] -- Installing: /home/hyvonne/labpro/ego_planner/install/traj_utils/lib/libtraj_utils__rosidl_generator_c.so
[21.717s] -- Set runtime path of "/home/hyvonne/labpro/ego_planner/install/traj_utils/lib/libtraj_utils__rosidl_generator_c.so" to ""
[21.717s] -- Installing: /home/hyvonne/labpro/ego_planner/install/traj_utils/lib/libtraj_utils__rosidl_typesupport_fastrtps_c.so
[21.717s] -- Set runtime path of "/home/hyvonne/labpro/ego_planner/install/traj_utils/lib/libtraj_utils__rosidl_typesupport_fastrtps_c.so" to ""
[21.718s] -- Installing: /home/hyvonne/labpro/ego_planner/install/traj_utils/lib/libtraj_utils__rosidl_typesupport_fastrtps_cpp.so
[21.718s] -- Set runtime path of "/home/hyvonne/labpro/ego_planner/install/traj_utils/lib/libtraj_utils__rosidl_typesupport_fastrtps_cpp.so" to ""
[21.718s] -- Installing: /home/hyvonne/labpro/ego_planner/install/traj_utils/lib/libtraj_utils__rosidl_typesupport_introspection_c.so
[21.718s] -- Set runtime path of "/home/hyvonne/labpro/ego_planner/install/traj_utils/lib/libtraj_utils__rosidl_typesupport_introspection_c.so" to ""
[21.718s] -- Installing: /home/hyvonne/labpro/ego_planner/install/traj_utils/lib/libtraj_utils__rosidl_typesupport_c.so
[21.719s] -- Set runtime path of "/home/hyvonne/labpro/ego_planner/install/traj_utils/lib/libtraj_utils__rosidl_typesupport_c.so" to ""
[21.719s] -- Installing: /home/hyvonne/labpro/ego_planner/install/traj_utils/lib/libtraj_utils__rosidl_typesupport_introspection_cpp.so
[21.719s] -- Set runtime path of "/home/hyvonne/labpro/ego_planner/install/traj_utils/lib/libtraj_utils__rosidl_typesupport_introspection_cpp.so" to ""
[21.719s] -- Installing: /home/hyvonne/labpro/ego_planner/install/traj_utils/lib/libtraj_utils__rosidl_typesupport_cpp.so
[21.719s] -- Set runtime path of "/home/hyvonne/labpro/ego_planner/install/traj_utils/lib/libtraj_utils__rosidl_typesupport_cpp.so" to ""
[21.745s] Listing '/home/hyvonne/labpro/ego_planner/install/traj_utils/local/lib/python3.10/dist-packages/traj_utils'...
[21.745s] Compiling '/home/hyvonne/labpro/ego_planner/install/traj_utils/local/lib/python3.10/dist-packages/traj_utils/__init__.py'...
[21.745s] Listing '/home/hyvonne/labpro/ego_planner/install/traj_utils/local/lib/python3.10/dist-packages/traj_utils/msg'...
[21.745s] Compiling '/home/hyvonne/labpro/ego_planner/install/traj_utils/local/lib/python3.10/dist-packages/traj_utils/msg/__init__.py'...
[21.745s] Compiling '/home/hyvonne/labpro/ego_planner/install/traj_utils/local/lib/python3.10/dist-packages/traj_utils/msg/_bspline.py'...
[21.745s] Compiling '/home/hyvonne/labpro/ego_planner/install/traj_utils/local/lib/python3.10/dist-packages/traj_utils/msg/_data_disp.py'...
[21.745s] Compiling '/home/hyvonne/labpro/ego_planner/install/traj_utils/local/lib/python3.10/dist-packages/traj_utils/msg/_multi_bsplines.py'...
[21.748s] -- Installing: /home/hyvonne/labpro/ego_planner/install/traj_utils/lib/libtraj_utils__rosidl_generator_py.so
[21.749s] -- Set runtime path of "/home/hyvonne/labpro/ego_planner/install/traj_utils/lib/libtraj_utils__rosidl_generator_py.so" to ""
[21.749s] -- Installing: /home/hyvonne/labpro/ego_planner/install/traj_utils/share/traj_utils/cmake/export_traj_utils__rosidl_generator_cExport.cmake
[21.749s] -- Installing: /home/hyvonne/labpro/ego_planner/install/traj_utils/share/traj_utils/cmake/export_traj_utils__rosidl_generator_cExport-release.cmake
[21.749s] -- Installing: /home/hyvonne/labpro/ego_planner/install/traj_utils/share/traj_utils/cmake/export_traj_utils__rosidl_typesupport_fastrtps_cExport.cmake
[21.749s] -- Installing: /home/hyvonne/labpro/ego_planner/install/traj_utils/share/traj_utils/cmake/export_traj_utils__rosidl_typesupport_fastrtps_cExport-release.cmake
[21.749s] -- Installing: /home/hyvonne/labpro/ego_planner/install/traj_utils/share/traj_utils/cmake/export_traj_utils__rosidl_generator_cppExport.cmake
[21.749s] -- Installing: /home/hyvonne/labpro/ego_planner/install/traj_utils/share/traj_utils/cmake/export_traj_utils__rosidl_typesupport_fastrtps_cppExport.cmake
[21.749s] -- Installing: /home/hyvonne/labpro/ego_planner/install/traj_utils/share/traj_utils/cmake/export_traj_utils__rosidl_typesupport_fastrtps_cppExport-release.cmake
[21.749s] -- Installing: /home/hyvonne/labpro/ego_planner/install/traj_utils/share/traj_utils/cmake/traj_utils__rosidl_typesupport_introspection_cExport.cmake
[21.749s] -- Installing: /home/hyvonne/labpro/ego_planner/install/traj_utils/share/traj_utils/cmake/traj_utils__rosidl_typesupport_introspection_cExport-release.cmake
[21.749s] -- Installing: /home/hyvonne/labpro/ego_planner/install/traj_utils/share/traj_utils/cmake/traj_utils__rosidl_typesupport_cExport.cmake
[21.749s] -- Installing: /home/hyvonne/labpro/ego_planner/install/traj_utils/share/traj_utils/cmake/traj_utils__rosidl_typesupport_cExport-release.cmake
[21.749s] -- Installing: /home/hyvonne/labpro/ego_planner/install/traj_utils/share/traj_utils/cmake/traj_utils__rosidl_typesupport_introspection_cppExport.cmake
[21.750s] -- Installing: /home/hyvonne/labpro/ego_planner/install/traj_utils/share/traj_utils/cmake/traj_utils__rosidl_typesupport_introspection_cppExport-release.cmake
[21.750s] -- Installing: /home/hyvonne/labpro/ego_planner/install/traj_utils/share/traj_utils/cmake/traj_utils__rosidl_typesupport_cppExport.cmake
[21.750s] -- Installing: /home/hyvonne/labpro/ego_planner/install/traj_utils/share/traj_utils/cmake/traj_utils__rosidl_typesupport_cppExport-release.cmake
[21.750s] -- Installing: /home/hyvonne/labpro/ego_planner/install/traj_utils/share/traj_utils/cmake/export_traj_utils__rosidl_generator_pyExport.cmake
[21.750s] -- Installing: /home/hyvonne/labpro/ego_planner/install/traj_utils/share/traj_utils/cmake/export_traj_utils__rosidl_generator_pyExport-release.cmake
[21.752s] Invoked command in '/home/hyvonne/labpro/ego_planner/build/traj_utils' returned '0': CMAKE_PREFIX_PATH=/opt/ros/humble /usr/bin/cmake --install /home/hyvonne/labpro/ego_planner/build/traj_utils
