[0.007s] Invoking command in '/home/hyvonne/labpro/ego_planner/build/local_sensing': AMENT_PREFIX_PATH=/home/hyvonne/labpro/ego_planner/install/quadrotor_msgs:${AMENT_PREFIX_PATH} CMAKE_PREFIX_PATH=/home/hyvonne/labpro/ego_planner/install/quadrotor_msgs:/opt/ros/humble LD_LIBRARY_PATH=/home/hyvonne/labpro/ego_planner/install/quadrotor_msgs/lib:${LD_LIBRARY_PATH} PYTHONPATH=/home/hyvonne/labpro/ego_planner/install/quadrotor_msgs/local/lib/python3.10/dist-packages:${PYTHONPATH} /usr/bin/cmake /home/hyvonne/labpro/ego_planner/src/uav_simulator/local_sensing -DAMENT_CMAKE_SYMLINK_INSTALL=1 -DCMAKE_INSTALL_PREFIX=/home/hyvonne/labpro/ego_planner/install/local_sensing
[0.050s] -- The C compiler identification is GNU 11.4.0
[0.092s] -- The CXX compiler identification is GNU 11.4.0
[0.097s] -- Detecting C compiler ABI info
[0.154s] -- Detecting C compiler ABI info - done
[0.159s] -- Check for working C compiler: /usr/bin/cc - skipped
[0.159s] -- Detecting C compile features
[0.160s] -- Detecting C compile features - done
[0.162s] -- Detecting CXX compiler ABI info
[0.229s] -- Detecting CXX compiler ABI info - done
[0.234s] -- Check for working CXX compiler: /usr/bin/c++ - skipped
[0.234s] -- Detecting CXX compile features
[0.235s] -- Detecting CXX compile features - done
[0.240s] -- Found ament_cmake: 1.3.14 (/opt/ros/humble/share/ament_cmake/cmake)
[0.350s] -- Found Python3: /usr/bin/python3 (found version "3.10.12") found components: Interpreter 
[0.393s] -- Override CMake install command with custom implementation using symlinks instead of copying resources
[0.410s] -- Found rclcpp: 16.0.19 (/opt/ros/humble/share/rclcpp/cmake)
[0.436s] -- Found rosidl_generator_c: 3.1.8 (/opt/ros/humble/share/rosidl_generator_c/cmake)
[0.439s] -- Found rosidl_adapter: 3.1.8 (/opt/ros/humble/share/rosidl_adapter/cmake)
[0.445s] -- Found rosidl_generator_cpp: 3.1.8 (/opt/ros/humble/share/rosidl_generator_cpp/cmake)
[0.452s] -- Using all available rosidl_typesupport_c: rosidl_typesupport_fastrtps_c;rosidl_typesupport_introspection_c
[0.462s] -- Using all available rosidl_typesupport_cpp: rosidl_typesupport_fastrtps_cpp;rosidl_typesupport_introspection_cpp
[0.489s] -- Found rmw_implementation_cmake: 6.1.2 (/opt/ros/humble/share/rmw_implementation_cmake/cmake)
[0.491s] -- Found rmw_cyclonedds_cpp: 1.3.4 (/opt/ros/humble/share/rmw_cyclonedds_cpp/cmake)
[0.504s] -- Using RMW implementation 'rmw_cyclonedds_cpp' as default
[0.509s] -- Looking for pthread.h
[0.574s] -- Looking for pthread.h - found
[0.574s] -- Performing Test CMAKE_HAVE_LIBC_PTHREAD
[0.634s] -- Performing Test CMAKE_HAVE_LIBC_PTHREAD - Success
[0.635s] -- Found Threads: TRUE  
[0.669s] -- Found pcl_ros: 2.4.5 (/opt/ros/humble/share/pcl_ros/cmake)
[0.721s] -- Checking for module 'eigen3'
[0.731s] --   Found eigen3, version 3.4.0
[0.761s] -- Found Eigen: /usr/include/eigen3 (Required is at least version "3.1") 
[0.761s] -- Eigen found (include: /usr/include/eigen3, version: 3.4.0)
[0.784s] -- Checking for module 'flann'
[0.796s] --   Found flann, version 1.9.1
[0.831s] -- Found FLANN: /usr/lib/x86_64-linux-gnu/libflann_cpp.so  
[0.831s] -- FLANN found (include: /usr/include, lib: /usr/lib/x86_64-linux-gnu/libflann_cpp.so)
[1.581s] -- Checking for module 'libusb-1.0'
[1.593s] --   Found libusb-1.0, version 1.0.25
[1.624s] -- Found libusb: /usr/lib/x86_64-linux-gnu/libusb-1.0.so  
[1.625s] -- OpenNI found (version: 1.5.4.0, include: /usr/include/ni, lib: /usr/lib/libOpenNI.so;libusb::libusb)
[1.673s] -- OpenNI2 found (version: 2.2.0.33, include: /usr/include/openni2, lib: /usr/lib/x86_64-linux-gnu/libOpenNI2.so;libusb::libusb)
[1.784s] -- Eigen found (include: /usr/include/eigen3, version: 3.4.0)
[1.789s] -- OpenNI found (version: 1.5.4.0, include: /usr/include/ni, lib: /usr/lib/libOpenNI.so;libusb::libusb)
[1.795s] -- OpenNI2 found (version: 2.2.0.33, include: /usr/include/openni2, lib: /usr/lib/x86_64-linux-gnu/libOpenNI2.so;libusb::libusb)
[1.904s] -- Found Qhull version 8.0.2
[2.010s] -- OpenNI found (version: 1.5.4.0, include: /usr/include/ni, lib: /usr/lib/libOpenNI.so;libusb::libusb)
[2.109s] -- Found PCL_COMMON: /usr/lib/x86_64-linux-gnu/libpcl_common.so  
[2.110s] -- Found PCL_KDTREE: /usr/lib/x86_64-linux-gnu/libpcl_kdtree.so  
[2.110s] -- Found PCL_OCTREE: /usr/lib/x86_64-linux-gnu/libpcl_octree.so  
[2.111s] -- Found PCL_SEARCH: /usr/lib/x86_64-linux-gnu/libpcl_search.so  
[2.111s] -- Found PCL_SAMPLE_CONSENSUS: /usr/lib/x86_64-linux-gnu/libpcl_sample_consensus.so  
[2.112s] -- Found PCL_FILTERS: /usr/lib/x86_64-linux-gnu/libpcl_filters.so  
[2.112s] -- Found PCL_2D: /usr/include/pcl-1.12  
[2.112s] -- Found PCL_GEOMETRY: /usr/include/pcl-1.12  
[2.113s] -- Found PCL_IO: /usr/lib/x86_64-linux-gnu/libpcl_io.so  
[2.114s] -- Found PCL_FEATURES: /usr/lib/x86_64-linux-gnu/libpcl_features.so  
[2.114s] -- Found PCL_ML: /usr/lib/x86_64-linux-gnu/libpcl_ml.so  
[2.115s] -- Found PCL_SEGMENTATION: /usr/lib/x86_64-linux-gnu/libpcl_segmentation.so  
[2.115s] -- Found PCL_VISUALIZATION: /usr/lib/x86_64-linux-gnu/libpcl_visualization.so  
[2.116s] -- Found PCL_SURFACE: /usr/lib/x86_64-linux-gnu/libpcl_surface.so  
[2.117s] -- Found PCL_REGISTRATION: /usr/lib/x86_64-linux-gnu/libpcl_registration.so  
[2.117s] -- Found PCL_KEYPOINTS: /usr/lib/x86_64-linux-gnu/libpcl_keypoints.so  
[2.118s] -- Found PCL_TRACKING: /usr/lib/x86_64-linux-gnu/libpcl_tracking.so  
[2.119s] -- Found PCL_RECOGNITION: /usr/lib/x86_64-linux-gnu/libpcl_recognition.so  
[2.119s] -- Found PCL_STEREO: /usr/lib/x86_64-linux-gnu/libpcl_stereo.so  
[2.120s] -- Found PCL_APPS: /usr/lib/x86_64-linux-gnu/libpcl_apps.so  
[2.120s] -- Found PCL_IN_HAND_SCANNER: /usr/include/pcl-1.12  
[2.121s] -- Found PCL_MODELER: /usr/include/pcl-1.12  
[2.121s] -- Found PCL_POINT_CLOUD_EDITOR: /usr/include/pcl-1.12  
[2.121s] -- Found PCL_OUTOFCORE: /usr/lib/x86_64-linux-gnu/libpcl_outofcore.so  
[2.122s] -- Found PCL_PEOPLE: /usr/lib/x86_64-linux-gnu/libpcl_people.so  
[2.139s] -- Found eigen3_cmake_module: 0.1.1 (/opt/ros/humble/share/eigen3_cmake_module/cmake)
[2.140s] -- Found Eigen3: TRUE (found version "3.4.0") 
[2.140s] -- Ensuring Eigen3 include directory is part of orocos-kdl CMake target
[2.200s] -- Found nav_msgs: 4.9.1 (/opt/ros/humble/share/nav_msgs/cmake)
[2.211s] -- Found quadrotor_msgs: 0.0.0 (/home/hyvonne/labpro/ego_planner/install/quadrotor_msgs/share/quadrotor_msgs/cmake)
[2.230s] -- Found Boost: /usr/lib/x86_64-linux-gnu/cmake/Boost-1.74.0/BoostConfig.cmake (found version "1.74.0") found components: date_time 
[2.279s] -- Configuring done
[2.300s] -- Generating done
[2.305s] -- Build files have been written to: /home/hyvonne/labpro/ego_planner/build/local_sensing
[2.317s] Invoked command in '/home/hyvonne/labpro/ego_planner/build/local_sensing' returned '0': AMENT_PREFIX_PATH=/home/hyvonne/labpro/ego_planner/install/quadrotor_msgs:${AMENT_PREFIX_PATH} CMAKE_PREFIX_PATH=/home/hyvonne/labpro/ego_planner/install/quadrotor_msgs:/opt/ros/humble LD_LIBRARY_PATH=/home/hyvonne/labpro/ego_planner/install/quadrotor_msgs/lib:${LD_LIBRARY_PATH} PYTHONPATH=/home/hyvonne/labpro/ego_planner/install/quadrotor_msgs/local/lib/python3.10/dist-packages:${PYTHONPATH} /usr/bin/cmake /home/hyvonne/labpro/ego_planner/src/uav_simulator/local_sensing -DAMENT_CMAKE_SYMLINK_INSTALL=1 -DCMAKE_INSTALL_PREFIX=/home/hyvonne/labpro/ego_planner/install/local_sensing
[2.318s] Invoking command in '/home/hyvonne/labpro/ego_planner/build/local_sensing': AMENT_PREFIX_PATH=/home/hyvonne/labpro/ego_planner/install/quadrotor_msgs:${AMENT_PREFIX_PATH} CMAKE_PREFIX_PATH=/home/hyvonne/labpro/ego_planner/install/quadrotor_msgs:/opt/ros/humble LD_LIBRARY_PATH=/home/hyvonne/labpro/ego_planner/install/quadrotor_msgs/lib:${LD_LIBRARY_PATH} PYTHONPATH=/home/hyvonne/labpro/ego_planner/install/quadrotor_msgs/local/lib/python3.10/dist-packages:${PYTHONPATH} /usr/bin/cmake --build /home/hyvonne/labpro/ego_planner/build/local_sensing -- -j20 -l20
[2.362s] [ 50%] [32mBuilding CXX object CMakeFiles/pcl_render_node.dir/src/pointcloud_render_node.cpp.o[0m
[5.741s] [01m[K/home/hyvonne/labpro/ego_planner/src/uav_simulator/local_sensing/src/pointcloud_render_node.cpp:[m[K In function ‘[01m[Kvoid rcvLocalPointCloudCallBack(sensor_msgs::msg::PointCloud2_<std::allocator<void> >::SharedPtr)[m[K’:
[5.741s] [01m[K/home/hyvonne/labpro/ego_planner/src/uav_simulator/local_sensing/src/pointcloud_render_node.cpp:167:52:[m[K [01;35m[Kwarning: [m[Kunused parameter ‘[01m[Kpointcloud_map[m[K’ [[01;35m[K]8;;https://gcc.gnu.org/onlinedocs/gcc/Warning-Options.html#index-Wunused-parameter-Wunused-parameter]8;;[m[K]
[5.741s]   167 |     [01;35m[Kconst sensor_msgs::msg::PointCloud2::SharedPtr pointcloud_map[m[K) {
[5.741s]       |     [01;35m[K~~~~~~~~~~~~~~~~~~~~~~~~~~~~~~~~~~~~~~~~~~~~~~~^~~~~~~~~~~~~~[m[K
[14.619s] [100%] [32m[1mLinking CXX executable pcl_render_node[0m
[15.138s] [100%] Built target pcl_render_node
[15.148s] Invoked command in '/home/hyvonne/labpro/ego_planner/build/local_sensing' returned '0': AMENT_PREFIX_PATH=/home/hyvonne/labpro/ego_planner/install/quadrotor_msgs:${AMENT_PREFIX_PATH} CMAKE_PREFIX_PATH=/home/hyvonne/labpro/ego_planner/install/quadrotor_msgs:/opt/ros/humble LD_LIBRARY_PATH=/home/hyvonne/labpro/ego_planner/install/quadrotor_msgs/lib:${LD_LIBRARY_PATH} PYTHONPATH=/home/hyvonne/labpro/ego_planner/install/quadrotor_msgs/local/lib/python3.10/dist-packages:${PYTHONPATH} /usr/bin/cmake --build /home/hyvonne/labpro/ego_planner/build/local_sensing -- -j20 -l20
[15.149s] Invoking command in '/home/hyvonne/labpro/ego_planner/build/local_sensing': AMENT_PREFIX_PATH=/home/hyvonne/labpro/ego_planner/install/quadrotor_msgs:${AMENT_PREFIX_PATH} CMAKE_PREFIX_PATH=/home/hyvonne/labpro/ego_planner/install/quadrotor_msgs:/opt/ros/humble LD_LIBRARY_PATH=/home/hyvonne/labpro/ego_planner/install/quadrotor_msgs/lib:${LD_LIBRARY_PATH} PYTHONPATH=/home/hyvonne/labpro/ego_planner/install/quadrotor_msgs/local/lib/python3.10/dist-packages:${PYTHONPATH} /usr/bin/cmake --install /home/hyvonne/labpro/ego_planner/build/local_sensing
[15.156s] -- Install configuration: "Release"
[15.157s] -- Execute custom install script
[15.157s] -- Symlinking: /home/hyvonne/labpro/ego_planner/install/local_sensing/lib/local_sensing/pcl_render_node
[15.163s] -- Symlinking: /home/hyvonne/labpro/ego_planner/install/local_sensing/share/local_sensing/config/camera.yaml
[15.171s] -- Symlinking: /home/hyvonne/labpro/ego_planner/install/local_sensing/share/ament_index/resource_index/package_run_dependencies/local_sensing
[15.177s] -- Symlinking: /home/hyvonne/labpro/ego_planner/install/local_sensing/share/ament_index/resource_index/parent_prefix_path/local_sensing
[15.186s] -- Symlinking: /home/hyvonne/labpro/ego_planner/install/local_sensing/share/local_sensing/environment/ament_prefix_path.sh
[15.192s] -- Symlinking: /home/hyvonne/labpro/ego_planner/install/local_sensing/share/local_sensing/environment/ament_prefix_path.dsv
[15.198s] -- Symlinking: /home/hyvonne/labpro/ego_planner/install/local_sensing/share/local_sensing/environment/path.sh
[15.205s] -- Symlinking: /home/hyvonne/labpro/ego_planner/install/local_sensing/share/local_sensing/environment/path.dsv
[15.211s] -- Symlinking: /home/hyvonne/labpro/ego_planner/install/local_sensing/share/local_sensing/local_setup.bash
[15.218s] -- Symlinking: /home/hyvonne/labpro/ego_planner/install/local_sensing/share/local_sensing/local_setup.sh
[15.223s] -- Symlinking: /home/hyvonne/labpro/ego_planner/install/local_sensing/share/local_sensing/local_setup.zsh
[15.231s] -- Symlinking: /home/hyvonne/labpro/ego_planner/install/local_sensing/share/local_sensing/local_setup.dsv
[15.236s] -- Symlinking: /home/hyvonne/labpro/ego_planner/install/local_sensing/share/local_sensing/package.dsv
[15.242s] -- Symlinking: /home/hyvonne/labpro/ego_planner/install/local_sensing/share/ament_index/resource_index/packages/local_sensing
[15.247s] -- Symlinking: /home/hyvonne/labpro/ego_planner/install/local_sensing/share/local_sensing/cmake/local_sensingConfig.cmake
[15.253s] -- Symlinking: /home/hyvonne/labpro/ego_planner/install/local_sensing/share/local_sensing/cmake/local_sensingConfig-version.cmake
[15.260s] -- Symlinking: /home/hyvonne/labpro/ego_planner/install/local_sensing/share/local_sensing/package.xml
[15.267s] Invoked command in '/home/hyvonne/labpro/ego_planner/build/local_sensing' returned '0': AMENT_PREFIX_PATH=/home/hyvonne/labpro/ego_planner/install/quadrotor_msgs:${AMENT_PREFIX_PATH} CMAKE_PREFIX_PATH=/home/hyvonne/labpro/ego_planner/install/quadrotor_msgs:/opt/ros/humble LD_LIBRARY_PATH=/home/hyvonne/labpro/ego_planner/install/quadrotor_msgs/lib:${LD_LIBRARY_PATH} PYTHONPATH=/home/hyvonne/labpro/ego_planner/install/quadrotor_msgs/local/lib/python3.10/dist-packages:${PYTHONPATH} /usr/bin/cmake --install /home/hyvonne/labpro/ego_planner/build/local_sensing
