[0.007s] Invoking command in '/home/hyvonne/labpro/ego_planner/build/cmake_utils': CMAKE_PREFIX_PATH=/opt/ros/humble /usr/bin/cmake /home/hyvonne/labpro/ego_planner/src/uav_simulator/Utils/cmake_utils -DAMENT_CMAKE_SYMLINK_INSTALL=1 -DCMAKE_INSTALL_PREFIX=/home/hyvonne/labpro/ego_planner/install/cmake_utils
[0.069s] -- The C compiler identification is GNU 11.4.0
[0.138s] -- The CXX compiler identification is GNU 11.4.0
[0.144s] -- Detecting C compiler ABI info
[0.213s] -- Detecting C compiler ABI info - done
[0.218s] -- Check for working C compiler: /usr/bin/cc - skipped
[0.219s] -- Detecting C compile features
[0.219s] -- Detecting C compile features - done
[0.221s] -- Detecting CXX compiler ABI info
[0.301s] -- Detecting CXX compiler ABI info - done
[0.307s] -- Check for working CXX compiler: /usr/bin/c++ - skipped
[0.307s] -- Detecting CXX compile features
[0.307s] -- Detecting CXX compile features - done
[0.309s] -- Found ament_cmake: 1.3.14 (/opt/ros/humble/share/ament_cmake/cmake)
[0.427s] -- Found Python3: /usr/bin/python3 (found version "3.10.12") found components: Interpreter 
[0.473s] -- Override CMake install command with custom implementation using symlinks instead of copying resources
[0.490s] -- Found rclcpp: 16.0.19 (/opt/ros/humble/share/rclcpp/cmake)
[0.516s] -- Found rosidl_generator_c: 3.1.8 (/opt/ros/humble/share/rosidl_generator_c/cmake)
[0.519s] -- Found rosidl_adapter: 3.1.8 (/opt/ros/humble/share/rosidl_adapter/cmake)
[0.524s] -- Found rosidl_generator_cpp: 3.1.8 (/opt/ros/humble/share/rosidl_generator_cpp/cmake)
[0.532s] -- Using all available rosidl_typesupport_c: rosidl_typesupport_fastrtps_c;rosidl_typesupport_introspection_c
[0.542s] -- Using all available rosidl_typesupport_cpp: rosidl_typesupport_fastrtps_cpp;rosidl_typesupport_introspection_cpp
[0.570s] -- Found rmw_implementation_cmake: 6.1.2 (/opt/ros/humble/share/rmw_implementation_cmake/cmake)
[0.572s] -- Found rmw_cyclonedds_cpp: 1.3.4 (/opt/ros/humble/share/rmw_cyclonedds_cpp/cmake)
[0.585s] -- Using RMW implementation 'rmw_cyclonedds_cpp' as default
[0.590s] -- Looking for pthread.h
[0.655s] -- Looking for pthread.h - found
[0.655s] -- Performing Test CMAKE_HAVE_LIBC_PTHREAD
[0.727s] -- Performing Test CMAKE_HAVE_LIBC_PTHREAD - Success
[0.728s] -- Found Threads: TRUE  
[0.762s] -- Found ament_lint_auto: 0.12.15 (/opt/ros/humble/share/ament_lint_auto/cmake)
[0.814s] -- Added test 'lint_cmake' to check CMake code style
[0.815s] -- Added test 'xmllint' to check XML markup files
[0.816s] -- Configuring done
[0.818s] -- Generating done
[0.820s] -- Build files have been written to: /home/hyvonne/labpro/ego_planner/build/cmake_utils
[0.825s] Invoked command in '/home/hyvonne/labpro/ego_planner/build/cmake_utils' returned '0': CMAKE_PREFIX_PATH=/opt/ros/humble /usr/bin/cmake /home/hyvonne/labpro/ego_planner/src/uav_simulator/Utils/cmake_utils -DAMENT_CMAKE_SYMLINK_INSTALL=1 -DCMAKE_INSTALL_PREFIX=/home/hyvonne/labpro/ego_planner/install/cmake_utils
[0.827s] Invoking command in '/home/hyvonne/labpro/ego_planner/build/cmake_utils': CMAKE_PREFIX_PATH=/opt/ros/humble /usr/bin/cmake --build /home/hyvonne/labpro/ego_planner/build/cmake_utils -- -j20 -l20
[0.859s] Invoked command in '/home/hyvonne/labpro/ego_planner/build/cmake_utils' returned '0': CMAKE_PREFIX_PATH=/opt/ros/humble /usr/bin/cmake --build /home/hyvonne/labpro/ego_planner/build/cmake_utils -- -j20 -l20
[0.867s] Invoking command in '/home/hyvonne/labpro/ego_planner/build/cmake_utils': CMAKE_PREFIX_PATH=/opt/ros/humble /usr/bin/cmake --install /home/hyvonne/labpro/ego_planner/build/cmake_utils
[0.873s] -- Install configuration: ""
[0.873s] -- Execute custom install script
[0.873s] -- Symlinking: /home/hyvonne/labpro/ego_planner/install/cmake_utils/share/ament_index/resource_index/package_run_dependencies/cmake_utils
[0.881s] -- Symlinking: /home/hyvonne/labpro/ego_planner/install/cmake_utils/share/ament_index/resource_index/parent_prefix_path/cmake_utils
[0.888s] -- Symlinking: /home/hyvonne/labpro/ego_planner/install/cmake_utils/share/cmake_utils/environment/ament_prefix_path.sh
[0.894s] -- Symlinking: /home/hyvonne/labpro/ego_planner/install/cmake_utils/share/cmake_utils/environment/ament_prefix_path.dsv
[0.900s] -- Symlinking: /home/hyvonne/labpro/ego_planner/install/cmake_utils/share/cmake_utils/environment/path.sh
[0.908s] -- Symlinking: /home/hyvonne/labpro/ego_planner/install/cmake_utils/share/cmake_utils/environment/path.dsv
[0.916s] -- Symlinking: /home/hyvonne/labpro/ego_planner/install/cmake_utils/share/cmake_utils/local_setup.bash
[0.923s] -- Symlinking: /home/hyvonne/labpro/ego_planner/install/cmake_utils/share/cmake_utils/local_setup.sh
[0.929s] -- Symlinking: /home/hyvonne/labpro/ego_planner/install/cmake_utils/share/cmake_utils/local_setup.zsh
[0.939s] -- Symlinking: /home/hyvonne/labpro/ego_planner/install/cmake_utils/share/cmake_utils/local_setup.dsv
[0.945s] -- Symlinking: /home/hyvonne/labpro/ego_planner/install/cmake_utils/share/cmake_utils/package.dsv
[0.952s] -- Symlinking: /home/hyvonne/labpro/ego_planner/install/cmake_utils/share/ament_index/resource_index/packages/cmake_utils
[0.958s] -- Symlinking: /home/hyvonne/labpro/ego_planner/install/cmake_utils/share/cmake_utils/cmake/cmake_utilsConfig.cmake
[0.965s] -- Symlinking: /home/hyvonne/labpro/ego_planner/install/cmake_utils/share/cmake_utils/cmake/cmake_utilsConfig-version.cmake
[0.971s] -- Symlinking: /home/hyvonne/labpro/ego_planner/install/cmake_utils/share/cmake_utils/package.xml
[0.979s] Invoked command in '/home/hyvonne/labpro/ego_planner/build/cmake_utils' returned '0': CMAKE_PREFIX_PATH=/opt/ros/humble /usr/bin/cmake --install /home/hyvonne/labpro/ego_planner/build/cmake_utils
