[0.008s] Invoking command in '/home/hyvonne/labpro/ego_planner/build/path_searching': AMENT_PREFIX_PATH=/home/hyvonne/labpro/ego_planner/install/plan_env:${AMENT_PREFIX_PATH} CMAKE_PREFIX_PATH=/home/hyvonne/labpro/ego_planner/install/plan_env:/opt/ros/humble LD_LIBRARY_PATH=/home/hyvonne/labpro/ego_planner/install/plan_env/lib:${LD_LIBRARY_PATH} /usr/bin/cmake /home/hyvonne/labpro/ego_planner/src/planner/path_searching -DAMENT_CMAKE_SYMLINK_INSTALL=1 -DCMAKE_INSTALL_PREFIX=/home/hyvonne/labpro/ego_planner/install/path_searching
[0.053s] -- The C compiler identification is GNU 11.4.0
[0.096s] -- The CXX compiler identification is GNU 11.4.0
[0.101s] -- Detecting C compiler ABI info
[0.159s] -- Detecting C compiler ABI info - done
[0.164s] -- Check for working C compiler: /usr/bin/cc - skipped
[0.164s] -- Detecting C compile features
[0.165s] -- Detecting C compile features - done
[0.167s] -- Detecting CXX compiler ABI info
[0.233s] -- Detecting CXX compiler ABI info - done
[0.238s] -- Check for working CXX compiler: /usr/bin/c++ - skipped
[0.238s] -- Detecting CXX compile features
[0.239s] -- Detecting CXX compile features - done
[0.240s] -- Found ament_cmake: 1.3.14 (/opt/ros/humble/share/ament_cmake/cmake)
[0.359s] -- Found Python3: /usr/bin/python3 (found version "3.10.12") found components: Interpreter 
[0.404s] -- Override CMake install command with custom implementation using symlinks instead of copying resources
[0.420s] -- Found rclcpp: 16.0.19 (/opt/ros/humble/share/rclcpp/cmake)
[0.446s] -- Found rosidl_generator_c: 3.1.8 (/opt/ros/humble/share/rosidl_generator_c/cmake)
[0.449s] -- Found rosidl_adapter: 3.1.8 (/opt/ros/humble/share/rosidl_adapter/cmake)
[0.454s] -- Found rosidl_generator_cpp: 3.1.8 (/opt/ros/humble/share/rosidl_generator_cpp/cmake)
[0.462s] -- Using all available rosidl_typesupport_c: rosidl_typesupport_fastrtps_c;rosidl_typesupport_introspection_c
[0.473s] -- Using all available rosidl_typesupport_cpp: rosidl_typesupport_fastrtps_cpp;rosidl_typesupport_introspection_cpp
[0.500s] -- Found rmw_implementation_cmake: 6.1.2 (/opt/ros/humble/share/rmw_implementation_cmake/cmake)
[0.501s] -- Found rmw_cyclonedds_cpp: 1.3.4 (/opt/ros/humble/share/rmw_cyclonedds_cpp/cmake)
[0.515s] -- Using RMW implementation 'rmw_cyclonedds_cpp' as default
[0.520s] -- Looking for pthread.h
[0.579s] -- Looking for pthread.h - found
[0.579s] -- Performing Test CMAKE_HAVE_LIBC_PTHREAD
[0.636s] -- Performing Test CMAKE_HAVE_LIBC_PTHREAD - Success
[0.637s] -- Found Threads: TRUE  
[0.670s] -- Found rclpy: 3.3.21 (/opt/ros/humble/share/rclpy/cmake)
[0.671s] -- Found visualization_msgs: 4.9.1 (/opt/ros/humble/share/visualization_msgs/cmake)
[0.706s] -- Found nav_msgs: 4.9.1 (/opt/ros/humble/share/nav_msgs/cmake)
[0.717s] -- Found plan_env: 0.0.0 (/home/hyvonne/labpro/ego_planner/install/plan_env/share/plan_env/cmake)
[0.718s] -- Found cv_bridge: 3.2.1 (/opt/ros/humble/share/cv_bridge/cmake)
[0.738s] -- Checking for module 'eigen3'
[0.750s] --   Found eigen3, version 3.4.0
[0.778s] -- Found Eigen: /usr/include/eigen3 (Required is at least version "3.1") 
[0.778s] -- Eigen found (include: /usr/include/eigen3, version: 3.4.0)
[0.790s] -- Found Boost: /usr/lib/x86_64-linux-gnu/cmake/Boost-1.74.0/BoostConfig.cmake (found suitable version "1.74.0", minimum required is "1.65.0") found components: system filesystem date_time iostreams serialization 
[0.802s] -- Checking for module 'flann'
[0.814s] --   Found flann, version 1.9.1
[0.850s] -- Found FLANN: /usr/lib/x86_64-linux-gnu/libflann_cpp.so  
[0.850s] -- FLANN found (include: /usr/include, lib: /usr/lib/x86_64-linux-gnu/libflann_cpp.so)
[0.881s] -- Found GLEW: /usr/lib/x86_64-linux-gnu/libGLEW.so  
[0.885s] -- Found OpenGL: /usr/lib/x86_64-linux-gnu/libOpenGL.so  found components: OpenGL GLX 
[1.024s] -- Found MPI_C: /usr/lib/x86_64-linux-gnu/libmpi.so (found version "3.1") 
[1.024s] -- Found MPI: TRUE (found version "3.1") found components: C 
[1.026s] -- Found JsonCpp: /usr/lib/x86_64-linux-gnu/libjsoncpp.so (found suitable version "1.9.5", minimum required is "0.7.0") 
[1.033s] -- Found ZLIB: /usr/lib/x86_64-linux-gnu/libz.so (found version "1.2.11") 
[1.048s] -- Found PNG: /usr/lib/x86_64-linux-gnu/libpng.so (found version "1.6.37") 
[1.055s] -- Found Eigen3: /usr/include/eigen3 (found version "3.4.0") 
[1.123s] -- Found X11: /usr/include   
[1.123s] -- Looking for XOpenDisplay in /usr/lib/x86_64-linux-gnu/libX11.so;/usr/lib/x86_64-linux-gnu/libXext.so
[1.187s] -- Looking for XOpenDisplay in /usr/lib/x86_64-linux-gnu/libX11.so;/usr/lib/x86_64-linux-gnu/libXext.so - found
[1.187s] -- Looking for gethostbyname
[1.244s] -- Looking for gethostbyname - found
[1.244s] -- Looking for connect
[1.300s] -- Looking for connect - found
[1.300s] -- Looking for remove
[1.356s] -- Looking for remove - found
[1.356s] -- Looking for shmat
[1.414s] -- Looking for shmat - found
[1.414s] -- Looking for IceConnectionNumber in ICE
[1.472s] -- Looking for IceConnectionNumber in ICE - found
[1.538s] -- Found EXPAT: /usr/lib/x86_64-linux-gnu/libexpat.so (found version "2.4.7") 
[1.539s] -- Found double-conversion: /usr/lib/x86_64-linux-gnu/libdouble-conversion.so  
[1.541s] -- Found LZ4: /usr/lib/x86_64-linux-gnu/liblz4.so (found version "1.9.3") 
[1.542s] -- Found LZMA: /usr/lib/x86_64-linux-gnu/liblzma.so (found version "5.2.5") 
[1.550s] -- Found JPEG: /usr/lib/x86_64-linux-gnu/libjpeg.so (found version "80") 
[1.553s] -- Found TIFF: /usr/lib/x86_64-linux-gnu/libtiff.so (found version "4.3.0")  
[1.556s] -- Found Freetype: /usr/lib/x86_64-linux-gnu/libfreetype.so (found version "2.11.1") 
[1.560s] -- Found utf8cpp: /usr/include/utf8cpp  
[1.626s] -- Checking for module 'libusb-1.0'
[1.638s] --   Found libusb-1.0, version 1.0.25
[1.670s] -- Found libusb: /usr/lib/x86_64-linux-gnu/libusb-1.0.so  
[1.670s] -- Found OpenNI: /usr/lib/libOpenNI.so;libusb::libusb (found version "1.5.4.0") 
[1.670s] -- OpenNI found (version: 1.5.4.0, include: /usr/include/ni, lib: /usr/lib/libOpenNI.so;libusb::libusb)
[1.720s] -- Found OpenNI2: /usr/lib/x86_64-linux-gnu/libOpenNI2.so;libusb::libusb (found version "2.2.0.33") 
[1.720s] -- OpenNI2 found (version: 2.2.0.33, include: /usr/include/openni2, lib: /usr/lib/x86_64-linux-gnu/libOpenNI2.so;libusb::libusb)
[1.720s] [0m** WARNING ** io features related to pcap will be disabled[0m
[1.837s] -- Eigen found (include: /usr/include/eigen3, version: 3.4.0)
[1.843s] -- OpenNI found (version: 1.5.4.0, include: /usr/include/ni, lib: /usr/lib/libOpenNI.so;libusb::libusb)
[1.847s] -- OpenNI2 found (version: 2.2.0.33, include: /usr/include/openni2, lib: /usr/lib/x86_64-linux-gnu/libOpenNI2.so;libusb::libusb)
[1.955s] -- Found Qhull version 8.0.2
[2.065s] -- OpenNI found (version: 1.5.4.0, include: /usr/include/ni, lib: /usr/lib/libOpenNI.so;libusb::libusb)
[2.166s] -- looking for PCL_COMMON
[2.166s] -- Found PCL_COMMON: /usr/lib/x86_64-linux-gnu/libpcl_common.so  
[2.167s] -- looking for PCL_KDTREE
[2.167s] -- Found PCL_KDTREE: /usr/lib/x86_64-linux-gnu/libpcl_kdtree.so  
[2.167s] -- looking for PCL_OCTREE
[2.168s] -- Found PCL_OCTREE: /usr/lib/x86_64-linux-gnu/libpcl_octree.so  
[2.168s] -- looking for PCL_SEARCH
[2.168s] -- Found PCL_SEARCH: /usr/lib/x86_64-linux-gnu/libpcl_search.so  
[2.169s] -- looking for PCL_SAMPLE_CONSENSUS
[2.169s] -- Found PCL_SAMPLE_CONSENSUS: /usr/lib/x86_64-linux-gnu/libpcl_sample_consensus.so  
[2.169s] -- looking for PCL_FILTERS
[2.170s] -- Found PCL_FILTERS: /usr/lib/x86_64-linux-gnu/libpcl_filters.so  
[2.170s] -- looking for PCL_2D
[2.170s] -- Found PCL_2D: /usr/include/pcl-1.12  
[2.171s] -- looking for PCL_GEOMETRY
[2.171s] -- Found PCL_GEOMETRY: /usr/include/pcl-1.12  
[2.171s] -- looking for PCL_IO
[2.171s] -- Found PCL_IO: /usr/lib/x86_64-linux-gnu/libpcl_io.so  
[2.171s] -- looking for PCL_FEATURES
[2.172s] -- Found PCL_FEATURES: /usr/lib/x86_64-linux-gnu/libpcl_features.so  
[2.172s] -- looking for PCL_ML
[2.172s] -- Found PCL_ML: /usr/lib/x86_64-linux-gnu/libpcl_ml.so  
[2.173s] -- looking for PCL_SEGMENTATION
[2.173s] -- Found PCL_SEGMENTATION: /usr/lib/x86_64-linux-gnu/libpcl_segmentation.so  
[2.173s] -- looking for PCL_VISUALIZATION
[2.174s] -- Found PCL_VISUALIZATION: /usr/lib/x86_64-linux-gnu/libpcl_visualization.so  
[2.174s] -- looking for PCL_SURFACE
[2.175s] -- Found PCL_SURFACE: /usr/lib/x86_64-linux-gnu/libpcl_surface.so  
[2.175s] -- looking for PCL_REGISTRATION
[2.175s] -- Found PCL_REGISTRATION: /usr/lib/x86_64-linux-gnu/libpcl_registration.so  
[2.175s] -- looking for PCL_KEYPOINTS
[2.176s] -- Found PCL_KEYPOINTS: /usr/lib/x86_64-linux-gnu/libpcl_keypoints.so  
[2.176s] -- looking for PCL_TRACKING
[2.177s] -- Found PCL_TRACKING: /usr/lib/x86_64-linux-gnu/libpcl_tracking.so  
[2.177s] -- looking for PCL_RECOGNITION
[2.177s] -- Found PCL_RECOGNITION: /usr/lib/x86_64-linux-gnu/libpcl_recognition.so  
[2.177s] -- looking for PCL_STEREO
[2.178s] -- Found PCL_STEREO: /usr/lib/x86_64-linux-gnu/libpcl_stereo.so  
[2.178s] -- looking for PCL_APPS
[2.179s] -- Found PCL_APPS: /usr/lib/x86_64-linux-gnu/libpcl_apps.so  
[2.179s] -- looking for PCL_IN_HAND_SCANNER
[2.179s] -- Found PCL_IN_HAND_SCANNER: /usr/include/pcl-1.12  
[2.179s] -- looking for PCL_MODELER
[2.180s] -- Found PCL_MODELER: /usr/include/pcl-1.12  
[2.180s] -- looking for PCL_POINT_CLOUD_EDITOR
[2.180s] -- Found PCL_POINT_CLOUD_EDITOR: /usr/include/pcl-1.12  
[2.180s] -- looking for PCL_OUTOFCORE
[2.181s] -- Found PCL_OUTOFCORE: /usr/lib/x86_64-linux-gnu/libpcl_outofcore.so  
[2.181s] -- looking for PCL_PEOPLE
[2.181s] -- Found PCL_PEOPLE: /usr/lib/x86_64-linux-gnu/libpcl_people.so  
[2.182s] -- Found PCL: pcl_common;pcl_kdtree;pcl_octree;pcl_search;pcl_sample_consensus;pcl_filters;pcl_io;pcl_features;pcl_ml;pcl_segmentation;pcl_visualization;pcl_surface;pcl_registration;pcl_keypoints;pcl_tracking;pcl_recognition;pcl_stereo;pcl_apps;pcl_outofcore;pcl_people;Boost::system;Boost::filesystem;Boost::date_time;Boost::iostreams;Boost::serialization;/usr/lib/libOpenNI.so;libusb::libusb;/usr/lib/x86_64-linux-gnu/libOpenNI2.so;libusb::libusb;VTK::ChartsCore;VTK::CommonColor;VTK::CommonComputationalGeometry;VTK::CommonCore;VTK::CommonDataModel;VTK::CommonExecutionModel;VTK::CommonMath;VTK::CommonMisc;VTK::CommonTransforms;VTK::FiltersCore;VTK::FiltersExtraction;VTK::FiltersGeneral;VTK::FiltersGeometry;VTK::FiltersModeling;VTK::FiltersSources;VTK::ImagingCore;VTK::ImagingSources;VTK::InteractionImage;VTK::InteractionStyle;VTK::InteractionWidgets;VTK::IOCore;VTK::IOGeometry;VTK::IOImage;VTK::IOLegacy;VTK::IOPLY;VTK::RenderingAnnotation;VTK::RenderingCore;VTK::RenderingContext2D;VTK::RenderingLOD;VTK::RenderingFreeType;VTK::ViewsCore;VTK::ViewsContext2D;VTK::RenderingOpenGL2;VTK::GUISupportQt;FLANN::FLANN;QHULL::QHULL  
[2.183s] -- Found pcl_conversions: 2.4.5 (/opt/ros/humble/share/pcl_conversions/cmake)
[2.203s] -- Found ament_lint_auto: 0.12.15 (/opt/ros/humble/share/ament_lint_auto/cmake)
[2.268s] -- Added test 'cppcheck' to perform static code analysis on C / C++ code
[2.269s] -- Configured cppcheck include dirs: /home/hyvonne/labpro/ego_planner/src/planner/path_searching/include
[2.269s] -- Configured cppcheck exclude dirs and/or files: 
[2.269s] -- Added test 'lint_cmake' to check CMake code style
[2.270s] -- Added test 'uncrustify' to check C / C++ code style
[2.270s] -- Configured uncrustify additional arguments: 
[2.270s] -- Added test 'xmllint' to check XML markup files
[2.271s] -- Configuring done
[2.291s] -- Generating done
[2.297s] -- Build files have been written to: /home/hyvonne/labpro/ego_planner/build/path_searching
[2.310s] Invoked command in '/home/hyvonne/labpro/ego_planner/build/path_searching' returned '0': AMENT_PREFIX_PATH=/home/hyvonne/labpro/ego_planner/install/plan_env:${AMENT_PREFIX_PATH} CMAKE_PREFIX_PATH=/home/hyvonne/labpro/ego_planner/install/plan_env:/opt/ros/humble LD_LIBRARY_PATH=/home/hyvonne/labpro/ego_planner/install/plan_env/lib:${LD_LIBRARY_PATH} /usr/bin/cmake /home/hyvonne/labpro/ego_planner/src/planner/path_searching -DAMENT_CMAKE_SYMLINK_INSTALL=1 -DCMAKE_INSTALL_PREFIX=/home/hyvonne/labpro/ego_planner/install/path_searching
[2.310s] Invoking command in '/home/hyvonne/labpro/ego_planner/build/path_searching': AMENT_PREFIX_PATH=/home/hyvonne/labpro/ego_planner/install/plan_env:${AMENT_PREFIX_PATH} CMAKE_PREFIX_PATH=/home/hyvonne/labpro/ego_planner/install/plan_env:/opt/ros/humble LD_LIBRARY_PATH=/home/hyvonne/labpro/ego_planner/install/plan_env/lib:${LD_LIBRARY_PATH} /usr/bin/cmake --build /home/hyvonne/labpro/ego_planner/build/path_searching -- -j20 -l20
[2.355s] [ 50%] [32mBuilding CXX object CMakeFiles/path_searching.dir/src/dyn_a_star.cpp.o[0m
[8.584s] [100%] [32m[1mLinking CXX shared library libpath_searching.so[0m
[8.886s] [100%] Built target path_searching
[8.896s] Invoked command in '/home/hyvonne/labpro/ego_planner/build/path_searching' returned '0': AMENT_PREFIX_PATH=/home/hyvonne/labpro/ego_planner/install/plan_env:${AMENT_PREFIX_PATH} CMAKE_PREFIX_PATH=/home/hyvonne/labpro/ego_planner/install/plan_env:/opt/ros/humble LD_LIBRARY_PATH=/home/hyvonne/labpro/ego_planner/install/plan_env/lib:${LD_LIBRARY_PATH} /usr/bin/cmake --build /home/hyvonne/labpro/ego_planner/build/path_searching -- -j20 -l20
[8.897s] Invoking command in '/home/hyvonne/labpro/ego_planner/build/path_searching': AMENT_PREFIX_PATH=/home/hyvonne/labpro/ego_planner/install/plan_env:${AMENT_PREFIX_PATH} CMAKE_PREFIX_PATH=/home/hyvonne/labpro/ego_planner/install/plan_env:/opt/ros/humble LD_LIBRARY_PATH=/home/hyvonne/labpro/ego_planner/install/plan_env/lib:${LD_LIBRARY_PATH} /usr/bin/cmake --install /home/hyvonne/labpro/ego_planner/build/path_searching
[8.901s] -- Install configuration: "Release"
[8.902s] -- Execute custom install script
[8.902s] -- Symlinking: /home/hyvonne/labpro/ego_planner/install/path_searching/lib/libpath_searching.so
[8.908s] -- Symlinking: /home/hyvonne/labpro/ego_planner/install/path_searching/include/path_searching/dyn_a_star.h
[8.916s] -- Symlinking: /home/hyvonne/labpro/ego_planner/install/path_searching/share/path_searching/environment/library_path.sh
[8.925s] -- Symlinking: /home/hyvonne/labpro/ego_planner/install/path_searching/share/path_searching/environment/library_path.dsv
[8.930s] -- Symlinking: /home/hyvonne/labpro/ego_planner/install/path_searching/share/ament_index/resource_index/package_run_dependencies/path_searching
[8.939s] -- Symlinking: /home/hyvonne/labpro/ego_planner/install/path_searching/share/ament_index/resource_index/parent_prefix_path/path_searching
[8.946s] -- Symlinking: /home/hyvonne/labpro/ego_planner/install/path_searching/share/path_searching/environment/ament_prefix_path.sh
[8.952s] -- Symlinking: /home/hyvonne/labpro/ego_planner/install/path_searching/share/path_searching/environment/ament_prefix_path.dsv
[8.959s] -- Symlinking: /home/hyvonne/labpro/ego_planner/install/path_searching/share/path_searching/environment/path.sh
[8.967s] -- Symlinking: /home/hyvonne/labpro/ego_planner/install/path_searching/share/path_searching/environment/path.dsv
[8.973s] -- Symlinking: /home/hyvonne/labpro/ego_planner/install/path_searching/share/path_searching/local_setup.bash
[8.981s] -- Symlinking: /home/hyvonne/labpro/ego_planner/install/path_searching/share/path_searching/local_setup.sh
[8.989s] -- Symlinking: /home/hyvonne/labpro/ego_planner/install/path_searching/share/path_searching/local_setup.zsh
[8.997s] -- Symlinking: /home/hyvonne/labpro/ego_planner/install/path_searching/share/path_searching/local_setup.dsv
[9.004s] -- Symlinking: /home/hyvonne/labpro/ego_planner/install/path_searching/share/path_searching/package.dsv
[9.010s] -- Symlinking: /home/hyvonne/labpro/ego_planner/install/path_searching/share/ament_index/resource_index/packages/path_searching
[9.017s] -- Symlinking: /home/hyvonne/labpro/ego_planner/install/path_searching/share/path_searching/cmake/ament_cmake_export_include_directories-extras.cmake
[9.023s] -- Symlinking: /home/hyvonne/labpro/ego_planner/install/path_searching/share/path_searching/cmake/ament_cmake_export_libraries-extras.cmake
[9.030s] -- Symlinking: /home/hyvonne/labpro/ego_planner/install/path_searching/share/path_searching/cmake/path_searchingConfig.cmake
[9.038s] -- Symlinking: /home/hyvonne/labpro/ego_planner/install/path_searching/share/path_searching/cmake/path_searchingConfig-version.cmake
[9.047s] -- Symlinking: /home/hyvonne/labpro/ego_planner/install/path_searching/share/path_searching/package.xml
[9.056s] Invoked command in '/home/hyvonne/labpro/ego_planner/build/path_searching' returned '0': AMENT_PREFIX_PATH=/home/hyvonne/labpro/ego_planner/install/plan_env:${AMENT_PREFIX_PATH} CMAKE_PREFIX_PATH=/home/hyvonne/labpro/ego_planner/install/plan_env:/opt/ros/humble LD_LIBRARY_PATH=/home/hyvonne/labpro/ego_planner/install/plan_env/lib:${LD_LIBRARY_PATH} /usr/bin/cmake --install /home/hyvonne/labpro/ego_planner/build/path_searching
