-- The C compiler identification is GNU 11.4.0
-- The CXX compiler identification is GNU 11.4.0
-- Detecting C compiler ABI info
-- Detecting C compiler ABI info - done
-- Check for working C compiler: /usr/bin/cc - skipped
-- Detecting C compile features
-- Detecting C compile features - done
-- Detecting CXX compiler ABI info
-- Detecting CXX compiler ABI info - done
-- Check for working CXX compiler: /usr/bin/c++ - skipped
-- Detecting CXX compile features
-- Detecting CXX compile features - done
-- Found ament_cmake: 1.3.14 (/opt/ros/humble/share/ament_cmake/cmake)
-- Found Python3: /usr/bin/python3 (found version "3.10.12") found components: Interpreter 
-- Override CMake install command with custom implementation using symlinks instead of copying resources
-- Found rclcpp: 16.0.19 (/opt/ros/humble/share/rclcpp/cmake)
-- Found rosidl_generator_c: 3.1.8 (/opt/ros/humble/share/rosidl_generator_c/cmake)
-- Found rosidl_adapter: 3.1.8 (/opt/ros/humble/share/rosidl_adapter/cmake)
-- Found rosidl_generator_cpp: 3.1.8 (/opt/ros/humble/share/rosidl_generator_cpp/cmake)
-- Using all available rosidl_typesupport_c: rosidl_typesupport_fastrtps_c;rosidl_typesupport_introspection_c
-- Using all available rosidl_typesupport_cpp: rosidl_typesupport_fastrtps_cpp;rosidl_typesupport_introspection_cpp
-- Found rmw_implementation_cmake: 6.1.2 (/opt/ros/humble/share/rmw_implementation_cmake/cmake)
-- Found rmw_cyclonedds_cpp: 1.3.4 (/opt/ros/humble/share/rmw_cyclonedds_cpp/cmake)
-- Using RMW implementation 'rmw_cyclonedds_cpp' as default
-- Looking for pthread.h
-- Looking for pthread.h - found
-- Performing Test CMAKE_HAVE_LIBC_PTHREAD
-- Performing Test CMAKE_HAVE_LIBC_PTHREAD - Success
-- Found Threads: TRUE  
-- Found geometry_msgs: 4.9.1 (/opt/ros/humble/share/geometry_msgs/cmake)
-- Found visualization_msgs: 4.9.1 (/opt/ros/humble/share/visualization_msgs/cmake)
-- Found nav_msgs: 4.9.1 (/opt/ros/humble/share/nav_msgs/cmake)
-- Found pose_utils: 0.0.0 (/home/hyvonne/labpro/ego_planner/install/pose_utils/share/pose_utils/cmake)
-- Found tf2: 0.25.20 (/opt/ros/humble/share/tf2/cmake)
-- Found tf2_geometry_msgs: 0.25.20 (/opt/ros/humble/share/tf2_geometry_msgs/cmake)
-- Found eigen3_cmake_module: 0.1.1 (/opt/ros/humble/share/eigen3_cmake_module/cmake)
-- Found Eigen3: TRUE (found version "3.4.0") 
-- Ensuring Eigen3 include directory is part of orocos-kdl CMake target
-- Found quadrotor_msgs: 0.0.0 (/home/hyvonne/labpro/ego_planner/install/quadrotor_msgs/share/quadrotor_msgs/cmake)
-- Found laser_geometry: 2.4.1 (/opt/ros/humble/share/laser_geometry/cmake)
-- Found rosidl_default_generators: 1.2.1 (/opt/ros/humble/share/rosidl_default_generators/cmake)
-- Found Armadillo: /usr/include (found version "10.8.2") 
-- Found ament_cmake_ros: 0.10.0 (/opt/ros/humble/share/ament_cmake_ros/cmake)
-- Using all available rosidl_typesupport_c: rosidl_typesupport_fastrtps_c;rosidl_typesupport_introspection_c
-- Using all available rosidl_typesupport_cpp: rosidl_typesupport_fastrtps_cpp;rosidl_typesupport_introspection_cpp
-- Found PythonInterp: /usr/bin/python3 (found suitable version "3.10.12", minimum required is "3.6") 
-- Found python_cmake_module: 0.10.0 (/opt/ros/humble/share/python_cmake_module/cmake)
-- Found PythonLibs: /usr/lib/x86_64-linux-gnu/libpython3.10.so (found suitable version "3.10.12", minimum required is "3.5") 
-- Using PYTHON_EXECUTABLE: /usr/bin/python3
-- Using PYTHON_INCLUDE_DIRS: /usr/include/python3.10
-- Using PYTHON_LIBRARIES: /usr/lib/x86_64-linux-gnu/libpython3.10.so
-- Found PythonExtra: .so  
-- Found ament_lint_auto: 0.12.15 (/opt/ros/humble/share/ament_lint_auto/cmake)
-- Added test 'cppcheck' to perform static code analysis on C / C++ code
-- Configured cppcheck include dirs: /home/hyvonne/labpro/ego_planner/src/uav_simulator/Utils/multi_map_server/include
-- Configured cppcheck exclude dirs and/or files: 
-- Added test 'lint_cmake' to check CMake code style
-- Added test 'uncrustify' to check C / C++ code style
-- Configured uncrustify additional arguments: 
-- Added test 'xmllint' to check XML markup files
-- Configuring done
-- Generating done
-- Build files have been written to: /home/hyvonne/labpro/ego_planner/build/multi_map_server
[  1%] [34m[1mGenerating C code for ROS interfaces[0m
[  3%] [34m[1mGenerating Rust code for ROS interfaces[0m
[  5%] [34m[1mGenerating C++ code for ROS interfaces[0m
[  5%] Built target ament_cmake_python_symlink_multi_map_server
running egg_info
creating multi_map_server.egg-info
writing multi_map_server.egg-info/PKG-INFO
writing dependency_links to multi_map_server.egg-info/dependency_links.txt
writing top-level names to multi_map_server.egg-info/top_level.txt
writing manifest file 'multi_map_server.egg-info/SOURCES.txt'
reading manifest file 'multi_map_server.egg-info/SOURCES.txt'
writing manifest file 'multi_map_server.egg-info/SOURCES.txt'
[  5%] Built target ament_cmake_python_build_multi_map_server_egg
[  5%] Built target multi_map_server__rs
[  6%] [32mBuilding C object CMakeFiles/multi_map_server__rosidl_generator_c.dir/rosidl_generator_c/multi_map_server/msg/detail/multi_sparse_map3_d__functions.c.o[0m
[  8%] [32mBuilding C object CMakeFiles/multi_map_server__rosidl_generator_c.dir/rosidl_generator_c/multi_map_server/msg/detail/multi_occupancy_grid__functions.c.o[0m
[ 12%] [32mBuilding C object CMakeFiles/multi_map_server__rosidl_generator_c.dir/rosidl_generator_c/multi_map_server/msg/detail/sparse_map3_d__functions.c.o[0m
[ 12%] [32mBuilding C object CMakeFiles/multi_map_server__rosidl_generator_c.dir/rosidl_generator_c/multi_map_server/msg/detail/vertical_occupancy_grid_list__functions.c.o[0m
[ 12%] Built target multi_map_server__cpp
[ 13%] [34m[1mGenerating C++ introspection for ROS interfaces[0m
[ 15%] [34m[1mGenerating C++ type support for eProsima Fast-RTPS[0m
[ 17%] [34m[1mGenerating C++ type support dispatch for ROS interfaces[0m
[ 18%] [32m[1mLinking C shared library libmulti_map_server__rosidl_generator_c.so[0m
[ 18%] Built target multi_map_server__rosidl_generator_c
[ 20%] [34m[1mGenerating C type support for eProsima Fast-RTPS[0m
[ 22%] [34m[1mGenerating C introspection for ROS interfaces[0m
[ 24%] [34m[1mGenerating C type support dispatch for ROS interfaces[0m
[ 25%] [32mBuilding CXX object CMakeFiles/multi_map_server__rosidl_typesupport_cpp.dir/rosidl_typesupport_cpp/multi_map_server/msg/vertical_occupancy_grid_list__type_support.cpp.o[0m
[ 27%] [32mBuilding CXX object CMakeFiles/multi_map_server__rosidl_typesupport_cpp.dir/rosidl_typesupport_cpp/multi_map_server/msg/sparse_map3_d__type_support.cpp.o[0m
[ 29%] [32mBuilding CXX object CMakeFiles/multi_map_server__rosidl_typesupport_cpp.dir/rosidl_typesupport_cpp/multi_map_server/msg/multi_occupancy_grid__type_support.cpp.o[0m
[ 31%] [32mBuilding CXX object CMakeFiles/multi_map_server__rosidl_typesupport_cpp.dir/rosidl_typesupport_cpp/multi_map_server/msg/multi_sparse_map3_d__type_support.cpp.o[0m
[ 32%] [32mBuilding CXX object CMakeFiles/multi_map_server__rosidl_typesupport_introspection_cpp.dir/rosidl_typesupport_introspection_cpp/multi_map_server/msg/detail/vertical_occupancy_grid_list__type_support.cpp.o[0m
[ 36%] [32mBuilding CXX object CMakeFiles/multi_map_server__rosidl_typesupport_introspection_cpp.dir/rosidl_typesupport_introspection_cpp/multi_map_server/msg/detail/multi_sparse_map3_d__type_support.cpp.o[0m
[ 36%] [32mBuilding CXX object CMakeFiles/multi_map_server__rosidl_typesupport_introspection_cpp.dir/rosidl_typesupport_introspection_cpp/multi_map_server/msg/detail/multi_occupancy_grid__type_support.cpp.o[0m
[ 37%] [32mBuilding CXX object CMakeFiles/multi_map_server__rosidl_typesupport_introspection_cpp.dir/rosidl_typesupport_introspection_cpp/multi_map_server/msg/detail/sparse_map3_d__type_support.cpp.o[0m
[ 39%] [32mBuilding CXX object CMakeFiles/multi_map_server__rosidl_typesupport_fastrtps_cpp.dir/rosidl_typesupport_fastrtps_cpp/multi_map_server/msg/detail/dds_fastrtps/sparse_map3_d__type_support.cpp.o[0m
[ 41%] [32mBuilding CXX object CMakeFiles/multi_map_server__rosidl_typesupport_fastrtps_cpp.dir/rosidl_typesupport_fastrtps_cpp/multi_map_server/msg/detail/dds_fastrtps/multi_occupancy_grid__type_support.cpp.o[0m
[ 43%] [32mBuilding CXX object CMakeFiles/multi_map_server__rosidl_typesupport_fastrtps_cpp.dir/rosidl_typesupport_fastrtps_cpp/multi_map_server/msg/detail/dds_fastrtps/multi_sparse_map3_d__type_support.cpp.o[0m
[ 44%] [32mBuilding CXX object CMakeFiles/multi_map_server__rosidl_typesupport_fastrtps_cpp.dir/rosidl_typesupport_fastrtps_cpp/multi_map_server/msg/detail/dds_fastrtps/vertical_occupancy_grid_list__type_support.cpp.o[0m
[ 50%] [32mBuilding CXX object CMakeFiles/multi_map_server__rosidl_typesupport_c.dir/rosidl_typesupport_c/multi_map_server/msg/sparse_map3_d__type_support.cpp.o[0m
[ 50%] [32mBuilding CXX object CMakeFiles/multi_map_server__rosidl_typesupport_c.dir/rosidl_typesupport_c/multi_map_server/msg/multi_sparse_map3_d__type_support.cpp.o[0m
[ 50%] [32mBuilding CXX object CMakeFiles/multi_map_server__rosidl_typesupport_c.dir/rosidl_typesupport_c/multi_map_server/msg/multi_occupancy_grid__type_support.cpp.o[0m
[ 51%] [32mBuilding CXX object CMakeFiles/multi_map_server__rosidl_typesupport_c.dir/rosidl_typesupport_c/multi_map_server/msg/vertical_occupancy_grid_list__type_support.cpp.o[0m
[ 53%] [32m[1mLinking CXX shared library libmulti_map_server__rosidl_typesupport_c.so[0m
[ 53%] Built target multi_map_server__rosidl_typesupport_c
[ 56%] [32mBuilding CXX object CMakeFiles/multi_map_server__rosidl_typesupport_fastrtps_c.dir/rosidl_typesupport_fastrtps_c/multi_map_server/msg/detail/multi_sparse_map3_d__type_support_c.cpp.o[0m
[ 58%] [32mBuilding CXX object CMakeFiles/multi_map_server__rosidl_typesupport_fastrtps_c.dir/rosidl_typesupport_fastrtps_c/multi_map_server/msg/detail/sparse_map3_d__type_support_c.cpp.o[0m
[ 58%] [32mBuilding CXX object CMakeFiles/multi_map_server__rosidl_typesupport_fastrtps_c.dir/rosidl_typesupport_fastrtps_c/multi_map_server/msg/detail/multi_occupancy_grid__type_support_c.cpp.o[0m
[ 60%] [32mBuilding CXX object CMakeFiles/multi_map_server__rosidl_typesupport_fastrtps_c.dir/rosidl_typesupport_fastrtps_c/multi_map_server/msg/detail/vertical_occupancy_grid_list__type_support_c.cpp.o[0m
[ 62%] [32mBuilding C object CMakeFiles/multi_map_server__rosidl_typesupport_introspection_c.dir/rosidl_typesupport_introspection_c/multi_map_server/msg/detail/multi_occupancy_grid__type_support.c.o[0m
[ 65%] [32mBuilding C object CMakeFiles/multi_map_server__rosidl_typesupport_introspection_c.dir/rosidl_typesupport_introspection_c/multi_map_server/msg/detail/multi_sparse_map3_d__type_support.c.o[0m
[ 65%] [32mBuilding C object CMakeFiles/multi_map_server__rosidl_typesupport_introspection_c.dir/rosidl_typesupport_introspection_c/multi_map_server/msg/detail/sparse_map3_d__type_support.c.o[0m
[ 67%] [32mBuilding C object CMakeFiles/multi_map_server__rosidl_typesupport_introspection_c.dir/rosidl_typesupport_introspection_c/multi_map_server/msg/detail/vertical_occupancy_grid_list__type_support.c.o[0m
[ 68%] [32m[1mLinking CXX shared library libmulti_map_server__rosidl_typesupport_cpp.so[0m
[ 70%] [32m[1mLinking C shared library libmulti_map_server__rosidl_typesupport_introspection_c.so[0m
[ 70%] Built target multi_map_server__rosidl_typesupport_cpp
[ 70%] Built target multi_map_server__rosidl_typesupport_introspection_c
[ 72%] [32mBuilding CXX object CMakeFiles/multi_map_visualization.dir/src/multi_map_visualization.cc.o[0m
[ 74%] [32m[1mLinking CXX shared library libmulti_map_server__rosidl_typesupport_fastrtps_cpp.so[0m
[ 74%] Built target multi_map_server__rosidl_typesupport_fastrtps_cpp
[ 75%] [32m[1mLinking CXX shared library libmulti_map_server__rosidl_typesupport_fastrtps_c.so[0m
[ 77%] [32m[1mLinking CXX shared library libmulti_map_server__rosidl_typesupport_introspection_cpp.so[0m
[ 77%] Built target multi_map_server__rosidl_typesupport_fastrtps_c
[ 77%] Built target multi_map_server__rosidl_typesupport_introspection_cpp
[ 77%] Built target multi_map_server
[ 79%] [34m[1mGenerating Python code for ROS interfaces[0m
[ 79%] Built target multi_map_server__py
[ 86%] [32mBuilding C object CMakeFiles/multi_map_server__rosidl_generator_py.dir/rosidl_generator_py/multi_map_server/msg/_multi_sparse_map3_d_s.c.o[0m
[ 86%] [32mBuilding C object CMakeFiles/multi_map_server__rosidl_generator_py.dir/rosidl_generator_py/multi_map_server/msg/_multi_occupancy_grid_s.c.o[0m
[ 86%] [32mBuilding C object CMakeFiles/multi_map_server__rosidl_generator_py.dir/rosidl_generator_py/multi_map_server/msg/_sparse_map3_d_s.c.o[0m
[ 86%] [32mBuilding C object CMakeFiles/multi_map_server__rosidl_generator_py.dir/rosidl_generator_py/multi_map_server/msg/_vertical_occupancy_grid_list_s.c.o[0m
[ 87%] [32m[1mLinking C shared library rosidl_generator_py/multi_map_server/libmulti_map_server__rosidl_generator_py.so[0m
[ 87%] Built target multi_map_server__rosidl_generator_py
[ 91%] [32mBuilding C object CMakeFiles/multi_map_server__rosidl_typesupport_c__pyext.dir/rosidl_generator_py/multi_map_server/_multi_map_server_s.ep.rosidl_typesupport_c.c.o[0m
[ 91%] [32mBuilding C object CMakeFiles/multi_map_server__rosidl_typesupport_fastrtps_c__pyext.dir/rosidl_generator_py/multi_map_server/_multi_map_server_s.ep.rosidl_typesupport_fastrtps_c.c.o[0m
[ 93%] [32mBuilding C object CMakeFiles/multi_map_server__rosidl_typesupport_introspection_c__pyext.dir/rosidl_generator_py/multi_map_server/_multi_map_server_s.ep.rosidl_typesupport_introspection_c.c.o[0m
[ 94%] [32m[1mLinking C shared library rosidl_generator_py/multi_map_server/multi_map_server_s__rosidl_typesupport_fastrtps_c.cpython-310-x86_64-linux-gnu.so[0m
[ 96%] [32m[1mLinking C shared library rosidl_generator_py/multi_map_server/multi_map_server_s__rosidl_typesupport_c.cpython-310-x86_64-linux-gnu.so[0m
[ 98%] [32m[1mLinking C shared library rosidl_generator_py/multi_map_server/multi_map_server_s__rosidl_typesupport_introspection_c.cpython-310-x86_64-linux-gnu.so[0m
[ 98%] Built target multi_map_server__rosidl_typesupport_fastrtps_c__pyext
[ 98%] Built target multi_map_server__rosidl_typesupport_introspection_c__pyext
[ 98%] Built target multi_map_server__rosidl_typesupport_c__pyext
[01m[K/home/hyvonne/labpro/ego_planner/src/uav_simulator/Utils/multi_map_server/src/multi_map_visualization.cc:18:84:[m[K [01;35m[Kwarning: [m[K‘[01m[Kmulti_map_server::msg::MultiOccupancyGrid_<std::allocator<void> >::ConstPtr[m[K’ is deprecated [[01;35m[K]8;;https://gcc.gnu.org/onlinedocs/gcc/Warning-Options.html#index-Wdeprecated-declarations-Wdeprecated-declarations]8;;[m[K]
   18 | void maps2d_callback(const multi_map_server::msg::MultiOccupancyGrid::ConstPtr &msg[01;35m[K)[m[K
      |                                                                                    [01;35m[K^[m[K
In file included from [01m[K/home/hyvonne/labpro/ego_planner/build/multi_map_server/rosidl_generator_cpp/multi_map_server/msg/multi_occupancy_grid.hpp:7[m[K,
                 from [01m[K/home/hyvonne/labpro/ego_planner/src/uav_simulator/Utils/multi_map_server/src/multi_map_visualization.cc:5[m[K:
[01m[K/home/hyvonne/labpro/ego_planner/build/multi_map_server/rosidl_generator_cpp/multi_map_server/msg/detail/multi_occupancy_grid__struct.hpp:113:5:[m[K [01;36m[Knote: [m[Kdeclared here
  113 |     [01;36m[KConstPtr[m[K;
      |     [01;36m[K^~~~~~~~[m[K
[01m[K/home/hyvonne/labpro/ego_planner/src/uav_simulator/Utils/multi_map_server/src/multi_map_visualization.cc:37:82:[m[K [01;35m[Kwarning: [m[K‘[01m[Kmulti_map_server::msg::MultiSparseMap3D_<std::allocator<void> >::ConstPtr[m[K’ is deprecated [[01;35m[K]8;;https://gcc.gnu.org/onlinedocs/gcc/Warning-Options.html#index-Wdeprecated-declarations-Wdeprecated-declarations]8;;[m[K]
   37 | void maps3d_callback(const multi_map_server::msg::MultiSparseMap3D::ConstPtr &msg[01;35m[K)[m[K
      |                                                                                  [01;35m[K^[m[K
In file included from [01m[K/home/hyvonne/labpro/ego_planner/build/multi_map_server/rosidl_generator_cpp/multi_map_server/msg/multi_sparse_map3_d.hpp:7[m[K,
                 from [01m[K/home/hyvonne/labpro/ego_planner/src/uav_simulator/Utils/multi_map_server/src/multi_map_visualization.cc:6[m[K:
[01m[K/home/hyvonne/labpro/ego_planner/build/multi_map_server/rosidl_generator_cpp/multi_map_server/msg/detail/multi_sparse_map3_d__struct.hpp:113:5:[m[K [01;36m[Knote: [m[Kdeclared here
  113 |     [01;36m[KConstPtr[m[K;
      |     [01;36m[K^~~~~~~~[m[K
[100%] [32m[1mLinking CXX executable multi_map_visualization[0m
[100%] Built target multi_map_visualization
-- Install configuration: "Release"
-- Execute custom install script
-- Symlinking: /home/hyvonne/labpro/ego_planner/install/multi_map_server/share/ament_index/resource_index/rosidl_interfaces/multi_map_server
-- Symlinking: /home/hyvonne/labpro/ego_planner/install/multi_map_server/include/multi_map_server/multi_map_server/msg/detail/multi_occupancy_grid__functions.h
-- Symlinking: /home/hyvonne/labpro/ego_planner/install/multi_map_server/include/multi_map_server/multi_map_server/msg/detail/multi_occupancy_grid__struct.h
-- Symlinking: /home/hyvonne/labpro/ego_planner/install/multi_map_server/include/multi_map_server/multi_map_server/msg/detail/multi_occupancy_grid__type_support.h
-- Symlinking: /home/hyvonne/labpro/ego_planner/install/multi_map_server/include/multi_map_server/multi_map_server/msg/detail/multi_sparse_map3_d__functions.h
-- Symlinking: /home/hyvonne/labpro/ego_planner/install/multi_map_server/include/multi_map_server/multi_map_server/msg/detail/multi_sparse_map3_d__struct.h
-- Symlinking: /home/hyvonne/labpro/ego_planner/install/multi_map_server/include/multi_map_server/multi_map_server/msg/detail/multi_sparse_map3_d__type_support.h
-- Symlinking: /home/hyvonne/labpro/ego_planner/install/multi_map_server/include/multi_map_server/multi_map_server/msg/detail/sparse_map3_d__functions.h
-- Symlinking: /home/hyvonne/labpro/ego_planner/install/multi_map_server/include/multi_map_server/multi_map_server/msg/detail/sparse_map3_d__struct.h
-- Symlinking: /home/hyvonne/labpro/ego_planner/install/multi_map_server/include/multi_map_server/multi_map_server/msg/detail/sparse_map3_d__type_support.h
-- Symlinking: /home/hyvonne/labpro/ego_planner/install/multi_map_server/include/multi_map_server/multi_map_server/msg/detail/vertical_occupancy_grid_list__functions.h
-- Symlinking: /home/hyvonne/labpro/ego_planner/install/multi_map_server/include/multi_map_server/multi_map_server/msg/detail/vertical_occupancy_grid_list__struct.h
-- Symlinking: /home/hyvonne/labpro/ego_planner/install/multi_map_server/include/multi_map_server/multi_map_server/msg/detail/vertical_occupancy_grid_list__type_support.h
-- Symlinking: /home/hyvonne/labpro/ego_planner/install/multi_map_server/include/multi_map_server/multi_map_server/msg/multi_occupancy_grid.h
-- Symlinking: /home/hyvonne/labpro/ego_planner/install/multi_map_server/include/multi_map_server/multi_map_server/msg/multi_sparse_map3_d.h
-- Symlinking: /home/hyvonne/labpro/ego_planner/install/multi_map_server/include/multi_map_server/multi_map_server/msg/rosidl_generator_c__visibility_control.h
-- Symlinking: /home/hyvonne/labpro/ego_planner/install/multi_map_server/include/multi_map_server/multi_map_server/msg/sparse_map3_d.h
-- Symlinking: /home/hyvonne/labpro/ego_planner/install/multi_map_server/include/multi_map_server/multi_map_server/msg/vertical_occupancy_grid_list.h
-- Symlinking: /home/hyvonne/labpro/ego_planner/install/multi_map_server/share/multi_map_server/environment/library_path.sh
-- Symlinking: /home/hyvonne/labpro/ego_planner/install/multi_map_server/share/multi_map_server/environment/library_path.dsv
-- Symlinking: /home/hyvonne/labpro/ego_planner/install/multi_map_server/include/multi_map_server/multi_map_server/msg/detail/multi_occupancy_grid__rosidl_typesupport_fastrtps_c.h
-- Symlinking: /home/hyvonne/labpro/ego_planner/install/multi_map_server/include/multi_map_server/multi_map_server/msg/detail/multi_sparse_map3_d__rosidl_typesupport_fastrtps_c.h
-- Symlinking: /home/hyvonne/labpro/ego_planner/install/multi_map_server/include/multi_map_server/multi_map_server/msg/detail/sparse_map3_d__rosidl_typesupport_fastrtps_c.h
-- Symlinking: /home/hyvonne/labpro/ego_planner/install/multi_map_server/include/multi_map_server/multi_map_server/msg/detail/vertical_occupancy_grid_list__rosidl_typesupport_fastrtps_c.h
-- Symlinking: /home/hyvonne/labpro/ego_planner/install/multi_map_server/include/multi_map_server/multi_map_server/msg/rosidl_typesupport_fastrtps_c__visibility_control.h
-- Symlinking: /home/hyvonne/labpro/ego_planner/install/multi_map_server/include/multi_map_server/multi_map_server/msg/detail/multi_occupancy_grid__builder.hpp
-- Symlinking: /home/hyvonne/labpro/ego_planner/install/multi_map_server/include/multi_map_server/multi_map_server/msg/detail/multi_occupancy_grid__struct.hpp
-- Symlinking: /home/hyvonne/labpro/ego_planner/install/multi_map_server/include/multi_map_server/multi_map_server/msg/detail/multi_occupancy_grid__traits.hpp
-- Symlinking: /home/hyvonne/labpro/ego_planner/install/multi_map_server/include/multi_map_server/multi_map_server/msg/detail/multi_occupancy_grid__type_support.hpp
-- Symlinking: /home/hyvonne/labpro/ego_planner/install/multi_map_server/include/multi_map_server/multi_map_server/msg/detail/multi_sparse_map3_d__builder.hpp
-- Symlinking: /home/hyvonne/labpro/ego_planner/install/multi_map_server/include/multi_map_server/multi_map_server/msg/detail/multi_sparse_map3_d__struct.hpp
-- Symlinking: /home/hyvonne/labpro/ego_planner/install/multi_map_server/include/multi_map_server/multi_map_server/msg/detail/multi_sparse_map3_d__traits.hpp
-- Symlinking: /home/hyvonne/labpro/ego_planner/install/multi_map_server/include/multi_map_server/multi_map_server/msg/detail/multi_sparse_map3_d__type_support.hpp
-- Symlinking: /home/hyvonne/labpro/ego_planner/install/multi_map_server/include/multi_map_server/multi_map_server/msg/detail/sparse_map3_d__builder.hpp
-- Symlinking: /home/hyvonne/labpro/ego_planner/install/multi_map_server/include/multi_map_server/multi_map_server/msg/detail/sparse_map3_d__struct.hpp
-- Symlinking: /home/hyvonne/labpro/ego_planner/install/multi_map_server/include/multi_map_server/multi_map_server/msg/detail/sparse_map3_d__traits.hpp
-- Symlinking: /home/hyvonne/labpro/ego_planner/install/multi_map_server/include/multi_map_server/multi_map_server/msg/detail/sparse_map3_d__type_support.hpp
-- Symlinking: /home/hyvonne/labpro/ego_planner/install/multi_map_server/include/multi_map_server/multi_map_server/msg/detail/vertical_occupancy_grid_list__builder.hpp
-- Symlinking: /home/hyvonne/labpro/ego_planner/install/multi_map_server/include/multi_map_server/multi_map_server/msg/detail/vertical_occupancy_grid_list__struct.hpp
-- Symlinking: /home/hyvonne/labpro/ego_planner/install/multi_map_server/include/multi_map_server/multi_map_server/msg/detail/vertical_occupancy_grid_list__traits.hpp
-- Symlinking: /home/hyvonne/labpro/ego_planner/install/multi_map_server/include/multi_map_server/multi_map_server/msg/detail/vertical_occupancy_grid_list__type_support.hpp
-- Symlinking: /home/hyvonne/labpro/ego_planner/install/multi_map_server/include/multi_map_server/multi_map_server/msg/multi_occupancy_grid.hpp
-- Symlinking: /home/hyvonne/labpro/ego_planner/install/multi_map_server/include/multi_map_server/multi_map_server/msg/multi_sparse_map3_d.hpp
-- Symlinking: /home/hyvonne/labpro/ego_planner/install/multi_map_server/include/multi_map_server/multi_map_server/msg/rosidl_generator_cpp__visibility_control.hpp
-- Symlinking: /home/hyvonne/labpro/ego_planner/install/multi_map_server/include/multi_map_server/multi_map_server/msg/sparse_map3_d.hpp
-- Symlinking: /home/hyvonne/labpro/ego_planner/install/multi_map_server/include/multi_map_server/multi_map_server/msg/vertical_occupancy_grid_list.hpp
-- Symlinking: /home/hyvonne/labpro/ego_planner/install/multi_map_server/include/multi_map_server/multi_map_server/msg/detail/multi_occupancy_grid__rosidl_typesupport_fastrtps_cpp.hpp
-- Symlinking: /home/hyvonne/labpro/ego_planner/install/multi_map_server/include/multi_map_server/multi_map_server/msg/detail/multi_sparse_map3_d__rosidl_typesupport_fastrtps_cpp.hpp
-- Symlinking: /home/hyvonne/labpro/ego_planner/install/multi_map_server/include/multi_map_server/multi_map_server/msg/detail/sparse_map3_d__rosidl_typesupport_fastrtps_cpp.hpp
-- Symlinking: /home/hyvonne/labpro/ego_planner/install/multi_map_server/include/multi_map_server/multi_map_server/msg/detail/vertical_occupancy_grid_list__rosidl_typesupport_fastrtps_cpp.hpp
-- Symlinking: /home/hyvonne/labpro/ego_planner/install/multi_map_server/include/multi_map_server/multi_map_server/msg/rosidl_typesupport_fastrtps_cpp__visibility_control.h
-- Symlinking: /home/hyvonne/labpro/ego_planner/install/multi_map_server/include/multi_map_server/multi_map_server/msg/detail/multi_occupancy_grid__rosidl_typesupport_introspection_c.h
-- Symlinking: /home/hyvonne/labpro/ego_planner/install/multi_map_server/include/multi_map_server/multi_map_server/msg/detail/multi_sparse_map3_d__rosidl_typesupport_introspection_c.h
-- Symlinking: /home/hyvonne/labpro/ego_planner/install/multi_map_server/include/multi_map_server/multi_map_server/msg/detail/sparse_map3_d__rosidl_typesupport_introspection_c.h
-- Symlinking: /home/hyvonne/labpro/ego_planner/install/multi_map_server/include/multi_map_server/multi_map_server/msg/detail/vertical_occupancy_grid_list__rosidl_typesupport_introspection_c.h
-- Symlinking: /home/hyvonne/labpro/ego_planner/install/multi_map_server/include/multi_map_server/multi_map_server/msg/rosidl_typesupport_introspection_c__visibility_control.h
-- Symlinking: /home/hyvonne/labpro/ego_planner/install/multi_map_server/include/multi_map_server/multi_map_server/msg/detail/multi_occupancy_grid__rosidl_typesupport_introspection_cpp.hpp
-- Symlinking: /home/hyvonne/labpro/ego_planner/install/multi_map_server/include/multi_map_server/multi_map_server/msg/detail/multi_sparse_map3_d__rosidl_typesupport_introspection_cpp.hpp
-- Symlinking: /home/hyvonne/labpro/ego_planner/install/multi_map_server/include/multi_map_server/multi_map_server/msg/detail/sparse_map3_d__rosidl_typesupport_introspection_cpp.hpp
-- Symlinking: /home/hyvonne/labpro/ego_planner/install/multi_map_server/include/multi_map_server/multi_map_server/msg/detail/vertical_occupancy_grid_list__rosidl_typesupport_introspection_cpp.hpp
-- Symlinking: /home/hyvonne/labpro/ego_planner/install/multi_map_server/share/multi_map_server/environment/pythonpath.sh
-- Symlinking: /home/hyvonne/labpro/ego_planner/install/multi_map_server/share/multi_map_server/environment/pythonpath.dsv
-- Symlinking: /home/hyvonne/labpro/ego_planner/install/multi_map_server/local/lib/python3.10/dist-packages/multi_map_server-0.0.0-py3.10.egg-info/PKG-INFO
-- Symlinking: /home/hyvonne/labpro/ego_planner/install/multi_map_server/local/lib/python3.10/dist-packages/multi_map_server-0.0.0-py3.10.egg-info/SOURCES.txt
-- Symlinking: /home/hyvonne/labpro/ego_planner/install/multi_map_server/local/lib/python3.10/dist-packages/multi_map_server-0.0.0-py3.10.egg-info/dependency_links.txt
-- Symlinking: /home/hyvonne/labpro/ego_planner/install/multi_map_server/local/lib/python3.10/dist-packages/multi_map_server-0.0.0-py3.10.egg-info/top_level.txt
-- Symlinking: /home/hyvonne/labpro/ego_planner/install/multi_map_server/local/lib/python3.10/dist-packages/multi_map_server/__init__.py
-- Symlinking: /home/hyvonne/labpro/ego_planner/install/multi_map_server/local/lib/python3.10/dist-packages/multi_map_server/_multi_map_server_s.ep.rosidl_typesupport_c.c
-- Symlinking: /home/hyvonne/labpro/ego_planner/install/multi_map_server/local/lib/python3.10/dist-packages/multi_map_server/_multi_map_server_s.ep.rosidl_typesupport_fastrtps_c.c
-- Symlinking: /home/hyvonne/labpro/ego_planner/install/multi_map_server/local/lib/python3.10/dist-packages/multi_map_server/_multi_map_server_s.ep.rosidl_typesupport_introspection_c.c
-- Symlinking: /home/hyvonne/labpro/ego_planner/install/multi_map_server/local/lib/python3.10/dist-packages/multi_map_server/libmulti_map_server__rosidl_generator_py.so
-- Symlinking: /home/hyvonne/labpro/ego_planner/install/multi_map_server/local/lib/python3.10/dist-packages/multi_map_server/msg/__init__.py
-- Symlinking: /home/hyvonne/labpro/ego_planner/install/multi_map_server/local/lib/python3.10/dist-packages/multi_map_server/msg/_multi_occupancy_grid.py
-- Symlinking: /home/hyvonne/labpro/ego_planner/install/multi_map_server/local/lib/python3.10/dist-packages/multi_map_server/msg/_multi_occupancy_grid_s.c
-- Symlinking: /home/hyvonne/labpro/ego_planner/install/multi_map_server/local/lib/python3.10/dist-packages/multi_map_server/msg/_multi_sparse_map3_d.py
-- Symlinking: /home/hyvonne/labpro/ego_planner/install/multi_map_server/local/lib/python3.10/dist-packages/multi_map_server/msg/_multi_sparse_map3_d_s.c
-- Symlinking: /home/hyvonne/labpro/ego_planner/install/multi_map_server/local/lib/python3.10/dist-packages/multi_map_server/msg/_sparse_map3_d.py
-- Symlinking: /home/hyvonne/labpro/ego_planner/install/multi_map_server/local/lib/python3.10/dist-packages/multi_map_server/msg/_sparse_map3_d_s.c
-- Symlinking: /home/hyvonne/labpro/ego_planner/install/multi_map_server/local/lib/python3.10/dist-packages/multi_map_server/msg/_vertical_occupancy_grid_list.py
-- Symlinking: /home/hyvonne/labpro/ego_planner/install/multi_map_server/local/lib/python3.10/dist-packages/multi_map_server/msg/_vertical_occupancy_grid_list_s.c
-- Symlinking: /home/hyvonne/labpro/ego_planner/install/multi_map_server/local/lib/python3.10/dist-packages/multi_map_server/multi_map_server_s__rosidl_typesupport_c.cpython-310-x86_64-linux-gnu.so
-- Symlinking: /home/hyvonne/labpro/ego_planner/install/multi_map_server/local/lib/python3.10/dist-packages/multi_map_server/multi_map_server_s__rosidl_typesupport_fastrtps_c.cpython-310-x86_64-linux-gnu.so
-- Symlinking: /home/hyvonne/labpro/ego_planner/install/multi_map_server/local/lib/python3.10/dist-packages/multi_map_server/multi_map_server_s__rosidl_typesupport_introspection_c.cpython-310-x86_64-linux-gnu.so
-- Up-to-date symlink: /home/hyvonne/labpro/ego_planner/install/multi_map_server/local/lib/python3.10/dist-packages/multi_map_server/multi_map_server_s__rosidl_typesupport_fastrtps_c.cpython-310-x86_64-linux-gnu.so
-- Up-to-date symlink: /home/hyvonne/labpro/ego_planner/install/multi_map_server/local/lib/python3.10/dist-packages/multi_map_server/multi_map_server_s__rosidl_typesupport_introspection_c.cpython-310-x86_64-linux-gnu.so
-- Up-to-date symlink: /home/hyvonne/labpro/ego_planner/install/multi_map_server/local/lib/python3.10/dist-packages/multi_map_server/multi_map_server_s__rosidl_typesupport_c.cpython-310-x86_64-linux-gnu.so
-- Symlinking: /home/hyvonne/labpro/ego_planner/install/multi_map_server/share/ament_index/resource_index/rust_packages/multi_map_server
-- Symlinking: /home/hyvonne/labpro/ego_planner/install/multi_map_server/share/multi_map_server/rust/Cargo.toml
-- Symlinking: /home/hyvonne/labpro/ego_planner/install/multi_map_server/share/multi_map_server/rust/build.rs
-- Symlinking: /home/hyvonne/labpro/ego_planner/install/multi_map_server/share/multi_map_server/rust/src/lib.rs
-- Symlinking: /home/hyvonne/labpro/ego_planner/install/multi_map_server/share/multi_map_server/rust/src/msg.rs
-- Symlinking: /home/hyvonne/labpro/ego_planner/install/multi_map_server/share/multi_map_server/rust/src/msg/rmw.rs
-- Symlinking: /home/hyvonne/labpro/ego_planner/install/multi_map_server/share/multi_map_server/msg/MultiOccupancyGrid.idl
-- Symlinking: /home/hyvonne/labpro/ego_planner/install/multi_map_server/share/multi_map_server/msg/MultiSparseMap3D.idl
-- Symlinking: /home/hyvonne/labpro/ego_planner/install/multi_map_server/share/multi_map_server/msg/SparseMap3D.idl
-- Symlinking: /home/hyvonne/labpro/ego_planner/install/multi_map_server/share/multi_map_server/msg/VerticalOccupancyGridList.idl
-- Symlinking: /home/hyvonne/labpro/ego_planner/install/multi_map_server/share/multi_map_server/msg/MultiOccupancyGrid.msg
-- Symlinking: /home/hyvonne/labpro/ego_planner/install/multi_map_server/share/multi_map_server/msg/MultiSparseMap3D.msg
-- Symlinking: /home/hyvonne/labpro/ego_planner/install/multi_map_server/share/multi_map_server/msg/SparseMap3D.msg
-- Symlinking: /home/hyvonne/labpro/ego_planner/install/multi_map_server/share/multi_map_server/msg/VerticalOccupancyGridList.msg
-- Symlinking: /home/hyvonne/labpro/ego_planner/install/multi_map_server/lib/multi_map_server/multi_map_visualization
-- Symlinking: /home/hyvonne/labpro/ego_planner/install/multi_map_server/share/ament_index/resource_index/package_run_dependencies/multi_map_server
-- Symlinking: /home/hyvonne/labpro/ego_planner/install/multi_map_server/share/ament_index/resource_index/parent_prefix_path/multi_map_server
-- Symlinking: /home/hyvonne/labpro/ego_planner/install/multi_map_server/share/multi_map_server/environment/ament_prefix_path.sh
-- Symlinking: /home/hyvonne/labpro/ego_planner/install/multi_map_server/share/multi_map_server/environment/ament_prefix_path.dsv
-- Symlinking: /home/hyvonne/labpro/ego_planner/install/multi_map_server/share/multi_map_server/environment/path.sh
-- Symlinking: /home/hyvonne/labpro/ego_planner/install/multi_map_server/share/multi_map_server/environment/path.dsv
-- Symlinking: /home/hyvonne/labpro/ego_planner/install/multi_map_server/share/multi_map_server/local_setup.bash
-- Symlinking: /home/hyvonne/labpro/ego_planner/install/multi_map_server/share/multi_map_server/local_setup.sh
-- Symlinking: /home/hyvonne/labpro/ego_planner/install/multi_map_server/share/multi_map_server/local_setup.zsh
-- Symlinking: /home/hyvonne/labpro/ego_planner/install/multi_map_server/share/multi_map_server/local_setup.dsv
-- Symlinking: /home/hyvonne/labpro/ego_planner/install/multi_map_server/share/multi_map_server/package.dsv
-- Symlinking: /home/hyvonne/labpro/ego_planner/install/multi_map_server/share/ament_index/resource_index/packages/multi_map_server
-- Symlinking: /home/hyvonne/labpro/ego_planner/install/multi_map_server/share/multi_map_server/cmake/rosidl_cmake-extras.cmake
-- Symlinking: /home/hyvonne/labpro/ego_planner/install/multi_map_server/share/multi_map_server/cmake/ament_cmake_export_dependencies-extras.cmake
-- Symlinking: /home/hyvonne/labpro/ego_planner/install/multi_map_server/share/multi_map_server/cmake/ament_cmake_export_include_directories-extras.cmake
-- Symlinking: /home/hyvonne/labpro/ego_planner/install/multi_map_server/share/multi_map_server/cmake/ament_cmake_export_libraries-extras.cmake
-- Symlinking: /home/hyvonne/labpro/ego_planner/install/multi_map_server/share/multi_map_server/cmake/ament_cmake_export_targets-extras.cmake
-- Symlinking: /home/hyvonne/labpro/ego_planner/install/multi_map_server/share/multi_map_server/cmake/rosidl_cmake_export_typesupport_targets-extras.cmake
-- Symlinking: /home/hyvonne/labpro/ego_planner/install/multi_map_server/share/multi_map_server/cmake/rosidl_cmake_export_typesupport_libraries-extras.cmake
-- Symlinking: /home/hyvonne/labpro/ego_planner/install/multi_map_server/share/multi_map_server/cmake/multi_map_serverConfig.cmake
-- Symlinking: /home/hyvonne/labpro/ego_planner/install/multi_map_server/share/multi_map_server/cmake/multi_map_serverConfig-version.cmake
-- Symlinking: /home/hyvonne/labpro/ego_planner/install/multi_map_server/share/multi_map_server/package.xml
-- Installing: /home/hyvonne/labpro/ego_planner/install/multi_map_server/lib/libmulti_map_server__rosidl_generator_c.so
-- Set runtime path of "/home/hyvonne/labpro/ego_planner/install/multi_map_server/lib/libmulti_map_server__rosidl_generator_c.so" to ""
-- Installing: /home/hyvonne/labpro/ego_planner/install/multi_map_server/lib/libmulti_map_server__rosidl_typesupport_fastrtps_c.so
-- Set runtime path of "/home/hyvonne/labpro/ego_planner/install/multi_map_server/lib/libmulti_map_server__rosidl_typesupport_fastrtps_c.so" to ""
-- Installing: /home/hyvonne/labpro/ego_planner/install/multi_map_server/lib/libmulti_map_server__rosidl_typesupport_fastrtps_cpp.so
-- Set runtime path of "/home/hyvonne/labpro/ego_planner/install/multi_map_server/lib/libmulti_map_server__rosidl_typesupport_fastrtps_cpp.so" to ""
-- Installing: /home/hyvonne/labpro/ego_planner/install/multi_map_server/lib/libmulti_map_server__rosidl_typesupport_introspection_c.so
-- Set runtime path of "/home/hyvonne/labpro/ego_planner/install/multi_map_server/lib/libmulti_map_server__rosidl_typesupport_introspection_c.so" to ""
-- Installing: /home/hyvonne/labpro/ego_planner/install/multi_map_server/lib/libmulti_map_server__rosidl_typesupport_c.so
-- Set runtime path of "/home/hyvonne/labpro/ego_planner/install/multi_map_server/lib/libmulti_map_server__rosidl_typesupport_c.so" to ""
-- Installing: /home/hyvonne/labpro/ego_planner/install/multi_map_server/lib/libmulti_map_server__rosidl_typesupport_introspection_cpp.so
-- Set runtime path of "/home/hyvonne/labpro/ego_planner/install/multi_map_server/lib/libmulti_map_server__rosidl_typesupport_introspection_cpp.so" to ""
-- Installing: /home/hyvonne/labpro/ego_planner/install/multi_map_server/lib/libmulti_map_server__rosidl_typesupport_cpp.so
-- Set runtime path of "/home/hyvonne/labpro/ego_planner/install/multi_map_server/lib/libmulti_map_server__rosidl_typesupport_cpp.so" to ""
Listing '/home/hyvonne/labpro/ego_planner/install/multi_map_server/local/lib/python3.10/dist-packages/multi_map_server'...
Compiling '/home/hyvonne/labpro/ego_planner/install/multi_map_server/local/lib/python3.10/dist-packages/multi_map_server/__init__.py'...
Listing '/home/hyvonne/labpro/ego_planner/install/multi_map_server/local/lib/python3.10/dist-packages/multi_map_server/msg'...
Compiling '/home/hyvonne/labpro/ego_planner/install/multi_map_server/local/lib/python3.10/dist-packages/multi_map_server/msg/__init__.py'...
Compiling '/home/hyvonne/labpro/ego_planner/install/multi_map_server/local/lib/python3.10/dist-packages/multi_map_server/msg/_multi_occupancy_grid.py'...
Compiling '/home/hyvonne/labpro/ego_planner/install/multi_map_server/local/lib/python3.10/dist-packages/multi_map_server/msg/_multi_sparse_map3_d.py'...
Compiling '/home/hyvonne/labpro/ego_planner/install/multi_map_server/local/lib/python3.10/dist-packages/multi_map_server/msg/_sparse_map3_d.py'...
Compiling '/home/hyvonne/labpro/ego_planner/install/multi_map_server/local/lib/python3.10/dist-packages/multi_map_server/msg/_vertical_occupancy_grid_list.py'...
-- Installing: /home/hyvonne/labpro/ego_planner/install/multi_map_server/lib/libmulti_map_server__rosidl_generator_py.so
-- Set runtime path of "/home/hyvonne/labpro/ego_planner/install/multi_map_server/lib/libmulti_map_server__rosidl_generator_py.so" to ""
-- Installing: /home/hyvonne/labpro/ego_planner/install/multi_map_server/share/multi_map_server/cmake/export_multi_map_server__rosidl_generator_cExport.cmake
-- Installing: /home/hyvonne/labpro/ego_planner/install/multi_map_server/share/multi_map_server/cmake/export_multi_map_server__rosidl_generator_cExport-release.cmake
-- Installing: /home/hyvonne/labpro/ego_planner/install/multi_map_server/share/multi_map_server/cmake/export_multi_map_server__rosidl_typesupport_fastrtps_cExport.cmake
-- Installing: /home/hyvonne/labpro/ego_planner/install/multi_map_server/share/multi_map_server/cmake/export_multi_map_server__rosidl_typesupport_fastrtps_cExport-release.cmake
-- Installing: /home/hyvonne/labpro/ego_planner/install/multi_map_server/share/multi_map_server/cmake/export_multi_map_server__rosidl_generator_cppExport.cmake
-- Installing: /home/hyvonne/labpro/ego_planner/install/multi_map_server/share/multi_map_server/cmake/export_multi_map_server__rosidl_typesupport_fastrtps_cppExport.cmake
-- Installing: /home/hyvonne/labpro/ego_planner/install/multi_map_server/share/multi_map_server/cmake/export_multi_map_server__rosidl_typesupport_fastrtps_cppExport-release.cmake
-- Installing: /home/hyvonne/labpro/ego_planner/install/multi_map_server/share/multi_map_server/cmake/multi_map_server__rosidl_typesupport_introspection_cExport.cmake
-- Installing: /home/hyvonne/labpro/ego_planner/install/multi_map_server/share/multi_map_server/cmake/multi_map_server__rosidl_typesupport_introspection_cExport-release.cmake
-- Installing: /home/hyvonne/labpro/ego_planner/install/multi_map_server/share/multi_map_server/cmake/multi_map_server__rosidl_typesupport_cExport.cmake
-- Installing: /home/hyvonne/labpro/ego_planner/install/multi_map_server/share/multi_map_server/cmake/multi_map_server__rosidl_typesupport_cExport-release.cmake
-- Installing: /home/hyvonne/labpro/ego_planner/install/multi_map_server/share/multi_map_server/cmake/multi_map_server__rosidl_typesupport_introspection_cppExport.cmake
-- Installing: /home/hyvonne/labpro/ego_planner/install/multi_map_server/share/multi_map_server/cmake/multi_map_server__rosidl_typesupport_introspection_cppExport-release.cmake
-- Installing: /home/hyvonne/labpro/ego_planner/install/multi_map_server/share/multi_map_server/cmake/multi_map_server__rosidl_typesupport_cppExport.cmake
-- Installing: /home/hyvonne/labpro/ego_planner/install/multi_map_server/share/multi_map_server/cmake/multi_map_server__rosidl_typesupport_cppExport-release.cmake
-- Installing: /home/hyvonne/labpro/ego_planner/install/multi_map_server/share/multi_map_server/cmake/export_multi_map_server__rosidl_generator_pyExport.cmake
-- Installing: /home/hyvonne/labpro/ego_planner/install/multi_map_server/share/multi_map_server/cmake/export_multi_map_server__rosidl_generator_pyExport-release.cmake
