[0.008s] Invoking command in '/home/hyvonne/labpro/ego_planner/build/multi_map_server': AMENT_PREFIX_PATH=/home/hyvonne/labpro/ego_planner/install/quadrotor_msgs:/home/hyvonne/labpro/ego_planner/install/pose_utils:${AMENT_PREFIX_PATH} CMAKE_PREFIX_PATH=/home/hyvonne/labpro/ego_planner/install/quadrotor_msgs:/home/hyvonne/labpro/ego_planner/install/pose_utils:/opt/ros/humble LD_LIBRARY_PATH=/home/hyvonne/labpro/ego_planner/install/quadrotor_msgs/lib:/home/hyvonne/labpro/ego_planner/install/pose_utils/lib:${LD_LIBRARY_PATH} PYTHONPATH=/home/hyvonne/labpro/ego_planner/install/quadrotor_msgs/local/lib/python3.10/dist-packages:${PYTHONPATH} /usr/bin/cmake /home/hyvonne/labpro/ego_planner/src/uav_simulator/Utils/multi_map_server -DAMENT_CMAKE_SYMLINK_INSTALL=1 -DCMAKE_INSTALL_PREFIX=/home/hyvonne/labpro/ego_planner/install/multi_map_server
[0.052s] -- The C compiler identification is GNU 11.4.0
[0.093s] -- The CXX compiler identification is GNU 11.4.0
[0.099s] -- Detecting C compiler ABI info
[0.157s] -- Detecting C compiler ABI info - done
[0.162s] -- Check for working C compiler: /usr/bin/cc - skipped
[0.162s] -- Detecting C compile features
[0.163s] -- Detecting C compile features - done
[0.165s] -- Detecting CXX compiler ABI info
[0.230s] -- Detecting CXX compiler ABI info - done
[0.235s] -- Check for working CXX compiler: /usr/bin/c++ - skipped
[0.235s] -- Detecting CXX compile features
[0.236s] -- Detecting CXX compile features - done
[0.237s] -- Found ament_cmake: 1.3.14 (/opt/ros/humble/share/ament_cmake/cmake)
[0.346s] -- Found Python3: /usr/bin/python3 (found version "3.10.12") found components: Interpreter 
[0.391s] -- Override CMake install command with custom implementation using symlinks instead of copying resources
[0.406s] -- Found rclcpp: 16.0.19 (/opt/ros/humble/share/rclcpp/cmake)
[0.432s] -- Found rosidl_generator_c: 3.1.8 (/opt/ros/humble/share/rosidl_generator_c/cmake)
[0.435s] -- Found rosidl_adapter: 3.1.8 (/opt/ros/humble/share/rosidl_adapter/cmake)
[0.440s] -- Found rosidl_generator_cpp: 3.1.8 (/opt/ros/humble/share/rosidl_generator_cpp/cmake)
[0.448s] -- Using all available rosidl_typesupport_c: rosidl_typesupport_fastrtps_c;rosidl_typesupport_introspection_c
[0.458s] -- Using all available rosidl_typesupport_cpp: rosidl_typesupport_fastrtps_cpp;rosidl_typesupport_introspection_cpp
[0.486s] -- Found rmw_implementation_cmake: 6.1.2 (/opt/ros/humble/share/rmw_implementation_cmake/cmake)
[0.487s] -- Found rmw_cyclonedds_cpp: 1.3.4 (/opt/ros/humble/share/rmw_cyclonedds_cpp/cmake)
[0.501s] -- Using RMW implementation 'rmw_cyclonedds_cpp' as default
[0.506s] -- Looking for pthread.h
[0.573s] -- Looking for pthread.h - found
[0.573s] -- Performing Test CMAKE_HAVE_LIBC_PTHREAD
[0.629s] -- Performing Test CMAKE_HAVE_LIBC_PTHREAD - Success
[0.630s] -- Found Threads: TRUE  
[0.666s] -- Found geometry_msgs: 4.9.1 (/opt/ros/humble/share/geometry_msgs/cmake)
[0.676s] -- Found visualization_msgs: 4.9.1 (/opt/ros/humble/share/visualization_msgs/cmake)
[0.704s] -- Found nav_msgs: 4.9.1 (/opt/ros/humble/share/nav_msgs/cmake)
[0.717s] -- Found pose_utils: 0.0.0 (/home/hyvonne/labpro/ego_planner/install/pose_utils/share/pose_utils/cmake)
[0.718s] -- Found tf2: 0.25.20 (/opt/ros/humble/share/tf2/cmake)
[0.726s] -- Found tf2_geometry_msgs: 0.25.20 (/opt/ros/humble/share/tf2_geometry_msgs/cmake)
[0.736s] -- Found eigen3_cmake_module: 0.1.1 (/opt/ros/humble/share/eigen3_cmake_module/cmake)
[0.737s] -- Found Eigen3: TRUE (found version "3.4.0") 
[0.737s] -- Ensuring Eigen3 include directory is part of orocos-kdl CMake target
[0.802s] -- Found quadrotor_msgs: 0.0.0 (/home/hyvonne/labpro/ego_planner/install/quadrotor_msgs/share/quadrotor_msgs/cmake)
[0.820s] -- Found laser_geometry: 2.4.1 (/opt/ros/humble/share/laser_geometry/cmake)
[0.824s] -- Found rosidl_default_generators: 1.2.1 (/opt/ros/humble/share/rosidl_default_generators/cmake)
[0.834s] -- Found Armadillo: /usr/include (found version "10.8.2") 
[1.088s] -- Found ament_cmake_ros: 0.10.0 (/opt/ros/humble/share/ament_cmake_ros/cmake)
[1.454s] -- Using all available rosidl_typesupport_c: rosidl_typesupport_fastrtps_c;rosidl_typesupport_introspection_c
[1.601s] -- Using all available rosidl_typesupport_cpp: rosidl_typesupport_fastrtps_cpp;rosidl_typesupport_introspection_cpp
[1.617s] -- Found PythonInterp: /usr/bin/python3 (found suitable version "3.10.12", minimum required is "3.6") 
[1.618s] -- Found python_cmake_module: 0.10.0 (/opt/ros/humble/share/python_cmake_module/cmake)
[1.640s] -- Found PythonLibs: /usr/lib/x86_64-linux-gnu/libpython3.10.so (found suitable version "3.10.12", minimum required is "3.5") 
[1.640s] -- Using PYTHON_EXECUTABLE: /usr/bin/python3
[1.640s] -- Using PYTHON_INCLUDE_DIRS: /usr/include/python3.10
[1.640s] -- Using PYTHON_LIBRARIES: /usr/lib/x86_64-linux-gnu/libpython3.10.so
[1.656s] -- Found PythonExtra: .so  
[1.791s] -- Found ament_lint_auto: 0.12.15 (/opt/ros/humble/share/ament_lint_auto/cmake)
[1.804s] -- Added test 'cppcheck' to perform static code analysis on C / C++ code
[1.805s] -- Configured cppcheck include dirs: /home/hyvonne/labpro/ego_planner/src/uav_simulator/Utils/multi_map_server/include
[1.805s] -- Configured cppcheck exclude dirs and/or files: 
[1.805s] -- Added test 'lint_cmake' to check CMake code style
[1.806s] -- Added test 'uncrustify' to check C / C++ code style
[1.806s] -- Configured uncrustify additional arguments: 
[1.806s] -- Added test 'xmllint' to check XML markup files
[1.808s] -- Configuring done
[1.850s] -- Generating done
[1.864s] -- Build files have been written to: /home/hyvonne/labpro/ego_planner/build/multi_map_server
[1.874s] Invoked command in '/home/hyvonne/labpro/ego_planner/build/multi_map_server' returned '0': AMENT_PREFIX_PATH=/home/hyvonne/labpro/ego_planner/install/quadrotor_msgs:/home/hyvonne/labpro/ego_planner/install/pose_utils:${AMENT_PREFIX_PATH} CMAKE_PREFIX_PATH=/home/hyvonne/labpro/ego_planner/install/quadrotor_msgs:/home/hyvonne/labpro/ego_planner/install/pose_utils:/opt/ros/humble LD_LIBRARY_PATH=/home/hyvonne/labpro/ego_planner/install/quadrotor_msgs/lib:/home/hyvonne/labpro/ego_planner/install/pose_utils/lib:${LD_LIBRARY_PATH} PYTHONPATH=/home/hyvonne/labpro/ego_planner/install/quadrotor_msgs/local/lib/python3.10/dist-packages:${PYTHONPATH} /usr/bin/cmake /home/hyvonne/labpro/ego_planner/src/uav_simulator/Utils/multi_map_server -DAMENT_CMAKE_SYMLINK_INSTALL=1 -DCMAKE_INSTALL_PREFIX=/home/hyvonne/labpro/ego_planner/install/multi_map_server
[1.875s] Invoking command in '/home/hyvonne/labpro/ego_planner/build/multi_map_server': AMENT_PREFIX_PATH=/home/hyvonne/labpro/ego_planner/install/quadrotor_msgs:/home/hyvonne/labpro/ego_planner/install/pose_utils:${AMENT_PREFIX_PATH} CMAKE_PREFIX_PATH=/home/hyvonne/labpro/ego_planner/install/quadrotor_msgs:/home/hyvonne/labpro/ego_planner/install/pose_utils:/opt/ros/humble LD_LIBRARY_PATH=/home/hyvonne/labpro/ego_planner/install/quadrotor_msgs/lib:/home/hyvonne/labpro/ego_planner/install/pose_utils/lib:${LD_LIBRARY_PATH} PYTHONPATH=/home/hyvonne/labpro/ego_planner/install/quadrotor_msgs/local/lib/python3.10/dist-packages:${PYTHONPATH} /usr/bin/cmake --build /home/hyvonne/labpro/ego_planner/build/multi_map_server -- -j20 -l20
[1.911s] [  1%] [34m[1mGenerating C code for ROS interfaces[0m
[1.920s] [  3%] [34m[1mGenerating Rust code for ROS interfaces[0m
[1.920s] [  5%] [34m[1mGenerating C++ code for ROS interfaces[0m
[1.923s] [  5%] Built target ament_cmake_python_symlink_multi_map_server
[2.083s] running egg_info
[2.083s] creating multi_map_server.egg-info
[2.084s] writing multi_map_server.egg-info/PKG-INFO
[2.084s] writing dependency_links to multi_map_server.egg-info/dependency_links.txt
[2.084s] writing top-level names to multi_map_server.egg-info/top_level.txt
[2.084s] writing manifest file 'multi_map_server.egg-info/SOURCES.txt'
[2.085s] reading manifest file 'multi_map_server.egg-info/SOURCES.txt'
[2.086s] writing manifest file 'multi_map_server.egg-info/SOURCES.txt'
[2.107s] [  5%] Built target ament_cmake_python_build_multi_map_server_egg
[2.119s] [  5%] Built target multi_map_server__rs
[2.191s] [  6%] [32mBuilding C object CMakeFiles/multi_map_server__rosidl_generator_c.dir/rosidl_generator_c/multi_map_server/msg/detail/multi_sparse_map3_d__functions.c.o[0m
[2.193s] [  8%] [32mBuilding C object CMakeFiles/multi_map_server__rosidl_generator_c.dir/rosidl_generator_c/multi_map_server/msg/detail/multi_occupancy_grid__functions.c.o[0m
[2.194s] [ 12%] [32mBuilding C object CMakeFiles/multi_map_server__rosidl_generator_c.dir/rosidl_generator_c/multi_map_server/msg/detail/sparse_map3_d__functions.c.o[0m
[2.194s] [ 12%] [32mBuilding C object CMakeFiles/multi_map_server__rosidl_generator_c.dir/rosidl_generator_c/multi_map_server/msg/detail/vertical_occupancy_grid_list__functions.c.o[0m
[2.221s] [ 12%] Built target multi_map_server__cpp
[2.231s] [ 13%] [34m[1mGenerating C++ introspection for ROS interfaces[0m
[2.231s] [ 15%] [34m[1mGenerating C++ type support for eProsima Fast-RTPS[0m
[2.233s] [ 17%] [34m[1mGenerating C++ type support dispatch for ROS interfaces[0m
[2.297s] [ 18%] [32m[1mLinking C shared library libmulti_map_server__rosidl_generator_c.so[0m
[2.335s] [ 18%] Built target multi_map_server__rosidl_generator_c
[2.345s] [ 20%] [34m[1mGenerating C type support for eProsima Fast-RTPS[0m
[2.346s] [ 22%] [34m[1mGenerating C introspection for ROS interfaces[0m
[2.347s] [ 24%] [34m[1mGenerating C type support dispatch for ROS interfaces[0m
[2.447s] [ 25%] [32mBuilding CXX object CMakeFiles/multi_map_server__rosidl_typesupport_cpp.dir/rosidl_typesupport_cpp/multi_map_server/msg/vertical_occupancy_grid_list__type_support.cpp.o[0m
[2.448s] [ 27%] [32mBuilding CXX object CMakeFiles/multi_map_server__rosidl_typesupport_cpp.dir/rosidl_typesupport_cpp/multi_map_server/msg/sparse_map3_d__type_support.cpp.o[0m
[2.448s] [ 29%] [32mBuilding CXX object CMakeFiles/multi_map_server__rosidl_typesupport_cpp.dir/rosidl_typesupport_cpp/multi_map_server/msg/multi_occupancy_grid__type_support.cpp.o[0m
[2.448s] [ 31%] [32mBuilding CXX object CMakeFiles/multi_map_server__rosidl_typesupport_cpp.dir/rosidl_typesupport_cpp/multi_map_server/msg/multi_sparse_map3_d__type_support.cpp.o[0m
[2.476s] [ 32%] [32mBuilding CXX object CMakeFiles/multi_map_server__rosidl_typesupport_introspection_cpp.dir/rosidl_typesupport_introspection_cpp/multi_map_server/msg/detail/vertical_occupancy_grid_list__type_support.cpp.o[0m
[2.477s] [ 36%] [32mBuilding CXX object CMakeFiles/multi_map_server__rosidl_typesupport_introspection_cpp.dir/rosidl_typesupport_introspection_cpp/multi_map_server/msg/detail/multi_sparse_map3_d__type_support.cpp.o[0m
[2.477s] [ 36%] [32mBuilding CXX object CMakeFiles/multi_map_server__rosidl_typesupport_introspection_cpp.dir/rosidl_typesupport_introspection_cpp/multi_map_server/msg/detail/multi_occupancy_grid__type_support.cpp.o[0m
[2.477s] [ 37%] [32mBuilding CXX object CMakeFiles/multi_map_server__rosidl_typesupport_introspection_cpp.dir/rosidl_typesupport_introspection_cpp/multi_map_server/msg/detail/sparse_map3_d__type_support.cpp.o[0m
[2.500s] [ 39%] [32mBuilding CXX object CMakeFiles/multi_map_server__rosidl_typesupport_fastrtps_cpp.dir/rosidl_typesupport_fastrtps_cpp/multi_map_server/msg/detail/dds_fastrtps/sparse_map3_d__type_support.cpp.o[0m
[2.500s] [ 41%] [32mBuilding CXX object CMakeFiles/multi_map_server__rosidl_typesupport_fastrtps_cpp.dir/rosidl_typesupport_fastrtps_cpp/multi_map_server/msg/detail/dds_fastrtps/multi_occupancy_grid__type_support.cpp.o[0m
[2.501s] [ 43%] [32mBuilding CXX object CMakeFiles/multi_map_server__rosidl_typesupport_fastrtps_cpp.dir/rosidl_typesupport_fastrtps_cpp/multi_map_server/msg/detail/dds_fastrtps/multi_sparse_map3_d__type_support.cpp.o[0m
[2.501s] [ 44%] [32mBuilding CXX object CMakeFiles/multi_map_server__rosidl_typesupport_fastrtps_cpp.dir/rosidl_typesupport_fastrtps_cpp/multi_map_server/msg/detail/dds_fastrtps/vertical_occupancy_grid_list__type_support.cpp.o[0m
[2.590s] [ 50%] [32mBuilding CXX object CMakeFiles/multi_map_server__rosidl_typesupport_c.dir/rosidl_typesupport_c/multi_map_server/msg/sparse_map3_d__type_support.cpp.o[0m
[2.590s] [ 50%] [32mBuilding CXX object CMakeFiles/multi_map_server__rosidl_typesupport_c.dir/rosidl_typesupport_c/multi_map_server/msg/multi_sparse_map3_d__type_support.cpp.o[0m
[2.590s] [ 50%] [32mBuilding CXX object CMakeFiles/multi_map_server__rosidl_typesupport_c.dir/rosidl_typesupport_c/multi_map_server/msg/multi_occupancy_grid__type_support.cpp.o[0m
[2.590s] [ 51%] [32mBuilding CXX object CMakeFiles/multi_map_server__rosidl_typesupport_c.dir/rosidl_typesupport_c/multi_map_server/msg/vertical_occupancy_grid_list__type_support.cpp.o[0m
[2.632s] [ 53%] [32m[1mLinking CXX shared library libmulti_map_server__rosidl_typesupport_c.so[0m
[2.690s] [ 53%] Built target multi_map_server__rosidl_typesupport_c
[2.789s] [ 56%] [32mBuilding CXX object CMakeFiles/multi_map_server__rosidl_typesupport_fastrtps_c.dir/rosidl_typesupport_fastrtps_c/multi_map_server/msg/detail/multi_sparse_map3_d__type_support_c.cpp.o[0m
[2.789s] [ 58%] [32mBuilding CXX object CMakeFiles/multi_map_server__rosidl_typesupport_fastrtps_c.dir/rosidl_typesupport_fastrtps_c/multi_map_server/msg/detail/sparse_map3_d__type_support_c.cpp.o[0m
[2.789s] [ 58%] [32mBuilding CXX object CMakeFiles/multi_map_server__rosidl_typesupport_fastrtps_c.dir/rosidl_typesupport_fastrtps_c/multi_map_server/msg/detail/multi_occupancy_grid__type_support_c.cpp.o[0m
[2.790s] [ 60%] [32mBuilding CXX object CMakeFiles/multi_map_server__rosidl_typesupport_fastrtps_c.dir/rosidl_typesupport_fastrtps_c/multi_map_server/msg/detail/vertical_occupancy_grid_list__type_support_c.cpp.o[0m
[2.824s] [ 62%] [32mBuilding C object CMakeFiles/multi_map_server__rosidl_typesupport_introspection_c.dir/rosidl_typesupport_introspection_c/multi_map_server/msg/detail/multi_occupancy_grid__type_support.c.o[0m
[2.824s] [ 65%] [32mBuilding C object CMakeFiles/multi_map_server__rosidl_typesupport_introspection_c.dir/rosidl_typesupport_introspection_c/multi_map_server/msg/detail/multi_sparse_map3_d__type_support.c.o[0m
[2.825s] [ 65%] [32mBuilding C object CMakeFiles/multi_map_server__rosidl_typesupport_introspection_c.dir/rosidl_typesupport_introspection_c/multi_map_server/msg/detail/sparse_map3_d__type_support.c.o[0m
[2.828s] [ 67%] [32mBuilding C object CMakeFiles/multi_map_server__rosidl_typesupport_introspection_c.dir/rosidl_typesupport_introspection_c/multi_map_server/msg/detail/vertical_occupancy_grid_list__type_support.c.o[0m
[2.896s] [ 68%] [32m[1mLinking CXX shared library libmulti_map_server__rosidl_typesupport_cpp.so[0m
[2.905s] [ 70%] [32m[1mLinking C shared library libmulti_map_server__rosidl_typesupport_introspection_c.so[0m
[2.937s] [ 70%] Built target multi_map_server__rosidl_typesupport_cpp
[2.948s] [ 70%] Built target multi_map_server__rosidl_typesupport_introspection_c
[2.959s] [ 72%] [32mBuilding CXX object CMakeFiles/multi_map_visualization.dir/src/multi_map_visualization.cc.o[0m
[3.267s] [ 74%] [32m[1mLinking CXX shared library libmulti_map_server__rosidl_typesupport_fastrtps_cpp.so[0m
[3.345s] [ 74%] Built target multi_map_server__rosidl_typesupport_fastrtps_cpp
[3.365s] [ 75%] [32m[1mLinking CXX shared library libmulti_map_server__rosidl_typesupport_fastrtps_c.so[0m
[3.390s] [ 77%] [32m[1mLinking CXX shared library libmulti_map_server__rosidl_typesupport_introspection_cpp.so[0m
[3.429s] [ 77%] Built target multi_map_server__rosidl_typesupport_fastrtps_c
[3.453s] [ 77%] Built target multi_map_server__rosidl_typesupport_introspection_cpp
[3.469s] [ 77%] Built target multi_map_server
[3.488s] [ 79%] [34m[1mGenerating Python code for ROS interfaces[0m
[3.832s] [ 79%] Built target multi_map_server__py
[3.853s] [ 86%] [32mBuilding C object CMakeFiles/multi_map_server__rosidl_generator_py.dir/rosidl_generator_py/multi_map_server/msg/_multi_sparse_map3_d_s.c.o[0m
[3.853s] [ 86%] [32mBuilding C object CMakeFiles/multi_map_server__rosidl_generator_py.dir/rosidl_generator_py/multi_map_server/msg/_multi_occupancy_grid_s.c.o[0m
[3.853s] [ 86%] [32mBuilding C object CMakeFiles/multi_map_server__rosidl_generator_py.dir/rosidl_generator_py/multi_map_server/msg/_sparse_map3_d_s.c.o[0m
[3.853s] [ 86%] [32mBuilding C object CMakeFiles/multi_map_server__rosidl_generator_py.dir/rosidl_generator_py/multi_map_server/msg/_vertical_occupancy_grid_list_s.c.o[0m
[3.991s] [ 87%] [32m[1mLinking C shared library rosidl_generator_py/multi_map_server/libmulti_map_server__rosidl_generator_py.so[0m
[4.027s] [ 87%] Built target multi_map_server__rosidl_generator_py
[4.047s] [ 91%] [32mBuilding C object CMakeFiles/multi_map_server__rosidl_typesupport_c__pyext.dir/rosidl_generator_py/multi_map_server/_multi_map_server_s.ep.rosidl_typesupport_c.c.o[0m
[4.047s] [ 91%] [32mBuilding C object CMakeFiles/multi_map_server__rosidl_typesupport_fastrtps_c__pyext.dir/rosidl_generator_py/multi_map_server/_multi_map_server_s.ep.rosidl_typesupport_fastrtps_c.c.o[0m
[4.048s] [ 93%] [32mBuilding C object CMakeFiles/multi_map_server__rosidl_typesupport_introspection_c__pyext.dir/rosidl_generator_py/multi_map_server/_multi_map_server_s.ep.rosidl_typesupport_introspection_c.c.o[0m
[4.157s] [ 94%] [32m[1mLinking C shared library rosidl_generator_py/multi_map_server/multi_map_server_s__rosidl_typesupport_fastrtps_c.cpython-310-x86_64-linux-gnu.so[0m
[4.157s] [ 96%] [32m[1mLinking C shared library rosidl_generator_py/multi_map_server/multi_map_server_s__rosidl_typesupport_c.cpython-310-x86_64-linux-gnu.so[0m
[4.158s] [ 98%] [32m[1mLinking C shared library rosidl_generator_py/multi_map_server/multi_map_server_s__rosidl_typesupport_introspection_c.cpython-310-x86_64-linux-gnu.so[0m
[4.196s] [ 98%] Built target multi_map_server__rosidl_typesupport_fastrtps_c__pyext
[4.200s] [ 98%] Built target multi_map_server__rosidl_typesupport_introspection_c__pyext
[4.204s] [ 98%] Built target multi_map_server__rosidl_typesupport_c__pyext
[6.120s] [01m[K/home/hyvonne/labpro/ego_planner/src/uav_simulator/Utils/multi_map_server/src/multi_map_visualization.cc:18:84:[m[K [01;35m[Kwarning: [m[K‘[01m[Kmulti_map_server::msg::MultiOccupancyGrid_<std::allocator<void> >::ConstPtr[m[K’ is deprecated [[01;35m[K]8;;https://gcc.gnu.org/onlinedocs/gcc/Warning-Options.html#index-Wdeprecated-declarations-Wdeprecated-declarations]8;;[m[K]
[6.120s]    18 | void maps2d_callback(const multi_map_server::msg::MultiOccupancyGrid::ConstPtr &msg[01;35m[K)[m[K
[6.120s]       |                                                                                    [01;35m[K^[m[K
[6.120s] In file included from [01m[K/home/hyvonne/labpro/ego_planner/build/multi_map_server/rosidl_generator_cpp/multi_map_server/msg/multi_occupancy_grid.hpp:7[m[K,
[6.120s]                  from [01m[K/home/hyvonne/labpro/ego_planner/src/uav_simulator/Utils/multi_map_server/src/multi_map_visualization.cc:5[m[K:
[6.120s] [01m[K/home/hyvonne/labpro/ego_planner/build/multi_map_server/rosidl_generator_cpp/multi_map_server/msg/detail/multi_occupancy_grid__struct.hpp:113:5:[m[K [01;36m[Knote: [m[Kdeclared here
[6.120s]   113 |     [01;36m[KConstPtr[m[K;
[6.120s]       |     [01;36m[K^~~~~~~~[m[K
[6.122s] [01m[K/home/hyvonne/labpro/ego_planner/src/uav_simulator/Utils/multi_map_server/src/multi_map_visualization.cc:37:82:[m[K [01;35m[Kwarning: [m[K‘[01m[Kmulti_map_server::msg::MultiSparseMap3D_<std::allocator<void> >::ConstPtr[m[K’ is deprecated [[01;35m[K]8;;https://gcc.gnu.org/onlinedocs/gcc/Warning-Options.html#index-Wdeprecated-declarations-Wdeprecated-declarations]8;;[m[K]
[6.122s]    37 | void maps3d_callback(const multi_map_server::msg::MultiSparseMap3D::ConstPtr &msg[01;35m[K)[m[K
[6.122s]       |                                                                                  [01;35m[K^[m[K
[6.122s] In file included from [01m[K/home/hyvonne/labpro/ego_planner/build/multi_map_server/rosidl_generator_cpp/multi_map_server/msg/multi_sparse_map3_d.hpp:7[m[K,
[6.122s]                  from [01m[K/home/hyvonne/labpro/ego_planner/src/uav_simulator/Utils/multi_map_server/src/multi_map_visualization.cc:6[m[K:
[6.122s] [01m[K/home/hyvonne/labpro/ego_planner/build/multi_map_server/rosidl_generator_cpp/multi_map_server/msg/detail/multi_sparse_map3_d__struct.hpp:113:5:[m[K [01;36m[Knote: [m[Kdeclared here
[6.122s]   113 |     [01;36m[KConstPtr[m[K;
[6.122s]       |     [01;36m[K^~~~~~~~[m[K
[20.970s] [100%] [32m[1mLinking CXX executable multi_map_visualization[0m
[21.240s] [100%] Built target multi_map_visualization
[21.252s] Invoked command in '/home/hyvonne/labpro/ego_planner/build/multi_map_server' returned '0': AMENT_PREFIX_PATH=/home/hyvonne/labpro/ego_planner/install/quadrotor_msgs:/home/hyvonne/labpro/ego_planner/install/pose_utils:${AMENT_PREFIX_PATH} CMAKE_PREFIX_PATH=/home/hyvonne/labpro/ego_planner/install/quadrotor_msgs:/home/hyvonne/labpro/ego_planner/install/pose_utils:/opt/ros/humble LD_LIBRARY_PATH=/home/hyvonne/labpro/ego_planner/install/quadrotor_msgs/lib:/home/hyvonne/labpro/ego_planner/install/pose_utils/lib:${LD_LIBRARY_PATH} PYTHONPATH=/home/hyvonne/labpro/ego_planner/install/quadrotor_msgs/local/lib/python3.10/dist-packages:${PYTHONPATH} /usr/bin/cmake --build /home/hyvonne/labpro/ego_planner/build/multi_map_server -- -j20 -l20
[21.253s] Invoking command in '/home/hyvonne/labpro/ego_planner/build/multi_map_server': AMENT_PREFIX_PATH=/home/hyvonne/labpro/ego_planner/install/quadrotor_msgs:/home/hyvonne/labpro/ego_planner/install/pose_utils:${AMENT_PREFIX_PATH} CMAKE_PREFIX_PATH=/home/hyvonne/labpro/ego_planner/install/quadrotor_msgs:/home/hyvonne/labpro/ego_planner/install/pose_utils:/opt/ros/humble LD_LIBRARY_PATH=/home/hyvonne/labpro/ego_planner/install/quadrotor_msgs/lib:/home/hyvonne/labpro/ego_planner/install/pose_utils/lib:${LD_LIBRARY_PATH} PYTHONPATH=/home/hyvonne/labpro/ego_planner/install/quadrotor_msgs/local/lib/python3.10/dist-packages:${PYTHONPATH} /usr/bin/cmake --install /home/hyvonne/labpro/ego_planner/build/multi_map_server
[21.259s] -- Install configuration: "Release"
[21.260s] -- Execute custom install script
[21.260s] -- Symlinking: /home/hyvonne/labpro/ego_planner/install/multi_map_server/share/ament_index/resource_index/rosidl_interfaces/multi_map_server
[21.269s] -- Symlinking: /home/hyvonne/labpro/ego_planner/install/multi_map_server/include/multi_map_server/multi_map_server/msg/detail/multi_occupancy_grid__functions.h
[21.274s] -- Symlinking: /home/hyvonne/labpro/ego_planner/install/multi_map_server/include/multi_map_server/multi_map_server/msg/detail/multi_occupancy_grid__struct.h
[21.280s] -- Symlinking: /home/hyvonne/labpro/ego_planner/install/multi_map_server/include/multi_map_server/multi_map_server/msg/detail/multi_occupancy_grid__type_support.h
[21.285s] -- Symlinking: /home/hyvonne/labpro/ego_planner/install/multi_map_server/include/multi_map_server/multi_map_server/msg/detail/multi_sparse_map3_d__functions.h
[21.293s] -- Symlinking: /home/hyvonne/labpro/ego_planner/install/multi_map_server/include/multi_map_server/multi_map_server/msg/detail/multi_sparse_map3_d__struct.h
[21.301s] -- Symlinking: /home/hyvonne/labpro/ego_planner/install/multi_map_server/include/multi_map_server/multi_map_server/msg/detail/multi_sparse_map3_d__type_support.h
[21.307s] -- Symlinking: /home/hyvonne/labpro/ego_planner/install/multi_map_server/include/multi_map_server/multi_map_server/msg/detail/sparse_map3_d__functions.h
[21.314s] -- Symlinking: /home/hyvonne/labpro/ego_planner/install/multi_map_server/include/multi_map_server/multi_map_server/msg/detail/sparse_map3_d__struct.h
[21.320s] -- Symlinking: /home/hyvonne/labpro/ego_planner/install/multi_map_server/include/multi_map_server/multi_map_server/msg/detail/sparse_map3_d__type_support.h
[21.327s] -- Symlinking: /home/hyvonne/labpro/ego_planner/install/multi_map_server/include/multi_map_server/multi_map_server/msg/detail/vertical_occupancy_grid_list__functions.h
[21.334s] -- Symlinking: /home/hyvonne/labpro/ego_planner/install/multi_map_server/include/multi_map_server/multi_map_server/msg/detail/vertical_occupancy_grid_list__struct.h
[21.340s] -- Symlinking: /home/hyvonne/labpro/ego_planner/install/multi_map_server/include/multi_map_server/multi_map_server/msg/detail/vertical_occupancy_grid_list__type_support.h
[21.347s] -- Symlinking: /home/hyvonne/labpro/ego_planner/install/multi_map_server/include/multi_map_server/multi_map_server/msg/multi_occupancy_grid.h
[21.354s] -- Symlinking: /home/hyvonne/labpro/ego_planner/install/multi_map_server/include/multi_map_server/multi_map_server/msg/multi_sparse_map3_d.h
[21.360s] -- Symlinking: /home/hyvonne/labpro/ego_planner/install/multi_map_server/include/multi_map_server/multi_map_server/msg/rosidl_generator_c__visibility_control.h
[21.365s] -- Symlinking: /home/hyvonne/labpro/ego_planner/install/multi_map_server/include/multi_map_server/multi_map_server/msg/sparse_map3_d.h
[21.373s] -- Symlinking: /home/hyvonne/labpro/ego_planner/install/multi_map_server/include/multi_map_server/multi_map_server/msg/vertical_occupancy_grid_list.h
[21.378s] -- Symlinking: /home/hyvonne/labpro/ego_planner/install/multi_map_server/share/multi_map_server/environment/library_path.sh
[21.384s] -- Symlinking: /home/hyvonne/labpro/ego_planner/install/multi_map_server/share/multi_map_server/environment/library_path.dsv
[21.392s] -- Symlinking: /home/hyvonne/labpro/ego_planner/install/multi_map_server/include/multi_map_server/multi_map_server/msg/detail/multi_occupancy_grid__rosidl_typesupport_fastrtps_c.h
[21.400s] -- Symlinking: /home/hyvonne/labpro/ego_planner/install/multi_map_server/include/multi_map_server/multi_map_server/msg/detail/multi_sparse_map3_d__rosidl_typesupport_fastrtps_c.h
[21.406s] -- Symlinking: /home/hyvonne/labpro/ego_planner/install/multi_map_server/include/multi_map_server/multi_map_server/msg/detail/sparse_map3_d__rosidl_typesupport_fastrtps_c.h
[21.413s] -- Symlinking: /home/hyvonne/labpro/ego_planner/install/multi_map_server/include/multi_map_server/multi_map_server/msg/detail/vertical_occupancy_grid_list__rosidl_typesupport_fastrtps_c.h
[21.419s] -- Symlinking: /home/hyvonne/labpro/ego_planner/install/multi_map_server/include/multi_map_server/multi_map_server/msg/rosidl_typesupport_fastrtps_c__visibility_control.h
[21.424s] -- Symlinking: /home/hyvonne/labpro/ego_planner/install/multi_map_server/include/multi_map_server/multi_map_server/msg/detail/multi_occupancy_grid__builder.hpp
[21.430s] -- Symlinking: /home/hyvonne/labpro/ego_planner/install/multi_map_server/include/multi_map_server/multi_map_server/msg/detail/multi_occupancy_grid__struct.hpp
[21.437s] -- Symlinking: /home/hyvonne/labpro/ego_planner/install/multi_map_server/include/multi_map_server/multi_map_server/msg/detail/multi_occupancy_grid__traits.hpp
[21.443s] -- Symlinking: /home/hyvonne/labpro/ego_planner/install/multi_map_server/include/multi_map_server/multi_map_server/msg/detail/multi_occupancy_grid__type_support.hpp
[21.450s] -- Symlinking: /home/hyvonne/labpro/ego_planner/install/multi_map_server/include/multi_map_server/multi_map_server/msg/detail/multi_sparse_map3_d__builder.hpp
[21.457s] -- Symlinking: /home/hyvonne/labpro/ego_planner/install/multi_map_server/include/multi_map_server/multi_map_server/msg/detail/multi_sparse_map3_d__struct.hpp
[21.463s] -- Symlinking: /home/hyvonne/labpro/ego_planner/install/multi_map_server/include/multi_map_server/multi_map_server/msg/detail/multi_sparse_map3_d__traits.hpp
[21.468s] -- Symlinking: /home/hyvonne/labpro/ego_planner/install/multi_map_server/include/multi_map_server/multi_map_server/msg/detail/multi_sparse_map3_d__type_support.hpp
[21.474s] -- Symlinking: /home/hyvonne/labpro/ego_planner/install/multi_map_server/include/multi_map_server/multi_map_server/msg/detail/sparse_map3_d__builder.hpp
[21.480s] -- Symlinking: /home/hyvonne/labpro/ego_planner/install/multi_map_server/include/multi_map_server/multi_map_server/msg/detail/sparse_map3_d__struct.hpp
[21.487s] -- Symlinking: /home/hyvonne/labpro/ego_planner/install/multi_map_server/include/multi_map_server/multi_map_server/msg/detail/sparse_map3_d__traits.hpp
[21.494s] -- Symlinking: /home/hyvonne/labpro/ego_planner/install/multi_map_server/include/multi_map_server/multi_map_server/msg/detail/sparse_map3_d__type_support.hpp
[21.500s] -- Symlinking: /home/hyvonne/labpro/ego_planner/install/multi_map_server/include/multi_map_server/multi_map_server/msg/detail/vertical_occupancy_grid_list__builder.hpp
[21.507s] -- Symlinking: /home/hyvonne/labpro/ego_planner/install/multi_map_server/include/multi_map_server/multi_map_server/msg/detail/vertical_occupancy_grid_list__struct.hpp
[21.513s] -- Symlinking: /home/hyvonne/labpro/ego_planner/install/multi_map_server/include/multi_map_server/multi_map_server/msg/detail/vertical_occupancy_grid_list__traits.hpp
[21.519s] -- Symlinking: /home/hyvonne/labpro/ego_planner/install/multi_map_server/include/multi_map_server/multi_map_server/msg/detail/vertical_occupancy_grid_list__type_support.hpp
[21.524s] -- Symlinking: /home/hyvonne/labpro/ego_planner/install/multi_map_server/include/multi_map_server/multi_map_server/msg/multi_occupancy_grid.hpp
[21.532s] -- Symlinking: /home/hyvonne/labpro/ego_planner/install/multi_map_server/include/multi_map_server/multi_map_server/msg/multi_sparse_map3_d.hpp
[21.537s] -- Symlinking: /home/hyvonne/labpro/ego_planner/install/multi_map_server/include/multi_map_server/multi_map_server/msg/rosidl_generator_cpp__visibility_control.hpp
[21.544s] -- Symlinking: /home/hyvonne/labpro/ego_planner/install/multi_map_server/include/multi_map_server/multi_map_server/msg/sparse_map3_d.hpp
[21.550s] -- Symlinking: /home/hyvonne/labpro/ego_planner/install/multi_map_server/include/multi_map_server/multi_map_server/msg/vertical_occupancy_grid_list.hpp
[21.558s] -- Symlinking: /home/hyvonne/labpro/ego_planner/install/multi_map_server/include/multi_map_server/multi_map_server/msg/detail/multi_occupancy_grid__rosidl_typesupport_fastrtps_cpp.hpp
[21.563s] -- Symlinking: /home/hyvonne/labpro/ego_planner/install/multi_map_server/include/multi_map_server/multi_map_server/msg/detail/multi_sparse_map3_d__rosidl_typesupport_fastrtps_cpp.hpp
[21.569s] -- Symlinking: /home/hyvonne/labpro/ego_planner/install/multi_map_server/include/multi_map_server/multi_map_server/msg/detail/sparse_map3_d__rosidl_typesupport_fastrtps_cpp.hpp
[21.576s] -- Symlinking: /home/hyvonne/labpro/ego_planner/install/multi_map_server/include/multi_map_server/multi_map_server/msg/detail/vertical_occupancy_grid_list__rosidl_typesupport_fastrtps_cpp.hpp
[21.584s] -- Symlinking: /home/hyvonne/labpro/ego_planner/install/multi_map_server/include/multi_map_server/multi_map_server/msg/rosidl_typesupport_fastrtps_cpp__visibility_control.h
[21.590s] -- Symlinking: /home/hyvonne/labpro/ego_planner/install/multi_map_server/include/multi_map_server/multi_map_server/msg/detail/multi_occupancy_grid__rosidl_typesupport_introspection_c.h
[21.596s] -- Symlinking: /home/hyvonne/labpro/ego_planner/install/multi_map_server/include/multi_map_server/multi_map_server/msg/detail/multi_sparse_map3_d__rosidl_typesupport_introspection_c.h
[21.604s] -- Symlinking: /home/hyvonne/labpro/ego_planner/install/multi_map_server/include/multi_map_server/multi_map_server/msg/detail/sparse_map3_d__rosidl_typesupport_introspection_c.h
[21.610s] -- Symlinking: /home/hyvonne/labpro/ego_planner/install/multi_map_server/include/multi_map_server/multi_map_server/msg/detail/vertical_occupancy_grid_list__rosidl_typesupport_introspection_c.h
[21.618s] -- Symlinking: /home/hyvonne/labpro/ego_planner/install/multi_map_server/include/multi_map_server/multi_map_server/msg/rosidl_typesupport_introspection_c__visibility_control.h
[21.624s] -- Symlinking: /home/hyvonne/labpro/ego_planner/install/multi_map_server/include/multi_map_server/multi_map_server/msg/detail/multi_occupancy_grid__rosidl_typesupport_introspection_cpp.hpp
[21.630s] -- Symlinking: /home/hyvonne/labpro/ego_planner/install/multi_map_server/include/multi_map_server/multi_map_server/msg/detail/multi_sparse_map3_d__rosidl_typesupport_introspection_cpp.hpp
[21.636s] -- Symlinking: /home/hyvonne/labpro/ego_planner/install/multi_map_server/include/multi_map_server/multi_map_server/msg/detail/sparse_map3_d__rosidl_typesupport_introspection_cpp.hpp
[21.643s] -- Symlinking: /home/hyvonne/labpro/ego_planner/install/multi_map_server/include/multi_map_server/multi_map_server/msg/detail/vertical_occupancy_grid_list__rosidl_typesupport_introspection_cpp.hpp
[21.650s] -- Symlinking: /home/hyvonne/labpro/ego_planner/install/multi_map_server/share/multi_map_server/environment/pythonpath.sh
[21.656s] -- Symlinking: /home/hyvonne/labpro/ego_planner/install/multi_map_server/share/multi_map_server/environment/pythonpath.dsv
[21.661s] -- Symlinking: /home/hyvonne/labpro/ego_planner/install/multi_map_server/local/lib/python3.10/dist-packages/multi_map_server-0.0.0-py3.10.egg-info/PKG-INFO
[21.668s] -- Symlinking: /home/hyvonne/labpro/ego_planner/install/multi_map_server/local/lib/python3.10/dist-packages/multi_map_server-0.0.0-py3.10.egg-info/SOURCES.txt
[21.674s] -- Symlinking: /home/hyvonne/labpro/ego_planner/install/multi_map_server/local/lib/python3.10/dist-packages/multi_map_server-0.0.0-py3.10.egg-info/dependency_links.txt
[21.679s] -- Symlinking: /home/hyvonne/labpro/ego_planner/install/multi_map_server/local/lib/python3.10/dist-packages/multi_map_server-0.0.0-py3.10.egg-info/top_level.txt
[21.686s] -- Symlinking: /home/hyvonne/labpro/ego_planner/install/multi_map_server/local/lib/python3.10/dist-packages/multi_map_server/__init__.py
[21.694s] -- Symlinking: /home/hyvonne/labpro/ego_planner/install/multi_map_server/local/lib/python3.10/dist-packages/multi_map_server/_multi_map_server_s.ep.rosidl_typesupport_c.c
[21.700s] -- Symlinking: /home/hyvonne/labpro/ego_planner/install/multi_map_server/local/lib/python3.10/dist-packages/multi_map_server/_multi_map_server_s.ep.rosidl_typesupport_fastrtps_c.c
[21.707s] -- Symlinking: /home/hyvonne/labpro/ego_planner/install/multi_map_server/local/lib/python3.10/dist-packages/multi_map_server/_multi_map_server_s.ep.rosidl_typesupport_introspection_c.c
[21.714s] -- Symlinking: /home/hyvonne/labpro/ego_planner/install/multi_map_server/local/lib/python3.10/dist-packages/multi_map_server/libmulti_map_server__rosidl_generator_py.so
[21.720s] -- Symlinking: /home/hyvonne/labpro/ego_planner/install/multi_map_server/local/lib/python3.10/dist-packages/multi_map_server/msg/__init__.py
[21.726s] -- Symlinking: /home/hyvonne/labpro/ego_planner/install/multi_map_server/local/lib/python3.10/dist-packages/multi_map_server/msg/_multi_occupancy_grid.py
[21.733s] -- Symlinking: /home/hyvonne/labpro/ego_planner/install/multi_map_server/local/lib/python3.10/dist-packages/multi_map_server/msg/_multi_occupancy_grid_s.c
[21.739s] -- Symlinking: /home/hyvonne/labpro/ego_planner/install/multi_map_server/local/lib/python3.10/dist-packages/multi_map_server/msg/_multi_sparse_map3_d.py
[21.747s] -- Symlinking: /home/hyvonne/labpro/ego_planner/install/multi_map_server/local/lib/python3.10/dist-packages/multi_map_server/msg/_multi_sparse_map3_d_s.c
[21.754s] -- Symlinking: /home/hyvonne/labpro/ego_planner/install/multi_map_server/local/lib/python3.10/dist-packages/multi_map_server/msg/_sparse_map3_d.py
[21.760s] -- Symlinking: /home/hyvonne/labpro/ego_planner/install/multi_map_server/local/lib/python3.10/dist-packages/multi_map_server/msg/_sparse_map3_d_s.c
[21.766s] -- Symlinking: /home/hyvonne/labpro/ego_planner/install/multi_map_server/local/lib/python3.10/dist-packages/multi_map_server/msg/_vertical_occupancy_grid_list.py
[21.773s] -- Symlinking: /home/hyvonne/labpro/ego_planner/install/multi_map_server/local/lib/python3.10/dist-packages/multi_map_server/msg/_vertical_occupancy_grid_list_s.c
[21.779s] -- Symlinking: /home/hyvonne/labpro/ego_planner/install/multi_map_server/local/lib/python3.10/dist-packages/multi_map_server/multi_map_server_s__rosidl_typesupport_c.cpython-310-x86_64-linux-gnu.so
[21.784s] -- Symlinking: /home/hyvonne/labpro/ego_planner/install/multi_map_server/local/lib/python3.10/dist-packages/multi_map_server/multi_map_server_s__rosidl_typesupport_fastrtps_c.cpython-310-x86_64-linux-gnu.so
[21.792s] -- Symlinking: /home/hyvonne/labpro/ego_planner/install/multi_map_server/local/lib/python3.10/dist-packages/multi_map_server/multi_map_server_s__rosidl_typesupport_introspection_c.cpython-310-x86_64-linux-gnu.so
[21.799s] -- Up-to-date symlink: /home/hyvonne/labpro/ego_planner/install/multi_map_server/local/lib/python3.10/dist-packages/multi_map_server/multi_map_server_s__rosidl_typesupport_fastrtps_c.cpython-310-x86_64-linux-gnu.so
[21.800s] -- Up-to-date symlink: /home/hyvonne/labpro/ego_planner/install/multi_map_server/local/lib/python3.10/dist-packages/multi_map_server/multi_map_server_s__rosidl_typesupport_introspection_c.cpython-310-x86_64-linux-gnu.so
[21.800s] -- Up-to-date symlink: /home/hyvonne/labpro/ego_planner/install/multi_map_server/local/lib/python3.10/dist-packages/multi_map_server/multi_map_server_s__rosidl_typesupport_c.cpython-310-x86_64-linux-gnu.so
[21.800s] -- Symlinking: /home/hyvonne/labpro/ego_planner/install/multi_map_server/share/ament_index/resource_index/rust_packages/multi_map_server
[21.806s] -- Symlinking: /home/hyvonne/labpro/ego_planner/install/multi_map_server/share/multi_map_server/rust/Cargo.toml
[21.813s] -- Symlinking: /home/hyvonne/labpro/ego_planner/install/multi_map_server/share/multi_map_server/rust/build.rs
[21.820s] -- Symlinking: /home/hyvonne/labpro/ego_planner/install/multi_map_server/share/multi_map_server/rust/src/lib.rs
[21.826s] -- Symlinking: /home/hyvonne/labpro/ego_planner/install/multi_map_server/share/multi_map_server/rust/src/msg.rs
[21.833s] -- Symlinking: /home/hyvonne/labpro/ego_planner/install/multi_map_server/share/multi_map_server/rust/src/msg/rmw.rs
[21.838s] -- Symlinking: /home/hyvonne/labpro/ego_planner/install/multi_map_server/share/multi_map_server/msg/MultiOccupancyGrid.idl
[21.845s] -- Symlinking: /home/hyvonne/labpro/ego_planner/install/multi_map_server/share/multi_map_server/msg/MultiSparseMap3D.idl
[21.851s] -- Symlinking: /home/hyvonne/labpro/ego_planner/install/multi_map_server/share/multi_map_server/msg/SparseMap3D.idl
[21.857s] -- Symlinking: /home/hyvonne/labpro/ego_planner/install/multi_map_server/share/multi_map_server/msg/VerticalOccupancyGridList.idl
[21.863s] -- Symlinking: /home/hyvonne/labpro/ego_planner/install/multi_map_server/share/multi_map_server/msg/MultiOccupancyGrid.msg
[21.869s] -- Symlinking: /home/hyvonne/labpro/ego_planner/install/multi_map_server/share/multi_map_server/msg/MultiSparseMap3D.msg
[21.877s] -- Symlinking: /home/hyvonne/labpro/ego_planner/install/multi_map_server/share/multi_map_server/msg/SparseMap3D.msg
[21.884s] -- Symlinking: /home/hyvonne/labpro/ego_planner/install/multi_map_server/share/multi_map_server/msg/VerticalOccupancyGridList.msg
[21.891s] -- Symlinking: /home/hyvonne/labpro/ego_planner/install/multi_map_server/lib/multi_map_server/multi_map_visualization
[21.898s] -- Symlinking: /home/hyvonne/labpro/ego_planner/install/multi_map_server/share/ament_index/resource_index/package_run_dependencies/multi_map_server
[21.905s] -- Symlinking: /home/hyvonne/labpro/ego_planner/install/multi_map_server/share/ament_index/resource_index/parent_prefix_path/multi_map_server
[21.911s] -- Symlinking: /home/hyvonne/labpro/ego_planner/install/multi_map_server/share/multi_map_server/environment/ament_prefix_path.sh
[21.918s] -- Symlinking: /home/hyvonne/labpro/ego_planner/install/multi_map_server/share/multi_map_server/environment/ament_prefix_path.dsv
[21.925s] -- Symlinking: /home/hyvonne/labpro/ego_planner/install/multi_map_server/share/multi_map_server/environment/path.sh
[21.932s] -- Symlinking: /home/hyvonne/labpro/ego_planner/install/multi_map_server/share/multi_map_server/environment/path.dsv
[21.939s] -- Symlinking: /home/hyvonne/labpro/ego_planner/install/multi_map_server/share/multi_map_server/local_setup.bash
[21.947s] -- Symlinking: /home/hyvonne/labpro/ego_planner/install/multi_map_server/share/multi_map_server/local_setup.sh
[21.952s] -- Symlinking: /home/hyvonne/labpro/ego_planner/install/multi_map_server/share/multi_map_server/local_setup.zsh
[21.960s] -- Symlinking: /home/hyvonne/labpro/ego_planner/install/multi_map_server/share/multi_map_server/local_setup.dsv
[21.968s] -- Symlinking: /home/hyvonne/labpro/ego_planner/install/multi_map_server/share/multi_map_server/package.dsv
[21.974s] -- Symlinking: /home/hyvonne/labpro/ego_planner/install/multi_map_server/share/ament_index/resource_index/packages/multi_map_server
[21.981s] -- Symlinking: /home/hyvonne/labpro/ego_planner/install/multi_map_server/share/multi_map_server/cmake/rosidl_cmake-extras.cmake
[21.989s] -- Symlinking: /home/hyvonne/labpro/ego_planner/install/multi_map_server/share/multi_map_server/cmake/ament_cmake_export_dependencies-extras.cmake
[21.998s] -- Symlinking: /home/hyvonne/labpro/ego_planner/install/multi_map_server/share/multi_map_server/cmake/ament_cmake_export_include_directories-extras.cmake
[22.007s] -- Symlinking: /home/hyvonne/labpro/ego_planner/install/multi_map_server/share/multi_map_server/cmake/ament_cmake_export_libraries-extras.cmake
[22.016s] -- Symlinking: /home/hyvonne/labpro/ego_planner/install/multi_map_server/share/multi_map_server/cmake/ament_cmake_export_targets-extras.cmake
[22.024s] -- Symlinking: /home/hyvonne/labpro/ego_planner/install/multi_map_server/share/multi_map_server/cmake/rosidl_cmake_export_typesupport_targets-extras.cmake
[22.032s] -- Symlinking: /home/hyvonne/labpro/ego_planner/install/multi_map_server/share/multi_map_server/cmake/rosidl_cmake_export_typesupport_libraries-extras.cmake
[22.039s] -- Symlinking: /home/hyvonne/labpro/ego_planner/install/multi_map_server/share/multi_map_server/cmake/multi_map_serverConfig.cmake
[22.047s] -- Symlinking: /home/hyvonne/labpro/ego_planner/install/multi_map_server/share/multi_map_server/cmake/multi_map_serverConfig-version.cmake
[22.055s] -- Symlinking: /home/hyvonne/labpro/ego_planner/install/multi_map_server/share/multi_map_server/package.xml
[22.061s] -- Installing: /home/hyvonne/labpro/ego_planner/install/multi_map_server/lib/libmulti_map_server__rosidl_generator_c.so
[22.062s] -- Set runtime path of "/home/hyvonne/labpro/ego_planner/install/multi_map_server/lib/libmulti_map_server__rosidl_generator_c.so" to ""
[22.062s] -- Installing: /home/hyvonne/labpro/ego_planner/install/multi_map_server/lib/libmulti_map_server__rosidl_typesupport_fastrtps_c.so
[22.063s] -- Set runtime path of "/home/hyvonne/labpro/ego_planner/install/multi_map_server/lib/libmulti_map_server__rosidl_typesupport_fastrtps_c.so" to ""
[22.063s] -- Installing: /home/hyvonne/labpro/ego_planner/install/multi_map_server/lib/libmulti_map_server__rosidl_typesupport_fastrtps_cpp.so
[22.064s] -- Set runtime path of "/home/hyvonne/labpro/ego_planner/install/multi_map_server/lib/libmulti_map_server__rosidl_typesupport_fastrtps_cpp.so" to ""
[22.064s] -- Installing: /home/hyvonne/labpro/ego_planner/install/multi_map_server/lib/libmulti_map_server__rosidl_typesupport_introspection_c.so
[22.064s] -- Set runtime path of "/home/hyvonne/labpro/ego_planner/install/multi_map_server/lib/libmulti_map_server__rosidl_typesupport_introspection_c.so" to ""
[22.065s] -- Installing: /home/hyvonne/labpro/ego_planner/install/multi_map_server/lib/libmulti_map_server__rosidl_typesupport_c.so
[22.065s] -- Set runtime path of "/home/hyvonne/labpro/ego_planner/install/multi_map_server/lib/libmulti_map_server__rosidl_typesupport_c.so" to ""
[22.065s] -- Installing: /home/hyvonne/labpro/ego_planner/install/multi_map_server/lib/libmulti_map_server__rosidl_typesupport_introspection_cpp.so
[22.065s] -- Set runtime path of "/home/hyvonne/labpro/ego_planner/install/multi_map_server/lib/libmulti_map_server__rosidl_typesupport_introspection_cpp.so" to ""
[22.066s] -- Installing: /home/hyvonne/labpro/ego_planner/install/multi_map_server/lib/libmulti_map_server__rosidl_typesupport_cpp.so
[22.066s] -- Set runtime path of "/home/hyvonne/labpro/ego_planner/install/multi_map_server/lib/libmulti_map_server__rosidl_typesupport_cpp.so" to ""
[22.095s] Listing '/home/hyvonne/labpro/ego_planner/install/multi_map_server/local/lib/python3.10/dist-packages/multi_map_server'...
[22.095s] Compiling '/home/hyvonne/labpro/ego_planner/install/multi_map_server/local/lib/python3.10/dist-packages/multi_map_server/__init__.py'...
[22.095s] Listing '/home/hyvonne/labpro/ego_planner/install/multi_map_server/local/lib/python3.10/dist-packages/multi_map_server/msg'...
[22.095s] Compiling '/home/hyvonne/labpro/ego_planner/install/multi_map_server/local/lib/python3.10/dist-packages/multi_map_server/msg/__init__.py'...
[22.095s] Compiling '/home/hyvonne/labpro/ego_planner/install/multi_map_server/local/lib/python3.10/dist-packages/multi_map_server/msg/_multi_occupancy_grid.py'...
[22.096s] Compiling '/home/hyvonne/labpro/ego_planner/install/multi_map_server/local/lib/python3.10/dist-packages/multi_map_server/msg/_multi_sparse_map3_d.py'...
[22.096s] Compiling '/home/hyvonne/labpro/ego_planner/install/multi_map_server/local/lib/python3.10/dist-packages/multi_map_server/msg/_sparse_map3_d.py'...
[22.096s] Compiling '/home/hyvonne/labpro/ego_planner/install/multi_map_server/local/lib/python3.10/dist-packages/multi_map_server/msg/_vertical_occupancy_grid_list.py'...
[22.099s] -- Installing: /home/hyvonne/labpro/ego_planner/install/multi_map_server/lib/libmulti_map_server__rosidl_generator_py.so
[22.099s] -- Set runtime path of "/home/hyvonne/labpro/ego_planner/install/multi_map_server/lib/libmulti_map_server__rosidl_generator_py.so" to ""
[22.099s] -- Installing: /home/hyvonne/labpro/ego_planner/install/multi_map_server/share/multi_map_server/cmake/export_multi_map_server__rosidl_generator_cExport.cmake
[22.100s] -- Installing: /home/hyvonne/labpro/ego_planner/install/multi_map_server/share/multi_map_server/cmake/export_multi_map_server__rosidl_generator_cExport-release.cmake
[22.100s] -- Installing: /home/hyvonne/labpro/ego_planner/install/multi_map_server/share/multi_map_server/cmake/export_multi_map_server__rosidl_typesupport_fastrtps_cExport.cmake
[22.100s] -- Installing: /home/hyvonne/labpro/ego_planner/install/multi_map_server/share/multi_map_server/cmake/export_multi_map_server__rosidl_typesupport_fastrtps_cExport-release.cmake
[22.100s] -- Installing: /home/hyvonne/labpro/ego_planner/install/multi_map_server/share/multi_map_server/cmake/export_multi_map_server__rosidl_generator_cppExport.cmake
[22.100s] -- Installing: /home/hyvonne/labpro/ego_planner/install/multi_map_server/share/multi_map_server/cmake/export_multi_map_server__rosidl_typesupport_fastrtps_cppExport.cmake
[22.100s] -- Installing: /home/hyvonne/labpro/ego_planner/install/multi_map_server/share/multi_map_server/cmake/export_multi_map_server__rosidl_typesupport_fastrtps_cppExport-release.cmake
[22.100s] -- Installing: /home/hyvonne/labpro/ego_planner/install/multi_map_server/share/multi_map_server/cmake/multi_map_server__rosidl_typesupport_introspection_cExport.cmake
[22.100s] -- Installing: /home/hyvonne/labpro/ego_planner/install/multi_map_server/share/multi_map_server/cmake/multi_map_server__rosidl_typesupport_introspection_cExport-release.cmake
[22.100s] -- Installing: /home/hyvonne/labpro/ego_planner/install/multi_map_server/share/multi_map_server/cmake/multi_map_server__rosidl_typesupport_cExport.cmake
[22.100s] -- Installing: /home/hyvonne/labpro/ego_planner/install/multi_map_server/share/multi_map_server/cmake/multi_map_server__rosidl_typesupport_cExport-release.cmake
[22.100s] -- Installing: /home/hyvonne/labpro/ego_planner/install/multi_map_server/share/multi_map_server/cmake/multi_map_server__rosidl_typesupport_introspection_cppExport.cmake
[22.100s] -- Installing: /home/hyvonne/labpro/ego_planner/install/multi_map_server/share/multi_map_server/cmake/multi_map_server__rosidl_typesupport_introspection_cppExport-release.cmake
[22.100s] -- Installing: /home/hyvonne/labpro/ego_planner/install/multi_map_server/share/multi_map_server/cmake/multi_map_server__rosidl_typesupport_cppExport.cmake
[22.100s] -- Installing: /home/hyvonne/labpro/ego_planner/install/multi_map_server/share/multi_map_server/cmake/multi_map_server__rosidl_typesupport_cppExport-release.cmake
[22.100s] -- Installing: /home/hyvonne/labpro/ego_planner/install/multi_map_server/share/multi_map_server/cmake/export_multi_map_server__rosidl_generator_pyExport.cmake
[22.101s] -- Installing: /home/hyvonne/labpro/ego_planner/install/multi_map_server/share/multi_map_server/cmake/export_multi_map_server__rosidl_generator_pyExport-release.cmake
[22.103s] Invoked command in '/home/hyvonne/labpro/ego_planner/build/multi_map_server' returned '0': AMENT_PREFIX_PATH=/home/hyvonne/labpro/ego_planner/install/quadrotor_msgs:/home/hyvonne/labpro/ego_planner/install/pose_utils:${AMENT_PREFIX_PATH} CMAKE_PREFIX_PATH=/home/hyvonne/labpro/ego_planner/install/quadrotor_msgs:/home/hyvonne/labpro/ego_planner/install/pose_utils:/opt/ros/humble LD_LIBRARY_PATH=/home/hyvonne/labpro/ego_planner/install/quadrotor_msgs/lib:/home/hyvonne/labpro/ego_planner/install/pose_utils/lib:${LD_LIBRARY_PATH} PYTHONPATH=/home/hyvonne/labpro/ego_planner/install/quadrotor_msgs/local/lib/python3.10/dist-packages:${PYTHONPATH} /usr/bin/cmake --install /home/hyvonne/labpro/ego_planner/build/multi_map_server
