[0.004s] Invoking command in '/home/hyvonne/labpro/ego_planner/build/mockamap': CMAKE_PREFIX_PATH=/opt/ros/humble /usr/bin/cmake /home/hyvonne/labpro/ego_planner/src/uav_simulator/mockamap -DAMENT_CMAKE_SYMLINK_INSTALL=1 -DCMAKE_INSTALL_PREFIX=/home/hyvonne/labpro/ego_planner/install/mockamap
[0.051s] -- The C compiler identification is GNU 11.4.0
[0.090s] -- The CXX compiler identification is GNU 11.4.0
[0.096s] -- Detecting C compiler ABI info
[0.146s] -- Detecting C compiler ABI info - done
[0.151s] -- Check for working C compiler: /usr/bin/cc - skipped
[0.151s] -- Detecting C compile features
[0.151s] -- Detecting C compile features - done
[0.153s] -- Detecting CXX compiler ABI info
[0.220s] -- Detecting CXX compiler ABI info - done
[0.228s] -- Check for working CXX compiler: /usr/bin/c++ - skipped
[0.229s] -- Detecting CXX compile features
[0.229s] -- Detecting CXX compile features - done
[0.231s] -- Found ament_cmake: 1.3.14 (/opt/ros/humble/share/ament_cmake/cmake)
[0.360s] -- Found Python3: /usr/bin/python3 (found version "3.10.12") found components: Interpreter 
[0.405s] -- Override CMake install command with custom implementation using symlinks instead of copying resources
[0.420s] -- Found rclcpp: 16.0.19 (/opt/ros/humble/share/rclcpp/cmake)
[0.445s] -- Found rosidl_generator_c: 3.1.8 (/opt/ros/humble/share/rosidl_generator_c/cmake)
[0.448s] -- Found rosidl_adapter: 3.1.8 (/opt/ros/humble/share/rosidl_adapter/cmake)
[0.453s] -- Found rosidl_generator_cpp: 3.1.8 (/opt/ros/humble/share/rosidl_generator_cpp/cmake)
[0.460s] -- Using all available rosidl_typesupport_c: rosidl_typesupport_fastrtps_c;rosidl_typesupport_introspection_c
[0.470s] -- Using all available rosidl_typesupport_cpp: rosidl_typesupport_fastrtps_cpp;rosidl_typesupport_introspection_cpp
[0.495s] -- Found rmw_implementation_cmake: 6.1.2 (/opt/ros/humble/share/rmw_implementation_cmake/cmake)
[0.497s] -- Found rmw_cyclonedds_cpp: 1.3.4 (/opt/ros/humble/share/rmw_cyclonedds_cpp/cmake)
[0.510s] -- Using RMW implementation 'rmw_cyclonedds_cpp' as default
[0.514s] -- Looking for pthread.h
[0.576s] -- Looking for pthread.h - found
[0.576s] -- Performing Test CMAKE_HAVE_LIBC_PTHREAD
[0.638s] -- Performing Test CMAKE_HAVE_LIBC_PTHREAD - Success
[0.639s] -- Found Threads: TRUE  
[0.673s] -- Found pcl_ros: 2.4.5 (/opt/ros/humble/share/pcl_ros/cmake)
[0.723s] -- Checking for module 'eigen3'
[0.734s] --   Found eigen3, version 3.4.0
[0.760s] -- Found Eigen: /usr/include/eigen3 (Required is at least version "3.1") 
[0.760s] -- Eigen found (include: /usr/include/eigen3, version: 3.4.0)
[0.783s] -- Checking for module 'flann'
[0.794s] --   Found flann, version 1.9.1
[0.827s] -- Found FLANN: /usr/lib/x86_64-linux-gnu/libflann_cpp.so  
[0.827s] -- FLANN found (include: /usr/include, lib: /usr/lib/x86_64-linux-gnu/libflann_cpp.so)
[1.577s] -- Checking for module 'libusb-1.0'
[1.589s] --   Found libusb-1.0, version 1.0.25
[1.617s] -- Found libusb: /usr/lib/x86_64-linux-gnu/libusb-1.0.so  
[1.618s] -- OpenNI found (version: 1.5.4.0, include: /usr/include/ni, lib: /usr/lib/libOpenNI.so;libusb::libusb)
[1.665s] -- OpenNI2 found (version: 2.2.0.33, include: /usr/include/openni2, lib: /usr/lib/x86_64-linux-gnu/libOpenNI2.so;libusb::libusb)
[1.780s] -- Eigen found (include: /usr/include/eigen3, version: 3.4.0)
[1.786s] -- OpenNI found (version: 1.5.4.0, include: /usr/include/ni, lib: /usr/lib/libOpenNI.so;libusb::libusb)
[1.792s] -- OpenNI2 found (version: 2.2.0.33, include: /usr/include/openni2, lib: /usr/lib/x86_64-linux-gnu/libOpenNI2.so;libusb::libusb)
[1.894s] -- Found Qhull version 8.0.2
[1.999s] -- OpenNI found (version: 1.5.4.0, include: /usr/include/ni, lib: /usr/lib/libOpenNI.so;libusb::libusb)
[2.097s] -- Found PCL_COMMON: /usr/lib/x86_64-linux-gnu/libpcl_common.so  
[2.098s] -- Found PCL_KDTREE: /usr/lib/x86_64-linux-gnu/libpcl_kdtree.so  
[2.098s] -- Found PCL_OCTREE: /usr/lib/x86_64-linux-gnu/libpcl_octree.so  
[2.099s] -- Found PCL_SEARCH: /usr/lib/x86_64-linux-gnu/libpcl_search.so  
[2.099s] -- Found PCL_SAMPLE_CONSENSUS: /usr/lib/x86_64-linux-gnu/libpcl_sample_consensus.so  
[2.100s] -- Found PCL_FILTERS: /usr/lib/x86_64-linux-gnu/libpcl_filters.so  
[2.100s] -- Found PCL_2D: /usr/include/pcl-1.12  
[2.101s] -- Found PCL_GEOMETRY: /usr/include/pcl-1.12  
[2.101s] -- Found PCL_IO: /usr/lib/x86_64-linux-gnu/libpcl_io.so  
[2.102s] -- Found PCL_FEATURES: /usr/lib/x86_64-linux-gnu/libpcl_features.so  
[2.102s] -- Found PCL_ML: /usr/lib/x86_64-linux-gnu/libpcl_ml.so  
[2.103s] -- Found PCL_SEGMENTATION: /usr/lib/x86_64-linux-gnu/libpcl_segmentation.so  
[2.104s] -- Found PCL_VISUALIZATION: /usr/lib/x86_64-linux-gnu/libpcl_visualization.so  
[2.104s] -- Found PCL_SURFACE: /usr/lib/x86_64-linux-gnu/libpcl_surface.so  
[2.105s] -- Found PCL_REGISTRATION: /usr/lib/x86_64-linux-gnu/libpcl_registration.so  
[2.106s] -- Found PCL_KEYPOINTS: /usr/lib/x86_64-linux-gnu/libpcl_keypoints.so  
[2.106s] -- Found PCL_TRACKING: /usr/lib/x86_64-linux-gnu/libpcl_tracking.so  
[2.107s] -- Found PCL_RECOGNITION: /usr/lib/x86_64-linux-gnu/libpcl_recognition.so  
[2.108s] -- Found PCL_STEREO: /usr/lib/x86_64-linux-gnu/libpcl_stereo.so  
[2.108s] -- Found PCL_APPS: /usr/lib/x86_64-linux-gnu/libpcl_apps.so  
[2.109s] -- Found PCL_IN_HAND_SCANNER: /usr/include/pcl-1.12  
[2.109s] -- Found PCL_MODELER: /usr/include/pcl-1.12  
[2.109s] -- Found PCL_POINT_CLOUD_EDITOR: /usr/include/pcl-1.12  
[2.110s] -- Found PCL_OUTOFCORE: /usr/lib/x86_64-linux-gnu/libpcl_outofcore.so  
[2.110s] -- Found PCL_PEOPLE: /usr/lib/x86_64-linux-gnu/libpcl_people.so  
[2.144s] -- Found eigen3_cmake_module: 0.1.1 (/opt/ros/humble/share/eigen3_cmake_module/cmake)
[2.145s] -- Found Eigen3: TRUE (found version "3.4.0") 
[2.145s] -- Ensuring Eigen3 include directory is part of orocos-kdl CMake target
[2.220s] -- Found nav_msgs: 4.9.1 (/opt/ros/humble/share/nav_msgs/cmake)
[2.232s] -- Found visualization_msgs: 4.9.1 (/opt/ros/humble/share/visualization_msgs/cmake)
[2.247s] -- Found Boost: /usr/lib/x86_64-linux-gnu/cmake/Boost-1.74.0/BoostConfig.cmake (found version "1.74.0") found components: date_time 
[2.248s] -- Found ament_lint_auto: 0.12.15 (/opt/ros/humble/share/ament_lint_auto/cmake)
[2.306s] -- Added test 'cppcheck' to perform static code analysis on C / C++ code
[2.307s] -- Configured cppcheck include dirs: /home/hyvonne/labpro/ego_planner/src/uav_simulator/mockamap/include/mockamap
[2.307s] -- Configured cppcheck exclude dirs and/or files: 
[2.307s] -- Added test 'flake8' to check Python code syntax and style conventions
[2.307s] -- Added test 'lint_cmake' to check CMake code style
[2.307s] -- Added test 'pep257' to check Python code against some of the docstring style conventions in PEP 257
[2.308s] -- Added test 'uncrustify' to check C / C++ code style
[2.308s] -- Configured uncrustify additional arguments: 
[2.308s] -- Added test 'xmllint' to check XML markup files
[2.309s] -- Configuring done
[2.338s] -- Generating done
[2.344s] -- Build files have been written to: /home/hyvonne/labpro/ego_planner/build/mockamap
[2.357s] Invoked command in '/home/hyvonne/labpro/ego_planner/build/mockamap' returned '0': CMAKE_PREFIX_PATH=/opt/ros/humble /usr/bin/cmake /home/hyvonne/labpro/ego_planner/src/uav_simulator/mockamap -DAMENT_CMAKE_SYMLINK_INSTALL=1 -DCMAKE_INSTALL_PREFIX=/home/hyvonne/labpro/ego_planner/install/mockamap
[2.358s] Invoking command in '/home/hyvonne/labpro/ego_planner/build/mockamap': CMAKE_PREFIX_PATH=/opt/ros/humble /usr/bin/cmake --build /home/hyvonne/labpro/ego_planner/build/mockamap -- -j20 -l20
[2.401s] [ 20%] [32mBuilding CXX object CMakeFiles/mockamap_node.dir/src/mockamap.cpp.o[0m
[2.402s] [ 40%] [32mBuilding CXX object CMakeFiles/mockamap_node.dir/src/perlinnoise.cpp.o[0m
[2.402s] [ 60%] [32mBuilding CXX object CMakeFiles/mockamap_node.dir/src/ces_randommap.cpp.o[0m
[2.402s] [ 80%] [32mBuilding CXX object CMakeFiles/mockamap_node.dir/src/maps.cpp.o[0m
[10.208s] [100%] [32m[1mLinking CXX executable mockamap_node[0m
[10.628s] [100%] Built target mockamap_node
[10.638s] Invoked command in '/home/hyvonne/labpro/ego_planner/build/mockamap' returned '0': CMAKE_PREFIX_PATH=/opt/ros/humble /usr/bin/cmake --build /home/hyvonne/labpro/ego_planner/build/mockamap -- -j20 -l20
[10.639s] Invoking command in '/home/hyvonne/labpro/ego_planner/build/mockamap': CMAKE_PREFIX_PATH=/opt/ros/humble /usr/bin/cmake --install /home/hyvonne/labpro/ego_planner/build/mockamap
[10.644s] -- Install configuration: "Release"
[10.645s] -- Execute custom install script
[10.645s] -- Symlinking: /home/hyvonne/labpro/ego_planner/install/mockamap/lib/mockamap/mockamap_node
[10.653s] -- Symlinking: /home/hyvonne/labpro/ego_planner/install/mockamap/share/mockamap/launch/maze2d.launch.py
[10.659s] -- Symlinking: /home/hyvonne/labpro/ego_planner/install/mockamap/share/mockamap/launch/maze3d.launch.py
[10.665s] -- Symlinking: /home/hyvonne/labpro/ego_planner/install/mockamap/share/mockamap/launch/mockamap.launch.py
[10.671s] -- Symlinking: /home/hyvonne/labpro/ego_planner/install/mockamap/share/mockamap/launch/perlin3d.launch.py
[10.678s] -- Symlinking: /home/hyvonne/labpro/ego_planner/install/mockamap/share/mockamap/launch/post2d.launch.py
[10.684s] -- Symlinking: /home/hyvonne/labpro/ego_planner/install/mockamap/share/mockamap/config/rviz.rviz
[10.690s] -- Symlinking: /home/hyvonne/labpro/ego_planner/install/mockamap/share/ament_index/resource_index/package_run_dependencies/mockamap
[10.696s] -- Symlinking: /home/hyvonne/labpro/ego_planner/install/mockamap/share/ament_index/resource_index/parent_prefix_path/mockamap
[10.701s] -- Symlinking: /home/hyvonne/labpro/ego_planner/install/mockamap/share/mockamap/environment/ament_prefix_path.sh
[10.708s] -- Symlinking: /home/hyvonne/labpro/ego_planner/install/mockamap/share/mockamap/environment/ament_prefix_path.dsv
[10.714s] -- Symlinking: /home/hyvonne/labpro/ego_planner/install/mockamap/share/mockamap/environment/path.sh
[10.720s] -- Symlinking: /home/hyvonne/labpro/ego_planner/install/mockamap/share/mockamap/environment/path.dsv
[10.727s] -- Symlinking: /home/hyvonne/labpro/ego_planner/install/mockamap/share/mockamap/local_setup.bash
[10.733s] -- Symlinking: /home/hyvonne/labpro/ego_planner/install/mockamap/share/mockamap/local_setup.sh
[10.741s] -- Symlinking: /home/hyvonne/labpro/ego_planner/install/mockamap/share/mockamap/local_setup.zsh
[10.748s] -- Symlinking: /home/hyvonne/labpro/ego_planner/install/mockamap/share/mockamap/local_setup.dsv
[10.754s] -- Symlinking: /home/hyvonne/labpro/ego_planner/install/mockamap/share/mockamap/package.dsv
[10.762s] -- Symlinking: /home/hyvonne/labpro/ego_planner/install/mockamap/share/ament_index/resource_index/packages/mockamap
[10.768s] -- Symlinking: /home/hyvonne/labpro/ego_planner/install/mockamap/share/mockamap/cmake/ament_cmake_export_include_directories-extras.cmake
[10.774s] -- Symlinking: /home/hyvonne/labpro/ego_planner/install/mockamap/share/mockamap/cmake/mockamapConfig.cmake
[10.782s] -- Symlinking: /home/hyvonne/labpro/ego_planner/install/mockamap/share/mockamap/cmake/mockamapConfig-version.cmake
[10.789s] -- Symlinking: /home/hyvonne/labpro/ego_planner/install/mockamap/share/mockamap/package.xml
[10.796s] Invoked command in '/home/hyvonne/labpro/ego_planner/build/mockamap' returned '0': CMAKE_PREFIX_PATH=/opt/ros/humble /usr/bin/cmake --install /home/hyvonne/labpro/ego_planner/build/mockamap
