[0.005s] Invoking command in '/home/hyvonne/labpro/ego_planner/build/uav_utils': AMENT_PREFIX_PATH=/home/hyvonne/labpro/ego_planner/install/cmake_utils:${AMENT_PREFIX_PATH} CMAKE_PREFIX_PATH=/home/hyvonne/labpro/ego_planner/install/cmake_utils:/opt/ros/humble /usr/bin/cmake /home/hyvonne/labpro/ego_planner/src/uav_simulator/Utils/uav_utils -DAMENT_CMAKE_SYMLINK_INSTALL=1 -DCMAKE_INSTALL_PREFIX=/home/hyvonne/labpro/ego_planner/install/uav_utils
[0.049s] -- The C compiler identification is GNU 11.4.0
[0.092s] -- The CXX compiler identification is GNU 11.4.0
[0.098s] -- Detecting C compiler ABI info
[0.154s] -- Detecting C compiler ABI info - done
[0.159s] -- Check for working C compiler: /usr/bin/cc - skipped
[0.159s] -- Detecting C compile features
[0.159s] -- Detecting C compile features - done
[0.161s] -- Detecting CXX compiler ABI info
[0.222s] -- Detecting CXX compiler ABI info - done
[0.227s] -- Check for working CXX compiler: /usr/bin/c++ - skipped
[0.228s] -- Detecting CXX compile features
[0.228s] -- Detecting CXX compile features - done
[0.230s] -- Found ament_cmake: 1.3.14 (/opt/ros/humble/share/ament_cmake/cmake)
[0.346s] -- Found Python3: /usr/bin/python3 (found version "3.10.12") found components: Interpreter 
[0.388s] -- Override CMake install command with custom implementation using symlinks instead of copying resources
[0.402s] -- Found rclcpp: 16.0.19 (/opt/ros/humble/share/rclcpp/cmake)
[0.427s] -- Found rosidl_generator_c: 3.1.8 (/opt/ros/humble/share/rosidl_generator_c/cmake)
[0.430s] -- Found rosidl_adapter: 3.1.8 (/opt/ros/humble/share/rosidl_adapter/cmake)
[0.435s] -- Found rosidl_generator_cpp: 3.1.8 (/opt/ros/humble/share/rosidl_generator_cpp/cmake)
[0.443s] -- Using all available rosidl_typesupport_c: rosidl_typesupport_fastrtps_c;rosidl_typesupport_introspection_c
[0.453s] -- Using all available rosidl_typesupport_cpp: rosidl_typesupport_fastrtps_cpp;rosidl_typesupport_introspection_cpp
[0.479s] -- Found rmw_implementation_cmake: 6.1.2 (/opt/ros/humble/share/rmw_implementation_cmake/cmake)
[0.481s] -- Found rmw_cyclonedds_cpp: 1.3.4 (/opt/ros/humble/share/rmw_cyclonedds_cpp/cmake)
[0.494s] -- Using RMW implementation 'rmw_cyclonedds_cpp' as default
[0.499s] -- Looking for pthread.h
[0.565s] -- Looking for pthread.h - found
[0.565s] -- Performing Test CMAKE_HAVE_LIBC_PTHREAD
[0.636s] -- Performing Test CMAKE_HAVE_LIBC_PTHREAD - Success
[0.637s] -- Found Threads: TRUE  
[0.673s] -- Found rclpy: 3.3.21 (/opt/ros/humble/share/rclpy/cmake)
[0.674s] -- Found nav_msgs: 4.9.1 (/opt/ros/humble/share/nav_msgs/cmake)
[0.696s] -- Found cmake_utils: 0.0.0 (/home/hyvonne/labpro/ego_planner/install/cmake_utils/share/cmake_utils/cmake)
[0.696s] -- Found ament_cmake_gtest: 1.3.14 (/opt/ros/humble/share/ament_cmake_gtest/cmake)
[0.702s] -- Found ament_lint_auto: 0.12.15 (/opt/ros/humble/share/ament_lint_auto/cmake)
[0.767s] -- Found gtest sources under '/opt/ros/humble/src/gtest_vendor': C++ tests using 'Google Test' will be built
[0.774s] -- Added test 'cppcheck' to perform static code analysis on C / C++ code
[0.774s] -- Configured cppcheck include dirs: /home/hyvonne/labpro/ego_planner/src/uav_simulator/Utils/uav_utils/include
[0.774s] -- Configured cppcheck exclude dirs and/or files: 
[0.774s] -- Added test 'flake8' to check Python code syntax and style conventions
[0.775s] -- Added test 'lint_cmake' to check CMake code style
[0.775s] -- Added test 'pep257' to check Python code against some of the docstring style conventions in PEP 257
[0.776s] -- Added test 'uncrustify' to check C / C++ code style
[0.776s] -- Configured uncrustify additional arguments: 
[0.776s] -- Added test 'xmllint' to check XML markup files
[0.777s] -- Configuring done
[0.787s] -- Generating done
[0.790s] -- Build files have been written to: /home/hyvonne/labpro/ego_planner/build/uav_utils
[0.797s] Invoked command in '/home/hyvonne/labpro/ego_planner/build/uav_utils' returned '0': AMENT_PREFIX_PATH=/home/hyvonne/labpro/ego_planner/install/cmake_utils:${AMENT_PREFIX_PATH} CMAKE_PREFIX_PATH=/home/hyvonne/labpro/ego_planner/install/cmake_utils:/opt/ros/humble /usr/bin/cmake /home/hyvonne/labpro/ego_planner/src/uav_simulator/Utils/uav_utils -DAMENT_CMAKE_SYMLINK_INSTALL=1 -DCMAKE_INSTALL_PREFIX=/home/hyvonne/labpro/ego_planner/install/uav_utils
[0.798s] Invoking command in '/home/hyvonne/labpro/ego_planner/build/uav_utils': AMENT_PREFIX_PATH=/home/hyvonne/labpro/ego_planner/install/cmake_utils:${AMENT_PREFIX_PATH} CMAKE_PREFIX_PATH=/home/hyvonne/labpro/ego_planner/install/cmake_utils:/opt/ros/humble /usr/bin/cmake --build /home/hyvonne/labpro/ego_planner/build/uav_utils -- -j20 -l20
[0.837s] [ 16%] [32mBuilding CXX object gtest/CMakeFiles/gtest_main.dir/src/gtest_main.cc.o[0m
[0.838s] [ 33%] [32mBuilding CXX object gtest/CMakeFiles/gtest.dir/src/gtest-all.cc.o[0m
[1.483s] [ 50%] [32m[1mLinking CXX static library libgtest_main.a[0m
[1.509s] [ 50%] Built target gtest_main
[8.719s] [ 66%] [32m[1mLinking CXX static library libgtest.a[0m
[8.789s] [ 66%] Built target gtest
[8.804s] [ 83%] [32mBuilding CXX object CMakeFiles/uav_utils_test.dir/src/uav_utils_test.cpp.o[0m
[11.560s] In file included from [01m[K/home/hyvonne/labpro/ego_planner/src/uav_simulator/Utils/uav_utils/include/uav_utils/utils.h:6[m[K,
[11.560s]                  from [01m[K/home/hyvonne/labpro/ego_planner/src/uav_simulator/Utils/uav_utils/src/uav_utils_test.cpp:2[m[K:
[11.560s] [01m[K/home/hyvonne/labpro/ego_planner/src/uav_simulator/Utils/uav_utils/include/uav_utils/converters.h:16:66:[m[K [01;35m[Kwarning: [m[K‘[01m[Knav_msgs::msg::Odometry_<std::allocator<void> >::ConstPtr[m[K’ is deprecated [[01;35m[K]8;;https://gcc.gnu.org/onlinedocs/gcc/Warning-Options.html#index-Wdeprecated-declarations-Wdeprecated-declarations]8;;[m[K]
[11.560s]    16 | n::Vector3d& v, Eigen::Quaterniond& q[01;35m[K)[m[K
[11.560s]       |                                      [01;35m[K^[m[K
[11.560s] 
[11.560s] In file included from [01m[K/opt/ros/humble/include/nav_msgs/nav_msgs/msg/odometry.hpp:7[m[K,
[11.560s]                  from [01m[K/home/hyvonne/labpro/ego_planner/src/uav_simulator/Utils/uav_utils/include/uav_utils/converters.h:4[m[K,
[11.560s]                  from [01m[K/home/hyvonne/labpro/ego_planner/src/uav_simulator/Utils/uav_utils/include/uav_utils/utils.h:6[m[K,
[11.561s]                  from [01m[K/home/hyvonne/labpro/ego_planner/src/uav_simulator/Utils/uav_utils/src/uav_utils_test.cpp:2[m[K:
[11.561s] [01m[K/opt/ros/humble/include/nav_msgs/nav_msgs/msg/detail/odometry__struct.hpp:147:5:[m[K [01;36m[Knote: [m[Kdeclared here
[11.561s]   147 |     [01;36m[KConstPtr[m[K;
[11.561s]       |     [01;36m[K^~~~~~~~[m[K
[11.573s] In file included from [01m[K/home/hyvonne/labpro/ego_planner/src/uav_simulator/Utils/uav_utils/include/uav_utils/utils.h:6[m[K,
[11.573s]                  from [01m[K/home/hyvonne/labpro/ego_planner/src/uav_simulator/Utils/uav_utils/src/uav_utils_test.cpp:2[m[K:
[11.574s] [01m[K/home/hyvonne/labpro/ego_planner/src/uav_simulator/Utils/uav_utils/include/uav_utils/converters.h:33:84:[m[K [01;35m[Kwarning: [m[K‘[01m[Knav_msgs::msg::Odometry_<std::allocator<void> >::ConstPtr[m[K’ is deprecated [[01;35m[K]8;;https://gcc.gnu.org/onlinedocs/gcc/Warning-Options.html#index-Wdeprecated-declarations-Wdeprecated-declarations]8;;[m[K]
[11.574s]    33 | n::Quaterniond& q, Eigen::Vector3d& w[01;35m[K)[m[K
[11.574s]       |                                      [01;35m[K^[m[K
[11.574s] 
[11.574s] In file included from [01m[K/opt/ros/humble/include/nav_msgs/nav_msgs/msg/odometry.hpp:7[m[K,
[11.574s]                  from [01m[K/home/hyvonne/labpro/ego_planner/src/uav_simulator/Utils/uav_utils/include/uav_utils/converters.h:4[m[K,
[11.574s]                  from [01m[K/home/hyvonne/labpro/ego_planner/src/uav_simulator/Utils/uav_utils/include/uav_utils/utils.h:6[m[K,
[11.574s]                  from [01m[K/home/hyvonne/labpro/ego_planner/src/uav_simulator/Utils/uav_utils/src/uav_utils_test.cpp:2[m[K:
[11.574s] [01m[K/opt/ros/humble/include/nav_msgs/nav_msgs/msg/detail/odometry__struct.hpp:147:5:[m[K [01;36m[Knote: [m[Kdeclared here
[11.574s]   147 |     [01;36m[KConstPtr[m[K;
[11.574s]       |     [01;36m[K^~~~~~~~[m[K
[16.411s] [100%] [32m[1mLinking CXX executable uav_utils_test[0m
[16.570s] [100%] Built target uav_utils_test
[16.581s] Invoked command in '/home/hyvonne/labpro/ego_planner/build/uav_utils' returned '0': AMENT_PREFIX_PATH=/home/hyvonne/labpro/ego_planner/install/cmake_utils:${AMENT_PREFIX_PATH} CMAKE_PREFIX_PATH=/home/hyvonne/labpro/ego_planner/install/cmake_utils:/opt/ros/humble /usr/bin/cmake --build /home/hyvonne/labpro/ego_planner/build/uav_utils -- -j20 -l20
[16.582s] Invoking command in '/home/hyvonne/labpro/ego_planner/build/uav_utils': AMENT_PREFIX_PATH=/home/hyvonne/labpro/ego_planner/install/cmake_utils:${AMENT_PREFIX_PATH} CMAKE_PREFIX_PATH=/home/hyvonne/labpro/ego_planner/install/cmake_utils:/opt/ros/humble /usr/bin/cmake --install /home/hyvonne/labpro/ego_planner/build/uav_utils
[16.586s] -- Install configuration: ""
[16.587s] -- Execute custom install script
[16.587s] -- Symlinking: /home/hyvonne/labpro/ego_planner/install/uav_utils/share/ament_index/resource_index/package_run_dependencies/uav_utils
[16.593s] -- Symlinking: /home/hyvonne/labpro/ego_planner/install/uav_utils/share/ament_index/resource_index/parent_prefix_path/uav_utils
[16.599s] -- Symlinking: /home/hyvonne/labpro/ego_planner/install/uav_utils/share/uav_utils/environment/ament_prefix_path.sh
[16.606s] -- Symlinking: /home/hyvonne/labpro/ego_planner/install/uav_utils/share/uav_utils/environment/ament_prefix_path.dsv
[16.612s] -- Symlinking: /home/hyvonne/labpro/ego_planner/install/uav_utils/share/uav_utils/environment/path.sh
[16.617s] -- Symlinking: /home/hyvonne/labpro/ego_planner/install/uav_utils/share/uav_utils/environment/path.dsv
[16.624s] -- Symlinking: /home/hyvonne/labpro/ego_planner/install/uav_utils/share/uav_utils/local_setup.bash
[16.631s] -- Symlinking: /home/hyvonne/labpro/ego_planner/install/uav_utils/share/uav_utils/local_setup.sh
[16.636s] -- Symlinking: /home/hyvonne/labpro/ego_planner/install/uav_utils/share/uav_utils/local_setup.zsh
[16.642s] -- Symlinking: /home/hyvonne/labpro/ego_planner/install/uav_utils/share/uav_utils/local_setup.dsv
[16.649s] -- Symlinking: /home/hyvonne/labpro/ego_planner/install/uav_utils/share/uav_utils/package.dsv
[16.656s] -- Symlinking: /home/hyvonne/labpro/ego_planner/install/uav_utils/share/ament_index/resource_index/packages/uav_utils
[16.662s] -- Symlinking: /home/hyvonne/labpro/ego_planner/install/uav_utils/share/uav_utils/cmake/ament_cmake_export_include_directories-extras.cmake
[16.668s] -- Symlinking: /home/hyvonne/labpro/ego_planner/install/uav_utils/share/uav_utils/cmake/uav_utilsConfig.cmake
[16.675s] -- Symlinking: /home/hyvonne/labpro/ego_planner/install/uav_utils/share/uav_utils/cmake/uav_utilsConfig-version.cmake
[16.680s] -- Symlinking: /home/hyvonne/labpro/ego_planner/install/uav_utils/share/uav_utils/package.xml
[16.687s] -- Installing: /home/hyvonne/labpro/ego_planner/install/uav_utils/include/uav_utils
[16.687s] -- Installing: /home/hyvonne/labpro/ego_planner/install/uav_utils/include/uav_utils/utils.h
[16.687s] -- Installing: /home/hyvonne/labpro/ego_planner/install/uav_utils/include/uav_utils/geometry_utils.h
[16.687s] -- Installing: /home/hyvonne/labpro/ego_planner/install/uav_utils/include/uav_utils/converters.h
[16.688s] Invoked command in '/home/hyvonne/labpro/ego_planner/build/uav_utils' returned '0': AMENT_PREFIX_PATH=/home/hyvonne/labpro/ego_planner/install/cmake_utils:${AMENT_PREFIX_PATH} CMAKE_PREFIX_PATH=/home/hyvonne/labpro/ego_planner/install/cmake_utils:/opt/ros/humble /usr/bin/cmake --install /home/hyvonne/labpro/ego_planner/build/uav_utils
