[0.008s] Invoking command in '/home/hyvonne/labpro/ego_planner/build/odom_visualization': AMENT_PREFIX_PATH=/home/hyvonne/labpro/ego_planner/install/quadrotor_msgs:/home/hyvonne/labpro/ego_planner/install/pose_utils:${AMENT_PREFIX_PATH} CMAKE_PREFIX_PATH=/home/hyvonne/labpro/ego_planner/install/quadrotor_msgs:/home/hyvonne/labpro/ego_planner/install/pose_utils:/opt/ros/humble LD_LIBRARY_PATH=/home/hyvonne/labpro/ego_planner/install/quadrotor_msgs/lib:/home/hyvonne/labpro/ego_planner/install/pose_utils/lib:${LD_LIBRARY_PATH} PYTHONPATH=/home/hyvonne/labpro/ego_planner/install/quadrotor_msgs/local/lib/python3.10/dist-packages:${PYTHONPATH} /usr/bin/cmake /home/hyvonne/labpro/ego_planner/src/uav_simulator/Utils/odom_visualization -DAMENT_CMAKE_SYMLINK_INSTALL=1 -DCMAKE_INSTALL_PREFIX=/home/hyvonne/labpro/ego_planner/install/odom_visualization
[0.052s] -- The C compiler identification is GNU 11.4.0
[0.093s] -- The CXX compiler identification is GNU 11.4.0
[0.099s] -- Detecting C compiler ABI info
[0.154s] -- Detecting C compiler ABI info - done
[0.159s] -- Check for working C compiler: /usr/bin/cc - skipped
[0.159s] -- Detecting C compile features
[0.159s] -- Detecting C compile features - done
[0.161s] -- Detecting CXX compiler ABI info
[0.226s] -- Detecting CXX compiler ABI info - done
[0.232s] -- Check for working CXX compiler: /usr/bin/c++ - skipped
[0.232s] -- Detecting CXX compile features
[0.232s] -- Detecting CXX compile features - done
[0.234s] -- Found ament_cmake: 1.3.14 (/opt/ros/humble/share/ament_cmake/cmake)
[0.348s] -- Found Python3: /usr/bin/python3 (found version "3.10.12") found components: Interpreter 
[0.404s] -- Override CMake install command with custom implementation using symlinks instead of copying resources
[0.422s] -- Found rclcpp: 16.0.19 (/opt/ros/humble/share/rclcpp/cmake)
[0.451s] -- Found rosidl_generator_c: 3.1.8 (/opt/ros/humble/share/rosidl_generator_c/cmake)
[0.454s] -- Found rosidl_adapter: 3.1.8 (/opt/ros/humble/share/rosidl_adapter/cmake)
[0.460s] -- Found rosidl_generator_cpp: 3.1.8 (/opt/ros/humble/share/rosidl_generator_cpp/cmake)
[0.468s] -- Using all available rosidl_typesupport_c: rosidl_typesupport_fastrtps_c;rosidl_typesupport_introspection_c
[0.479s] -- Using all available rosidl_typesupport_cpp: rosidl_typesupport_fastrtps_cpp;rosidl_typesupport_introspection_cpp
[0.510s] -- Found rmw_implementation_cmake: 6.1.2 (/opt/ros/humble/share/rmw_implementation_cmake/cmake)
[0.511s] -- Found rmw_cyclonedds_cpp: 1.3.4 (/opt/ros/humble/share/rmw_cyclonedds_cpp/cmake)
[0.526s] -- Using RMW implementation 'rmw_cyclonedds_cpp' as default
[0.532s] -- Looking for pthread.h
[0.591s] -- Looking for pthread.h - found
[0.591s] -- Performing Test CMAKE_HAVE_LIBC_PTHREAD
[0.651s] -- Performing Test CMAKE_HAVE_LIBC_PTHREAD - Success
[0.651s] -- Found Threads: TRUE  
[0.685s] -- Found sensor_msgs: 4.9.1 (/opt/ros/humble/share/sensor_msgs/cmake)
[0.705s] -- Found nav_msgs: 4.9.1 (/opt/ros/humble/share/nav_msgs/cmake)
[0.717s] -- Found visualization_msgs: 4.9.1 (/opt/ros/humble/share/visualization_msgs/cmake)
[0.729s] -- Found quadrotor_msgs: 0.0.0 (/home/hyvonne/labpro/ego_planner/install/quadrotor_msgs/share/quadrotor_msgs/cmake)
[0.747s] -- Found tf2: 0.25.20 (/opt/ros/humble/share/tf2/cmake)
[0.754s] -- Found Armadillo: /usr/include (found version "10.8.2") 
[0.754s] -- Found pose_utils: 0.0.0 (/home/hyvonne/labpro/ego_planner/install/pose_utils/share/pose_utils/cmake)
[0.755s] -- Found tf2_ros: 0.25.20 (/opt/ros/humble/share/tf2_ros/cmake)
[0.814s] -- Found ament_lint_auto: 0.12.15 (/opt/ros/humble/share/ament_lint_auto/cmake)
[0.871s] -- Added test 'cppcheck' to perform static code analysis on C / C++ code
[0.872s] -- Configured cppcheck include dirs: /home/hyvonne/labpro/ego_planner/src/uav_simulator/Utils/odom_visualization/include
[0.872s] -- Configured cppcheck exclude dirs and/or files: 
[0.872s] -- Added test 'lint_cmake' to check CMake code style
[0.872s] -- Added test 'uncrustify' to check C / C++ code style
[0.873s] -- Configured uncrustify additional arguments: 
[0.873s] -- Added test 'xmllint' to check XML markup files
[0.874s] -- Configuring done
[0.883s] -- Generating done
[0.885s] -- Build files have been written to: /home/hyvonne/labpro/ego_planner/build/odom_visualization
[0.893s] Invoked command in '/home/hyvonne/labpro/ego_planner/build/odom_visualization' returned '0': AMENT_PREFIX_PATH=/home/hyvonne/labpro/ego_planner/install/quadrotor_msgs:/home/hyvonne/labpro/ego_planner/install/pose_utils:${AMENT_PREFIX_PATH} CMAKE_PREFIX_PATH=/home/hyvonne/labpro/ego_planner/install/quadrotor_msgs:/home/hyvonne/labpro/ego_planner/install/pose_utils:/opt/ros/humble LD_LIBRARY_PATH=/home/hyvonne/labpro/ego_planner/install/quadrotor_msgs/lib:/home/hyvonne/labpro/ego_planner/install/pose_utils/lib:${LD_LIBRARY_PATH} PYTHONPATH=/home/hyvonne/labpro/ego_planner/install/quadrotor_msgs/local/lib/python3.10/dist-packages:${PYTHONPATH} /usr/bin/cmake /home/hyvonne/labpro/ego_planner/src/uav_simulator/Utils/odom_visualization -DAMENT_CMAKE_SYMLINK_INSTALL=1 -DCMAKE_INSTALL_PREFIX=/home/hyvonne/labpro/ego_planner/install/odom_visualization
[0.893s] Invoking command in '/home/hyvonne/labpro/ego_planner/build/odom_visualization': AMENT_PREFIX_PATH=/home/hyvonne/labpro/ego_planner/install/quadrotor_msgs:/home/hyvonne/labpro/ego_planner/install/pose_utils:${AMENT_PREFIX_PATH} CMAKE_PREFIX_PATH=/home/hyvonne/labpro/ego_planner/install/quadrotor_msgs:/home/hyvonne/labpro/ego_planner/install/pose_utils:/opt/ros/humble LD_LIBRARY_PATH=/home/hyvonne/labpro/ego_planner/install/quadrotor_msgs/lib:/home/hyvonne/labpro/ego_planner/install/pose_utils/lib:${LD_LIBRARY_PATH} PYTHONPATH=/home/hyvonne/labpro/ego_planner/install/quadrotor_msgs/local/lib/python3.10/dist-packages:${PYTHONPATH} /usr/bin/cmake --build /home/hyvonne/labpro/ego_planner/build/odom_visualization -- -j20 -l20
[0.936s] [ 50%] [32mBuilding CXX object CMakeFiles/odom_visualization.dir/src/odom_visualization.cpp.o[0m
[21.784s] [100%] [32m[1mLinking CXX executable odom_visualization[0m
[22.088s] [100%] Built target odom_visualization
[22.098s] Invoked command in '/home/hyvonne/labpro/ego_planner/build/odom_visualization' returned '0': AMENT_PREFIX_PATH=/home/hyvonne/labpro/ego_planner/install/quadrotor_msgs:/home/hyvonne/labpro/ego_planner/install/pose_utils:${AMENT_PREFIX_PATH} CMAKE_PREFIX_PATH=/home/hyvonne/labpro/ego_planner/install/quadrotor_msgs:/home/hyvonne/labpro/ego_planner/install/pose_utils:/opt/ros/humble LD_LIBRARY_PATH=/home/hyvonne/labpro/ego_planner/install/quadrotor_msgs/lib:/home/hyvonne/labpro/ego_planner/install/pose_utils/lib:${LD_LIBRARY_PATH} PYTHONPATH=/home/hyvonne/labpro/ego_planner/install/quadrotor_msgs/local/lib/python3.10/dist-packages:${PYTHONPATH} /usr/bin/cmake --build /home/hyvonne/labpro/ego_planner/build/odom_visualization -- -j20 -l20
[22.099s] Invoking command in '/home/hyvonne/labpro/ego_planner/build/odom_visualization': AMENT_PREFIX_PATH=/home/hyvonne/labpro/ego_planner/install/quadrotor_msgs:/home/hyvonne/labpro/ego_planner/install/pose_utils:${AMENT_PREFIX_PATH} CMAKE_PREFIX_PATH=/home/hyvonne/labpro/ego_planner/install/quadrotor_msgs:/home/hyvonne/labpro/ego_planner/install/pose_utils:/opt/ros/humble LD_LIBRARY_PATH=/home/hyvonne/labpro/ego_planner/install/quadrotor_msgs/lib:/home/hyvonne/labpro/ego_planner/install/pose_utils/lib:${LD_LIBRARY_PATH} PYTHONPATH=/home/hyvonne/labpro/ego_planner/install/quadrotor_msgs/local/lib/python3.10/dist-packages:${PYTHONPATH} /usr/bin/cmake --install /home/hyvonne/labpro/ego_planner/build/odom_visualization
[22.104s] -- Install configuration: ""
[22.104s] -- Execute custom install script
[22.105s] -- Symlinking: /home/hyvonne/labpro/ego_planner/install/odom_visualization/share/odom_visualization/meshes/hummingbird.mesh
[22.113s] -- Symlinking: /home/hyvonne/labpro/ego_planner/install/odom_visualization/lib/odom_visualization/odom_visualization
[22.120s] -- Symlinking: /home/hyvonne/labpro/ego_planner/install/odom_visualization/share/ament_index/resource_index/package_run_dependencies/odom_visualization
[22.125s] -- Symlinking: /home/hyvonne/labpro/ego_planner/install/odom_visualization/share/ament_index/resource_index/parent_prefix_path/odom_visualization
[22.133s] -- Symlinking: /home/hyvonne/labpro/ego_planner/install/odom_visualization/share/odom_visualization/environment/ament_prefix_path.sh
[22.138s] -- Symlinking: /home/hyvonne/labpro/ego_planner/install/odom_visualization/share/odom_visualization/environment/ament_prefix_path.dsv
[22.145s] -- Symlinking: /home/hyvonne/labpro/ego_planner/install/odom_visualization/share/odom_visualization/environment/path.sh
[22.153s] -- Symlinking: /home/hyvonne/labpro/ego_planner/install/odom_visualization/share/odom_visualization/environment/path.dsv
[22.159s] -- Symlinking: /home/hyvonne/labpro/ego_planner/install/odom_visualization/share/odom_visualization/local_setup.bash
[22.166s] -- Symlinking: /home/hyvonne/labpro/ego_planner/install/odom_visualization/share/odom_visualization/local_setup.sh
[22.173s] -- Symlinking: /home/hyvonne/labpro/ego_planner/install/odom_visualization/share/odom_visualization/local_setup.zsh
[22.179s] -- Symlinking: /home/hyvonne/labpro/ego_planner/install/odom_visualization/share/odom_visualization/local_setup.dsv
[22.185s] -- Symlinking: /home/hyvonne/labpro/ego_planner/install/odom_visualization/share/odom_visualization/package.dsv
[22.193s] -- Symlinking: /home/hyvonne/labpro/ego_planner/install/odom_visualization/share/ament_index/resource_index/packages/odom_visualization
[22.199s] -- Symlinking: /home/hyvonne/labpro/ego_planner/install/odom_visualization/share/odom_visualization/cmake/odom_visualizationConfig.cmake
[22.205s] -- Symlinking: /home/hyvonne/labpro/ego_planner/install/odom_visualization/share/odom_visualization/cmake/odom_visualizationConfig-version.cmake
[22.213s] -- Symlinking: /home/hyvonne/labpro/ego_planner/install/odom_visualization/share/odom_visualization/package.xml
[22.221s] Invoked command in '/home/hyvonne/labpro/ego_planner/build/odom_visualization' returned '0': AMENT_PREFIX_PATH=/home/hyvonne/labpro/ego_planner/install/quadrotor_msgs:/home/hyvonne/labpro/ego_planner/install/pose_utils:${AMENT_PREFIX_PATH} CMAKE_PREFIX_PATH=/home/hyvonne/labpro/ego_planner/install/quadrotor_msgs:/home/hyvonne/labpro/ego_planner/install/pose_utils:/opt/ros/humble LD_LIBRARY_PATH=/home/hyvonne/labpro/ego_planner/install/quadrotor_msgs/lib:/home/hyvonne/labpro/ego_planner/install/pose_utils/lib:${LD_LIBRARY_PATH} PYTHONPATH=/home/hyvonne/labpro/ego_planner/install/quadrotor_msgs/local/lib/python3.10/dist-packages:${PYTHONPATH} /usr/bin/cmake --install /home/hyvonne/labpro/ego_planner/build/odom_visualization
